  Using        6 parallel tasks.
   |---------------------------Input Geometry-----------------------------------------
   Number of atoms  728
 
    H          3.439887         5.579731        42.451250         0.787328
    H          4.468875         5.411126        47.975390         0.820722
    H          1.926610         1.789154        42.994220         0.820492
    H          4.362726         2.847587        40.547060         0.722831
    H          5.080670         0.905914        46.066960         0.824987
    H          1.005319         4.522382        44.898636         0.825486
    H          2.226942         6.002795        41.222645         0.735924
    H         -0.919475         4.986059        46.742767         0.822889
    H          3.140736         1.366951        44.219030         0.823187
    H          4.791986         4.017508        41.833935         0.780690
    H          3.114469         6.975316        47.364100         0.814025
    H          0.574653         3.351666        43.613770         0.813726
    H          0.938794         1.977172        48.496258         0.820737
    H          0.326081         6.482014        50.402683         0.825107
    H         -0.268713         2.402384        49.729103         0.822963
    H          2.293068         0.412981        49.107548         0.813993
    H          3.480754         5.597762        53.475420         0.820652
    H          4.509747         5.429164        58.999560         0.820735
    H          1.967476         1.807192        54.018390         0.820404
    H          4.403594         2.865619        51.571007         0.825458
    H          5.121537         0.923953        57.091130         0.824937
    H          1.046185         4.540421        55.922806         0.825356
    H          2.267809         6.020826        52.246815         0.823497
    H         -0.878609         5.004097        57.766937         0.822836
    H          3.181602         1.384989        55.242977         0.823293
    H          4.832852         4.035546        52.858105         0.814236
    H          3.155343         6.993348        58.388275         0.814008
    H          0.615519         3.369705        54.637714         0.814149
    H          0.979660         1.995210        59.520428         0.820671
    H          0.366947         6.500053        61.426853         0.825024
    H         -0.227846         2.420415        60.753050         0.822884
    H          2.333934         0.431020        60.131718         0.813941
    H          3.521633         5.615801        64.501600         0.820605
    H          4.550620         5.447203        70.025740         0.820737
    H          2.008348         1.825231        65.044570         0.820396
    H          4.444465         2.883665        62.597187         0.825352
    H          5.162409         0.941992        68.117310         0.824921
    H          1.087064         4.558460        66.948760         0.825344
    H          2.308688         6.038865        63.272774         0.823437
    H         -0.837730         5.022136        68.792890         0.822848
    H          3.222481         1.403028        66.269160         0.823293
    H          4.873731         4.053585        63.884060         0.814193
    H          3.196214         7.011393        69.414230         0.814006
    H          0.656392         3.387744        65.663895         0.814146
    H          1.020532         2.013249        70.546390         0.820732
    H          0.407826         6.518092        72.452810         0.825106
    H         -0.186968         2.438461        71.779230         0.822976
    H          2.374806         0.449059        71.157900         0.813986
    H          3.562499         5.633840        75.525540         0.820641
    H          4.591486         5.465242        81.049690         0.820736
    H          2.049221         1.843270        76.068520         0.820413
    H          4.485332         2.901696        73.621130         0.825471
    H          5.203275         0.960031        79.141260         0.824934
    H          1.127930         4.576498        77.972930         0.825343
    H          2.349554         6.056903        74.296940         0.823501
    H         -0.796864         5.040175        79.817060         0.822832
    H          3.263347         1.421067        77.293330         0.823300
    H          4.914599         4.071617        74.908230         0.814240
    H          3.237081         7.029425        80.438400         0.814007
    H          0.697264         3.405782        76.687840         0.814157
    H          1.061406         2.031280        81.570560         0.820670
    H          0.448692         6.536130        83.476980         0.825028
    H         -0.146100         2.456492        82.803180         0.822887
    H          2.415672         0.467097        82.181850         0.813941
    H          3.603372         5.651878        86.551730         0.820604
    H          4.632365         5.483281        92.075870         0.820741
    H          2.090093         1.861309        87.094696         0.820405
    H          4.526211         2.919735        84.647316         0.825367
    H          5.244154         0.978069        90.167435         0.824923
    H          1.168802         4.594537        88.999115         0.825355
    H          2.390427         6.074942        85.322900         0.823443
    H         -0.755992         5.058213        90.843025         0.822842
    H          3.304219         1.439105        88.319280         0.823291
    H          4.955471         4.089655        85.934410         0.814193
    H          3.277960         7.047464        91.464580         0.814016
    H          0.738137         3.423821        87.714020         0.814148
    H          1.102279         2.049319        92.596730         0.820713
    H          0.489565         6.554169        94.502940         0.825107
    H         -0.105228         2.474531        93.829360         0.822958
    H          2.456552         0.485136        93.208020         0.813982
    H          3.644238         5.669917        97.575900         0.820657
    H          4.673233         5.501312       103.099815         0.820727
    H          2.130959         1.879347        98.118645         0.820406
    H          4.567077         2.937774        95.671486         0.825445
    H          5.285020         0.996108       101.191605         0.824923
    H          1.209670         4.612569       100.023056         0.825342
    H          2.431299         6.092981        96.347070         0.823512
    H         -0.715117         5.076245       101.867195         0.822837
    H          3.345085         1.457144        99.343450         0.823305
    H          4.996344         4.107694        96.958360         0.814233
    H          3.318826         7.065503       102.488525         0.814005
    H          0.779002         3.441860        98.738190         0.814146
    H          1.143145         2.067358       103.620680         0.820676
    H          0.530439         6.572201       105.527110         0.825015
    H         -0.064362         2.492570       104.853530         0.822894
    H          2.497419         0.503168       104.231970         0.813948
    H          3.685116         5.687956       108.601850         0.820600
    H          4.714105         5.519351       114.125990         0.820735
    H          2.171838         1.897386       109.144820         0.820403
    H          4.607950         2.955812       106.697440         0.825365
    H          5.325892         1.014147       112.217560         0.824935
    H          1.250549         4.630607       111.049240         0.825358
    H          2.472172         6.111020       107.373250         0.823428
    H         -0.674247         5.094291       112.893370         0.822836
    H          3.385964         1.475183       110.369410         0.823293
    H          5.037216         4.125733       107.984535         0.814193
    H          3.359699         7.083541       113.514710         0.814008
    H          0.819882         3.459898       109.764150         0.814148
    H          1.184017         2.085397       114.646866         0.820722
    H          0.571311         6.590240       116.553280         0.825120
    H         -0.023483         2.510609       115.879486         0.822955
    H          2.538290         0.521214       115.258150         0.813984
    H          3.725982         5.705995       119.626020         0.820661
    H          4.754971         5.537390       125.150160         0.820742
    H          2.212706         1.915418       120.168990         0.820392
    H          4.648822         2.973851       117.721610         0.825446
    H          5.366766         1.032178       123.241730         0.824919
    H          1.291415         4.648646       122.073410         0.825362
    H          2.513038         6.129058       118.397194         0.823506
    H         -0.633379         5.112322       123.917320         0.822851
    H          3.426832         1.493214       121.393580         0.823295
    H          5.078082         4.143772       119.008705         0.814243
    H          3.400565         7.101580       124.538650         0.814005
    H          0.860749         3.477930       120.788320         0.814154
    H          1.224890         2.103435       125.670810         0.820673
    H          0.612177         6.608278       127.577230         0.825013
    H          0.017383         2.528647       126.903656         0.822903
    H          2.579164         0.539245       126.282320         0.813939
    H          3.766855         5.724033       130.651980         0.820591
    H          4.795850         5.555428       136.176120         0.820736
    H          2.253578         1.933456       131.194950         0.820409
    H          4.689695         2.991890       128.747560         0.825371
    H          5.407638         1.050224       134.267680         0.824933
    H          1.332288         4.666685       133.099370         0.825343
    H          2.553917         6.147097       129.423370         0.823432
    H         -0.592500         5.130361       134.943500         0.822833
    H          3.467704         1.511253       132.419750         0.823299
    H          5.118961         4.161810       130.034670         0.814198
    H          3.441444         7.119619       135.564830         0.814008
    H          0.901620         3.495976       131.814500         0.814147
    H          1.265762         2.121474       136.696990         0.820720
    H          0.653056         6.626316       138.603410         0.825122
    H          0.058255         2.546686       137.929610         0.822958
    H          2.620037         0.557284       137.308270         0.813984
    H          3.807722         5.742065       141.676150         0.820654
    H          4.836716         5.573467       147.200290         0.820745
    H          2.294444         1.951495       142.219120         0.820401
    H          4.730561         3.009929       139.771740         0.825459
    H          5.448505         1.068256       145.291850         0.824921
    H          1.373160         4.684723       144.123540         0.825357
    H          2.594784         6.165129       140.447540         0.823499
    H         -0.551634         5.148400       145.967450         0.822842
    H          3.508577         1.529292       143.443710         0.823291
    H          5.159827         4.179849       141.058840         0.814236
    H          3.482310         7.137658       146.589000         0.814014
    H          0.942487         3.514007       142.838440         0.814149
    H          1.306628         2.139513       147.721160         0.820658
    H          0.693922         6.644355       149.627370         0.825016
    H          0.099121         2.564725       148.953780         0.822889
    H          2.660903         0.575322       148.332440         0.813939
    H          3.848602         5.760104       152.702330         0.820606
    H          4.877588         5.591506       158.226240         0.820727
    H          2.335323         1.969534       153.245070         0.820406
    H          4.771440         3.027967       150.797910         0.825350
    H          5.489384         1.086294       156.318040         0.824920
    H          1.414033         4.702762       155.149490         0.825344
    H          2.635657         6.183167       151.473510         0.823442
    H         -0.510762         5.166439       156.993620         0.822836
    H          3.549449         1.547331       154.469880         0.823305
    H          5.200699         4.197888       152.084800         0.814190
    H          3.523182         7.155696       157.614960         0.814006
    H          0.983367         3.532046       153.864620         0.814145
    H          1.347508         2.157551       158.747120         0.820727
    H          0.734795         6.662394       160.653530         0.825109
    H          0.140000         2.582764       159.979970         0.822965
    H          2.701782         0.593361       159.358400         0.813991
    H          3.889467         5.778143       163.726270         0.820656
    H          4.918454         5.609545       169.250410         0.820739
    H          2.376189         1.987572       164.269240         0.820399
    H          4.812307         3.045999       161.821870         0.825456
    H          5.530250         1.104333       167.341980         0.824934
    H          1.454899         4.720801       166.173660         0.825359
    H          2.676523         6.201206       162.497680         0.823497
    H         -0.469896         5.184477       168.017790         0.822835
    H          3.590315         1.565369       165.493840         0.823294
    H          5.241567         4.215919       163.108960         0.814236
    H          3.564050         7.173728       168.639130         0.814007
    H          1.024232         3.550085       164.888580         0.814149
    H          1.388375         2.175583       169.771290         0.820667
    H          0.775660         6.680433       171.677700         0.825026
    H          0.180868         2.600795       171.003900         0.822885
    H          2.742647         0.611400       170.382570         0.813942
    H          3.930340         5.796181       174.752460         0.820615
    H          4.959333         5.627583       180.276600         0.820934
    H          2.417062         2.005611       175.295430         0.820391
    H          4.853180         3.064037       172.848040         0.825352
    H          5.571123         1.122372       178.368160         0.825069
    H          1.495778         4.738840       177.199840         0.825409
    H          2.717402         6.219245       173.523640         0.823435
    H         -0.429017         5.202516       179.043750         0.822719
    H          3.631188         1.583408       176.520020         0.823347
    H          5.282445         4.233965       174.135150         0.814202
    H          3.604929         7.191766       179.665080         0.813597
    H          1.065105         3.568124       175.914750         0.814164
    H          1.429246         2.193629       180.797240         0.788145
    H          0.816540         6.698472       182.703660         0.723297
    H          0.221740         2.618834       182.030090         0.736493
    H          2.783520         0.629439       181.408750         0.781132
    C          2.511909         5.252589        41.966774         0.847679
    C         -1.201142         5.737978        47.486897         0.870086
    C          2.855050         2.116505        43.474900         0.869699
    C          4.053069         3.279432        41.504177         0.845744
    C          5.396676         0.478504        47.024300         0.868952
    C          1.313988         4.089887        43.941517         0.869053
    C          0.012903         1.650392        48.984978         0.870137
    C          0.010590         6.909794        49.445564         0.868908
    C          2.552775         5.270627        52.990723         0.870284
    C         -1.160274         5.756010        58.510845         0.870077
    C          2.895922         2.134544        54.499070         0.870111
    C          4.093941         3.297470        52.528347         0.869117
    C          5.437549         0.496542        58.048470         0.868931
    C          1.354862         4.107918        54.965460         0.869089
    C          0.053769         1.668430        60.009148         0.870098
    C          0.051458         6.927825        60.469510         0.868885
    C          2.593648         5.288666        64.016900         0.870263
    C         -1.119402         5.774048        69.537025         0.870090
    C          2.936795         2.152583        65.525024         0.870112
    C          4.134813         3.315509        63.554306         0.869076
    C          5.478421         0.514581        69.074425         0.868922
    C          1.395735         4.125957        65.991646         0.869080
    C          0.094648         1.686469        71.035100         0.870141
    C          0.092330         6.945864        71.495690         0.868909
    C          2.634522         5.306698        75.041070         0.870286
    C         -1.078529         5.792087        80.560974         0.870076
    C          2.977661         2.170621        76.549194         0.870120
    C          4.175679         3.333548        74.578476         0.869123
    C          5.519289         0.532613        80.098595         0.868930
    C          1.436601         4.143996        77.015816         0.869081
    C          0.135514         1.704508        82.059270         0.870098
    C          0.133196         6.963903        82.519640         0.868886
    C          2.675394         5.324737        86.067024         0.870266
    C         -1.037657         5.810126        91.587150         0.870085
    C          3.018540         2.188660        87.575380         0.870110
    C          4.216558         3.351587        85.604650         0.869087
    C          5.560168         0.550651        91.124560         0.868922
    C          1.477480         4.162034        88.041770         0.869089
    C          0.176387         1.722546        93.085230         0.870129
    C          0.174075         6.981942        93.545815         0.868907
    C          2.716260         5.342775        97.091200         0.870296
    C         -0.996791         5.828165       102.611320         0.870079
    C          3.059407         2.206691        98.599330         0.870123
    C          4.257424         3.369625        96.628600         0.869109
    C          5.601034         0.568690       102.148730         0.868922
    C          1.518346         4.180073        99.065940         0.869081
    C          0.217259         1.740585       104.109400         0.870105
    C          0.214941         6.999980       104.569984         0.868878
    C          2.757139         5.360814       108.117160         0.870256
    C         -0.955912         5.846203       113.637276         0.870078
    C          3.100280         2.224730       109.625500         0.870109
    C          4.298297         3.387664       107.654785         0.869087
    C          5.641906         0.586729       113.174904         0.868929
    C          1.559218         4.198112       110.091896         0.869089
    C          0.258132         1.758624       115.135580         0.870126
    C          0.255814         7.018019       115.595950         0.868916
    C          2.798005         5.378853       119.141330         0.870292
    C         -0.915046         5.864242       124.661446         0.870090
    C          3.141146         2.242769       120.649450         0.870113
    C          4.339164         3.405695       118.678730         0.869109
    C          5.682772         0.604767       124.198850         0.868921
    C          1.600084         4.216151       121.116066         0.869095
    C          0.298999         1.776655       126.159530         0.870110
    C          0.296680         7.036058       126.620120         0.868879
    C          2.838878         5.396892       130.167510         0.870259
    C         -0.874173         5.882281       135.687410         0.870078
    C          3.182025         2.260808       131.675630         0.870117
    C          4.380044         3.423734       129.704910         0.869092
    C          5.723651         0.622806       135.225040         0.868929
    C          1.640963         4.234190       132.142240         0.869078
    C          0.339877         1.794701       137.185700         0.870127
    C          0.337559         7.054096       137.646070         0.868917
    C          2.879744         5.414930       141.191450         0.870284
    C         -0.833306         5.900312       146.711580         0.870084
    C          3.222891         2.278847       142.699800         0.870110
    C          4.420909         3.441773       140.729080         0.869116
    C          5.764517         0.640845       146.248980         0.868921
    C          1.681831         4.252221       143.166200         0.869090
    C          0.380744         1.812733       148.209660         0.870100
    C          0.378426         7.072128       148.670240         0.868879
    C          2.920623         5.432969       152.217640         0.870268
    C         -0.792427         5.918351       157.737750         0.870081
    C          3.263763         2.296885       153.725750         0.870121
    C          4.461782         3.459812       151.755040         0.869078
    C          5.805390         0.658884       157.275160         0.868920
    C          1.722703         4.270259       154.192370         0.869082
    C          0.421617         1.830772       159.235840         0.870134
    C          0.419297         7.090174       159.696430         0.868910
    C          2.961490         5.451001       163.241580         0.870285
    C         -0.751561         5.936390       168.761700         0.870077
    C          3.304629         2.314924       164.749920         0.870110
    C          4.502648         3.477850       162.779200         0.869115
    C          5.846257         0.676915       168.299330         0.868928
    C          1.763569         4.288298       165.216320         0.869091
    C          0.462482         1.848810       170.260010         0.870098
    C          0.460171         7.108205       170.720370         0.868887
    C          3.002361         5.469047       174.267760         0.870265
    C         -0.710688         5.954429       179.787890         0.869664
    C          3.345508         2.332963       175.775880         0.870118
    C          4.543527         3.495889       173.805160         0.869079
    C          5.887135         0.694961       179.325290         0.868898
    C          1.804448         4.306337       176.242500         0.869112
    C          0.503362         1.866849       181.285960         0.847997
    C          0.501044         7.126244       181.746550         0.845870
    N          2.793632         3.959724        41.351467         0.876262
    N         -1.486505         7.028745        46.867348         0.889847
    N          2.573717         3.409739        44.092216         0.889945
    N          1.427732         5.183515        42.939970         0.895426
    N          3.938683         2.185073        42.503716         0.890639
    N          5.519415         1.577788        48.017586         0.895253
    N          1.867919         3.422736        40.454407         0.890058
    N          0.980957         0.332407        45.966490         0.886517
    N          3.499417         3.946510        44.989277         0.887088
    N          0.248210         5.839998        42.648388         0.893751
    N          1.064614         5.149962        48.158466         0.892860
    N          5.118305         1.528735        42.795296         0.886671
    N          0.298018         0.359552        49.604300         0.889782
    N         -0.111764         5.810871        48.452053         0.895163
    N          4.426127         7.055818        50.503150         0.886474
    N          4.342921         2.238625        48.311398         0.892967
    N          2.834506         3.977756        52.375416         0.889977
    N         -1.445639         7.046784        57.891518         0.889823
    N          2.614585         3.427770        55.116386         0.889952
    N          1.468604         5.201554        53.964138         0.895232
    N          3.979548         2.203111        53.527664         0.895152
    N          5.560289         1.595820        59.041760         0.895245
    N          1.908785         3.440775        51.478577         0.886942
    N          1.021825         0.350439        56.990660         0.886484
    N          3.540285         3.964541        56.013226         0.886973
    N          0.289076         5.858036        53.672558         0.893084
    N          1.105481         5.167993        59.182636         0.892847
    N          5.159178         1.546774        53.819240         0.892933
    N          0.338886         0.377584        60.628470         0.889766
    N         -0.070899         5.828909        59.476223         0.895156
    N          4.466993         7.073856        61.527320         0.886469
    N          4.383787         2.256663        59.335346         0.892967
    N          2.875377         3.995802        63.401592         0.889962
    N         -1.404760         7.064823        68.917700         0.889832
    N          2.655462         3.445816        66.142560         0.889955
    N          1.509477         5.219593        64.990100         0.895232
    N          4.020428         2.221150        64.553840         0.895140
    N          5.601162         1.613858        70.067940         0.895245
    N          1.949657         3.458813        62.504757         0.886941
    N          1.062697         0.368478        68.016620         0.886477
    N          3.581157         3.982580        67.039406         0.886970
    N          0.329955         5.876075        64.698520         0.893085
    N          1.146360         5.186032        70.208595         0.892862
    N          5.200050         1.564812        64.845420         0.892918
    N          0.379765         0.395622        71.654430         0.889791
    N         -0.030026         5.846948        70.502180         0.895166
    N          4.507872         7.091895        72.553500         0.886468
    N          4.424666         2.274702        70.361530         0.892969
    N          2.916244         4.013833        74.425545         0.889982
    N         -1.363894         7.082861        79.941640         0.889822
    N          2.696330         3.463848        77.166510         0.889952
    N          1.550343         5.237631        76.014270         0.895232
    N          4.061294         2.239189        75.577790         0.895157
    N          5.642028         1.631897        81.091880         0.895244
    N          1.990531         3.476845        73.528700         0.886947
    N          1.103570         0.386516        79.040790         0.886482
    N          3.622030         4.000619        78.063354         0.886973
    N          0.370821         5.894113        75.722690         0.893085
    N          1.187226         5.204071        81.232765         0.892846
    N          5.240916         1.582851        75.869590         0.892933
    N          0.420631         0.413661        82.678600         0.889766
    N          0.010841         5.864980        81.526350         0.895156
    N          4.548739         7.109927        83.577446         0.886471
    N          4.465532         2.292741        81.385475         0.892968
    N          2.957123         4.031872        85.451720         0.889965
    N         -1.323022         7.100900        90.967830         0.889822
    N          2.737202         3.481886        88.192696         0.889952
    N          1.591222         5.255670        87.040440         0.895235
    N          4.102166         2.257227        86.603970         0.895143
    N          5.682907         1.649936        92.118065         0.895243
    N          2.031404         3.494884        84.554886         0.886940
    N          1.144442         0.404555        90.066970         0.886483
    N          3.662902         4.018658        89.089530         0.886973
    N          0.411694         5.912152        86.748860         0.893088
    N          1.228098         5.222110        92.258720         0.892859
    N          5.281796         1.600890        86.895546         0.892919
    N          0.461503         0.431700        93.704780         0.889784
    N          0.051721         5.883019        92.552310         0.895164
    N          4.589612         7.127966        94.603630         0.886471
    N          4.506404         2.310780        92.411650         0.892966
    N          2.997989         4.049911        96.475890         0.889986
    N         -1.282156         7.118939       101.991776         0.889825
    N          2.778068         3.499925        99.216644         0.889961
    N          1.632089         5.273702        98.064390         0.895234
    N          4.143032         2.275266        97.628140         0.895152
    N          5.723773         1.667975       103.142235         0.895243
    N          2.072269         3.512923        95.578830         0.886936
    N          1.185308         0.422594       101.090910         0.886479
    N          3.703768         4.036696       100.113700         0.886968
    N          0.452561         5.930184        97.772810         0.893087
    N          1.268964         5.240149       103.282890         0.892846
    N          5.322661         1.618929        97.919716         0.892935
    N          0.502376         0.449739       104.728730         0.889767
    N          0.092586         5.901057       103.576480         0.895155
    N          4.630478         7.146004       105.627570         0.886472
    N          4.547272         2.328811       103.435820         0.892966
    N          3.038862         4.067950       107.501850         0.889962
    N         -1.241276         7.136978       113.017950         0.889822
    N          2.818947         3.517964       110.242820         0.889952
    N          1.672962         5.291740       109.090570         0.895233
    N          4.183911         2.293305       108.654100         0.895142
    N          5.764646         1.686013       114.168190         0.895243
    N          2.113142         3.530961       106.605010         0.886938
    N          1.226187         0.440632       112.117096         0.886482
    N          3.744641         4.054735       111.139656         0.886975
    N          0.493440         5.948223       108.798996         0.893087
    N          1.309843         5.258187       114.309070         0.892861
    N          5.363534         1.636967       108.945680         0.892919
    N          0.543248         0.467777       115.754906         0.889781
    N          0.133459         5.919096       114.602650         0.895165
    N          4.671357         7.164043       116.653755         0.886474
    N          4.588151         2.346850       114.461780         0.892966
    N          3.079728         4.085989       118.526020         0.889977
    N         -1.200409         7.155009       124.042120         0.889832
    N          2.859813         3.536002       121.266990         0.889959
    N          1.713828         5.309779       120.114520         0.895236
    N          4.224779         2.311336       119.678270         0.895149
    N          5.805511         1.704052       125.192360         0.895245
    N          2.154015         3.549000       117.629180         0.886942
    N          1.267053         0.458671       123.141045         0.886475
    N          3.785513         4.072774       122.163826         0.886973
    N          0.534306         5.966261       119.822940         0.893084
    N          1.350711         5.276219       125.333015         0.892849
    N          5.404401         1.654999       119.969850         0.892932
    N          0.584114         0.485816       126.778854         0.889776
    N          0.174325         5.937135       125.626600         0.895158
    N          4.712223         7.182082       127.677925         0.886466
    N          4.629017         2.364888       125.485950         0.892970
    N          3.120607         4.104027       129.551970         0.889969
    N         -1.159538         7.173055       135.068080         0.889822
    N          2.900686         3.554041       132.292950         0.889951
    N          1.754707         5.327818       131.140700         0.895231
    N          4.265651         2.329375       130.704450         0.895145
    N          5.846390         1.722091       136.218320         0.895244
    N          2.194887         3.567038       128.655140         0.886937
    N          1.307926         0.476710       134.167220         0.886480
    N          3.826386         4.090813       133.189790         0.886976
    N          0.575179         5.984300       130.849120         0.893085
    N          1.391582         5.294265       136.359190         0.892860
    N          5.445281         1.673037       130.996030         0.892918
    N          0.624993         0.503855       137.805040         0.889782
    N          0.215204         5.955173       136.652790         0.895165
    N          4.753095         7.200120       138.703870         0.886476
    N          4.669890         2.382927       136.511900         0.892966
    N          3.161474         4.122058       140.576140         0.889977
    N         -1.118671         7.191086       146.092250         0.889822
    N          2.941560         3.572073       143.317120         0.889952
    N          1.795573         5.345857       142.164870         0.895233
    N          4.306524         2.347414       141.728400         0.895150
    N          5.887258         1.740122       147.242500         0.895242
    N          2.235753         3.585077       139.679300         0.886941
    N          1.348793         0.494741       145.191390         0.886482
    N          3.867253         4.108844       144.213960         0.886975
    N          0.616051         6.002339       141.873290         0.893085
    N          1.432449         5.312296       147.383150         0.892845
    N          5.486147         1.691076       142.019970         0.892932
    N          0.665861         0.521886       148.829210         0.889769
    N          0.256070         5.973212       147.676730         0.895156
    N          4.793968         7.218159       149.728060         0.886470
    N          4.710755         2.400966       147.536070         0.892967
    N          3.202345         4.140104       151.602330         0.889971
    N         -1.077792         7.209125       157.118210         0.889826
    N          2.982431         3.590119       154.343080         0.889961
    N          1.836445         5.363895       153.190830         0.895235
    N          4.347396         2.365452       152.754580         0.895142
    N          5.928129         1.758168       158.268660         0.895242
    N          2.276632         3.603116       150.705260         0.886931
    N          1.389671         0.512787       156.217350         0.886477
    N          3.908132         4.126883       155.240140         0.886970
    N          0.656924         6.020378       152.899250         0.893089
    N          1.473329         5.330335       158.409320         0.892860
    N          5.527018         1.709115       153.046160         0.892921
    N          0.706733         0.539925       159.855160         0.889781
    N          0.296942         5.991251       158.702910         0.895165
    N          6.379884         0.003349       160.754010         0.886477
    N          4.751635         2.419005       158.562260         0.892964
    N          3.243212         4.158136       162.626270         0.889976
    N         -1.036926         7.227164       168.142380         0.889822
    N          3.023298         3.608150       165.367250         0.889952
    N          1.877311         5.381934       164.215000         0.895234
    N          4.388262         2.383491       163.778520         0.895150
    N          5.968997         1.776200       169.292620         0.895243
    N          2.317499         3.621148       161.729430         0.886938
    N          1.430538         0.530819       167.241520         0.886480
    N          3.948998         4.144922       166.264080         0.886976
    N          0.697790         6.038416       163.923420         0.893084
    N          1.514194         5.348373       169.433490         0.892847
    N          5.567885         1.727154       164.070100         0.892933
    N          0.747599         0.557964       170.879330         0.889766
    N          0.337816         6.009283       169.727080         0.895157
    N          6.420752         0.021380       171.778180         0.886472
    N          4.792501         2.437043       169.586200         0.892968
    N          3.284092         4.176175       173.652450         0.889963
    N          0.548991         0.012354       179.168550         0.889813
    N          3.064177         3.626189       176.393420         0.889976
    N          1.918190         5.399973       175.241180         0.895242
    N          4.429134         2.401530       174.804700         0.895140
    N          6.009875         1.794238       180.318800         0.895471
    N          2.358370         3.639194       172.755620         0.886937
    N          1.471411         0.548857       178.267470         0.886594
    N          3.989871         4.162960       177.290270         0.887012
    N          0.738669         6.056455       174.949370         0.893087
    N          1.555067         5.366412       180.459440         0.886584
    N          5.608764         1.745192       175.096280         0.892918
    N          0.788478         0.576002       181.905290         0.876218
    N          0.378687         6.027329       180.753040         0.890711
    N          6.461623         0.039426       182.804350         0.889974
    N          4.833373         2.455082       180.612380         0.893647
    O          0.855840         4.096404        40.233376         0.944899
    O          0.448939         6.892963        45.745240         0.919573
    O          4.511441         3.272763        45.208298         0.919990
    O          2.126840         2.310374        40.000070         0.945237
    O          0.718306         1.443055        45.509922         0.916574
    O          3.240700         5.058872        45.445620         0.917565
    O          0.284264         6.772073        41.839962         0.937377
    O          1.022426         4.213872        47.356064         0.925634
    O          5.081993         0.596298        43.601710         0.925287
    O         -0.755564         5.454646        43.273743         0.928559
    O          6.122242         1.914311        42.171726         0.927200
    O          3.335369         1.852897        47.693860         0.927846
    O          4.958130         0.495334        50.724400         0.919542
    O          4.688415         5.945019        50.959717         0.916648
    O          4.385238         3.174787        49.115585         0.925842
    O          2.072132         5.535538        48.775780         0.927819
    O          0.896707         4.114435        51.257324         0.919940
    O          0.489806         6.910995        56.769410         0.919536
    O          4.552307         3.290802        56.232468         0.919910
    O          2.167706         2.328413        51.024017         0.917322
    O          0.759172         1.461093        56.534092         0.916606
    O          3.281566         5.076911        56.469795         0.917472
    O          0.325130         6.790112        52.864132         0.926184
    O          1.063292         4.231911        58.380238         0.925635
    O          5.122867         0.614329        54.625660         0.925997
    O         -0.714696         5.472677        54.297913         0.928518
    O          6.163108         1.932350        53.195896         0.928325
    O          3.376235         1.870936        58.718030         0.927815
    O          4.998996         0.513373        61.748570         0.919551
    O          4.729280         5.963057        61.983887         0.916664
    O          4.426104         3.192826        60.139755         0.925897
    O          2.112998         5.553577        59.799950         0.927822
    O          0.937578         4.132481        62.283504         0.919958
    O          0.530679         6.929033        67.795586         0.919525
    O          4.593179         3.308840        67.258644         0.919911
    O          2.208585         2.346452        62.050198         0.917340
    O          0.800051         1.479132        67.560270         0.916579
    O          3.322439         5.094949        67.495750         0.917454
    O          0.366009         6.808151        63.890312         0.926178
    O          1.104164         4.249950        69.406190         0.925638
    O          5.163738         0.632375        65.651840         0.925990
    O         -0.673824         5.490716        65.324090         0.928541
    O         -0.391773         1.950388        64.222080         0.928326
    O          3.417114         1.888974        69.744210         0.927816
    O          5.039875         0.531412        72.774530         0.919533
    O          4.770153         5.981096        73.009840         0.916626
    O          4.466977         3.210864        71.165930         0.925881
    O          2.153871         5.571616        70.825905         0.927817
    O          0.978446         4.150513        73.307450         0.919944
    O          0.571551         6.947072        78.819534         0.919532
    O          4.634045         3.326879        78.282590         0.919912
    O          2.249452         2.364483        73.074140         0.917322
    O          0.840917         1.497171        78.584220         0.916602
    O          3.363307         5.112980        78.519920         0.917471
    O          0.406875         6.826189        74.914260         0.926183
    O          1.145032         4.267981        80.430370         0.925632
    O          5.204605         0.650407        76.675790         0.925964
    O         -0.632951         5.508755        76.348040         0.928517
    O         -0.350907         1.968427        75.246025         0.928349
    O          3.457980         1.907013        80.768160         0.927815
    O          5.080742         0.549443        83.798700         0.919555
    O          4.811026         5.999135        84.034010         0.916668
    O          4.507844         3.228896        82.189880         0.925901
    O          2.194736         5.589654        81.850075         0.927821
    O          1.019325         4.168551        84.333630         0.919957
    O          0.612424         6.965111        89.845720         0.919537
    O          4.674924         3.344918        89.308780         0.919909
    O          2.290323         2.382529        84.100330         0.917339
    O          0.881790         1.515210        89.610400         0.916603
    O          3.404186         5.131019        89.546100         0.917471
    O          0.447747         6.844228        85.940440         0.926210
    O          1.185909         4.286027        91.456540         0.925606
    O          5.245484         0.668445        87.701965         0.925993
    O         -0.592079         5.526794        87.374220         0.928518
    O         -0.310034         1.986466        86.272200         0.928327
    O          3.498852         1.925052        91.794334         0.927812
    O          5.121615         0.567482        94.824875         0.919542
    O          4.851898         6.017173        95.059975         0.916631
    O          4.548722         3.246942        93.216064         0.925878
    O          2.235616         5.607693        92.876260         0.927842
    O          1.060191         4.186590        95.357800         0.919930
    O          0.653289         6.983149       100.869670         0.919534
    O          4.715792         3.362949       100.332720         0.919902
    O          2.331197         2.400561        95.124500         0.917296
    O          0.922655         1.533248       100.634570         0.916584
    O          3.445051         5.149058       100.570045         0.917447
    O          0.488615         6.862259        96.964386         0.926185
    O          1.226777         4.304059       102.480490         0.925631
    O          5.286350         0.686484        98.726135         0.926000
    O         -0.551213         5.544832        98.398160         0.928520
    O         -0.269168         2.004504        97.296370         0.928323
    O          3.539725         1.943090       102.818280         0.927833
    O          5.162481         0.585521       105.848820         0.919558
    O          4.892766         6.035205       106.084145         0.916669
    O          4.589589         3.264973       104.240005         0.925873
    O          2.276483         5.625724       103.900210         0.927821
    O          1.101063         4.204629       106.383760         0.919952
    O          0.694169         7.001188       111.895840         0.919534
    O          4.756662         3.380995       111.358900         0.919913
    O          2.372070         2.418600       106.150450         0.917336
    O          0.963535         1.551287       111.660520         0.916602
    O          3.485924         5.167097       111.596230         0.917474
    O          0.529492         6.880305       107.990560         0.926204
    O          1.267649         4.322097       113.506670         0.925636
    O          5.327223         0.704523       109.752090         0.925997
    O         -0.510340         5.562871       109.424350         0.928521
    O         -0.228289         2.022543       108.322334         0.928327
    O          3.580597         1.961129       113.844460         0.927814
    O          5.203360         0.603560       116.875010         0.919540
    O          4.933645         6.053244       117.110320         0.916651
    O          4.630462         3.283012       115.266190         0.925879
    O          2.317355         5.643763       114.926384         0.927820
    O          1.141936         4.222667       117.407930         0.919943
    O          0.735034         7.019227       122.920010         0.919523
    O          4.797530         3.399027       122.383070         0.919914
    O          2.412936         2.436638       117.174620         0.917319
    O          1.004402         1.569319       122.684700         0.916575
    O          3.526790         5.185135       122.620170         0.917457
    O          0.570360         6.898337       119.014730         0.926152
    O          1.308515         4.340136       124.530620         0.925631
    O          5.368089         0.722562       120.776260         0.925997
    O         -0.469468         5.580910       120.448520         0.928546
    O         -0.187422         2.040575       119.346504         0.928321
    O          3.621465         1.979161       124.868640         0.927812
    O          5.244226         0.621598       127.898950         0.919547
    O          4.974511         6.071282       128.134260         0.916646
    O          4.671334         3.301051       126.290360         0.925905
    O          2.358228         5.661802       125.950330         0.927824
    O          1.182808         4.240706       128.433880         0.919955
    O          0.775907         7.037265       133.945970         0.919529
    O          4.838409         3.417065       133.409030         0.919917
    O          2.453815         2.454677       128.200800         0.917320
    O          1.045273         1.587364       133.710650         0.916597
    O          3.567669         5.203174       133.646350         0.917475
    O          0.611232         6.916376       130.040700         0.926202
    O          1.349394         4.358175       135.556800         0.925632
    O          5.408968         0.740600       131.802220         0.925966
    O         -0.428595         5.598948       131.474470         0.928518
    O         -0.146549         2.058613       130.372450         0.928349
    O          3.662342         1.997207       135.894590         0.927811
    O          5.285099         0.639637       138.925130         0.919544
    O          5.015383         6.089321       139.160450         0.916654
    O          4.712207         3.319089       137.316310         0.925883
    O          2.399100         5.679841       136.976520         0.927823
    O          1.223674         4.258745       139.458050         0.919939
    O          0.816774         7.055297       144.970140         0.919534
    O          4.879275         3.435104       144.433200         0.919912
    O          2.494681         2.472716       139.224750         0.917318
    O          1.086147         1.605396       144.734820         0.916599
    O          3.608535         5.221213       144.670520         0.917475
    O          0.652098         6.934414       141.064870         0.926181
    O          1.390260         4.376214       146.580960         0.925598
    O          5.449834         0.758639       142.826390         0.925998
    O         -0.387728         5.616980       142.498640         0.928524
    O         -0.105683         2.076652       141.396620         0.928321
    O          3.703210         2.015238       146.918760         0.927807
    O          5.325971         0.657676       149.949300         0.919559
    O          5.056249         6.107360       150.184400         0.916654
    O          4.753073         3.337128       148.340480         0.925904
    O          2.439966         5.697879       148.000690         0.927848
    O          1.264553         4.276783       150.484240         0.919941
    O          0.857652         7.073343       155.996100         0.919531
    O          4.920147         3.453143       155.459150         0.919902
    O          2.535553         2.490755       150.250930         0.917310
    O          1.127020         1.623435       155.761000         0.916579
    O          3.649407         5.239252       155.696490         0.917453
    O          0.692977         6.952453       152.090820         0.926203
    O          1.431133         4.394252       157.606920         0.925629
    O          5.490706         0.776678       153.852570         0.925999
    O         -0.346849         5.635019       153.524600         0.928522
    O         -0.064804         2.094691       152.422800         0.928324
    O          3.744083         2.033277       157.944720         0.927832
    O          5.366844         0.675714       160.975270         0.919548
    O          5.097128         6.125399       161.210570         0.916655
    O          4.793952         3.355167       159.366440         0.925854
    O          2.480846         5.715918       159.026640         0.927821
    O          1.305421         4.294815       161.508180         0.919936
    O          0.898519         7.091374       167.020260         0.919530
    O          4.961020         3.471182       166.483320         0.919916
    O          2.576419         2.508793       161.274870         0.917313
    O          1.167885         1.641473       166.784960         0.916599
    O          3.690281         5.257283       166.720660         0.917477
    O          0.733843         6.970492       163.114990         0.926177
    O          1.471999         4.412291       168.631090         0.925628
    O          5.531574         0.794709       164.876510         0.926004
    O         -0.305983         5.653058       164.548770         0.928524
    O         -0.023938         2.112729       163.446760         0.928320
    O          3.784948         2.051315       168.968890         0.927810
    O          5.407711         0.693746       171.999440         0.919557
    O          5.137994         6.143437       172.234740         0.916671
    O          4.834817         3.373205       170.390610         0.925905
    O          2.521711         5.733957       170.050810         0.927827
    O          1.346293         4.312854       172.534360         0.919952
    O          0.939392         7.109413       178.046450         0.919613
    O          5.001893         3.489220       177.509500         0.919951
    O          2.617298         2.526832       172.301060         0.917333
    O          1.208765         1.659512       177.811130         0.916692
    O          3.731152         5.275329       177.746830         0.917452
    O          0.774716         6.988531       174.141170         0.926164
    O          1.512878         4.430330       179.657040         0.924911
    O          5.572452         0.812748       175.902700         0.925994
    O         -0.265110         5.671096       175.574950         0.928554
    O          0.016934         2.130768       174.472930         0.928323
    O          3.825827         2.069354       179.995070         0.927822
    O          5.448588         0.711792       183.025390         0.944969
    O          5.178866         6.161476       183.260700         0.945218
    O          4.875690         3.391244       181.416800         0.937299
    O          2.562584         5.751996       181.076770         0.926666
   |---------------------------------------------------------------------------
   |--------------------------------MBD@rSCS Settings---------------------------
    Exchange-Correlation functional:   1  (PBE)
    Radius used to construct the supercell in periodic MBD calculations  20.00000 Angstrom
    Radius used to integrate dipole field in periodic MBD calculation 100.00000 Angstrom
    Radius used to integrate dipole field in periodic SCS calculation 120.00000 Angstrom
     Found mbd_scs_vacuum_axis keyword in setting file
     This keyword specifies direction of vacuum region in case of low-dimensional systems
    Default: No vacuum mbd_scs_vacuum_axis .false. .false. .false.
    For example in the case of periodic slab along xy directions the keyword
    mbd_scs_vacuum_axis .false. .false. .true. is needed to specify z as
    vacuum direction in MBD/SCS calculation.
   |---------------------------------------------------------------------------
   | Many-Body Dispersion (MBD@rsSCS) energy
   | Dynamic polarizability of unit cell alpha(iw) (bohr^3)
   | ---------------------------------------------------------------------------
   |  omega(Ha)   alpha_iso      alpha_xx       alpha_yy       alpha_zz
   |   0.000000   0.391775E+04   0.368410E+04   0.370385E+04   0.436528E+04
   |   0.039290   0.390113E+04   0.366733E+04   0.368882E+04   0.434724E+04
   |   0.118358   0.377244E+04   0.353790E+04   0.357240E+04   0.420701E+04
   |   0.198912   0.353525E+04   0.330208E+04   0.335742E+04   0.394625E+04
   |   0.282029   0.322092E+04   0.299531E+04   0.307095E+04   0.359650E+04
   |   0.368919   0.286166E+04   0.265254E+04   0.274050E+04   0.319193E+04
   |   0.461006   0.248473E+04   0.230075E+04   0.238999E+04   0.276345E+04
   |   0.560027   0.211140E+04   0.195827E+04   0.203922E+04   0.233670E+04
   |   0.668179   0.175765E+04   0.163711E+04   0.170408E+04   0.193177E+04
   |   0.788336   0.143474E+04   0.134495E+04   0.139620E+04   0.156307E+04
   |   0.924390   0.114922E+04   0.108594E+04   0.112252E+04   0.123919E+04
   |   1.081790   0.903279E+03   0.861139E+03   0.885600E+03   0.963096E+03
   |   1.268490   0.695671E+03   0.669240E+03   0.684559E+03   0.733215E+03
   |   1.496610   0.523044E+03   0.507518E+03   0.516471E+03   0.545142E+03
   |   1.785630   0.381247E+03   0.372794E+03   0.377636E+03   0.393311E+03
   |   2.169170   0.266254E+03   0.262067E+03   0.264449E+03   0.272244E+03
   |   2.710620   0.174709E+03   0.172888E+03   0.173918E+03   0.177320E+03
   |   3.545730   0.104064E+03   0.103413E+03   0.103780E+03   0.104998E+03
   |   5.027340   0.524950E+02   0.523285E+02   0.524221E+02   0.527343E+02
   |   8.448960   0.187582E+02   0.187368E+02   0.187488E+02   0.187888E+02
   |  25.451700   0.207658E+01   0.207632E+01   0.207646E+01   0.207696E+01
   | ---------------------------------------------------------------------------
   | Unit cell C6 coefficient    :      6915142.19476149    hartree bohr^6
   | ---------------------------------------------------------------------------
   | Partitioned C6 (hartree bohr^6) | alpha (bohr^3)  of atom in unit cell
   | ---------------------------------------------------------------------------
   | ATOM    1  H     2.011754          2.082779
   | ATOM    2  H     2.124796          2.132001
   | ATOM    3  H     2.124720          2.132741
   | ATOM    4  H     1.789773          2.024874
   | ATOM    5  H     2.396175          2.359797
   | ATOM    6  H     2.394977          2.359102
   | ATOM    7  H     1.723250          1.957214
   | ATOM    8  H     2.139831          2.188602
   | ATOM    9  H     2.134727          2.183758
   | ATOM   10  H     1.870027          1.972413
   | ATOM   11  H     2.013531          2.046982
   | ATOM   12  H     2.011144          2.046595
   | ATOM   13  H     2.125698          2.132719
   | ATOM   14  H     2.395692          2.359480
   | ATOM   15  H     2.141309          2.189424
   | ATOM   16  H     2.012859          2.046476
   | ATOM   17  H     2.117884          2.126735
   | ATOM   18  H     2.125213          2.132320
   | ATOM   19  H     2.114125          2.124164
   | ATOM   20  H     2.397480          2.360221
   | ATOM   21  H     2.396365          2.360021
   | ATOM   22  H     2.396694          2.359764
   | ATOM   23  H     2.142086          2.189355
   | ATOM   24  H     2.139058          2.188024
   | ATOM   25  H     2.138516          2.187443
   | ATOM   26  H     2.012177          2.045923
   | ATOM   27  H     2.013407          2.046912
   | ATOM   28  H     2.013277          2.047152
   | ATOM   29  H     2.125549          2.132701
   | ATOM   30  H     2.395906          2.359816
   | ATOM   31  H     2.140265          2.188703
   | ATOM   32  H     2.012262          2.046080
   | ATOM   33  H     2.117739          2.126660
   | ATOM   34  H     2.125219          2.132314
   | ATOM   35  H     2.113841          2.123938
   | ATOM   36  H     2.395868          2.359168
   | ATOM   37  H     2.395487          2.359369
   | ATOM   38  H     2.395611          2.358972
   | ATOM   39  H     2.142358          2.189656
   | ATOM   40  H     2.139767          2.188580
   | ATOM   41  H     2.139079          2.187919
   | ATOM   42  H     2.011995          2.045839
   | ATOM   43  H     2.013471          2.046979
   | ATOM   44  H     2.013473          2.047318
   | ATOM   45  H     2.125743          2.132774
   | ATOM   46  H     2.395752          2.359551
   | ATOM   47  H     2.141333          2.189450
   | ATOM   48  H     2.012660          2.046358
   | ATOM   49  H     2.117533          2.126464
   | ATOM   50  H     2.125243          2.132342
   | ATOM   51  H     2.114048          2.124070
   | ATOM   52  H     2.397582          2.360273
   | ATOM   53  H     2.396324          2.359997
   | ATOM   54  H     2.395726          2.359020
   | ATOM   55  H     2.142667          2.189842
   | ATOM   56  H     2.139055          2.188025
   | ATOM   57  H     2.139243          2.187996
   | ATOM   58  H     2.012250          2.045973
   | ATOM   59  H     2.013393          2.046900
   | ATOM   60  H     2.013593          2.047383
   | ATOM   61  H     2.125520          2.132678
   | ATOM   62  H     2.395943          2.359840
   | ATOM   63  H     2.140299          2.188727
   | ATOM   64  H     2.012259          2.046080
   | ATOM   65  H     2.117676          2.126610
   | ATOM   66  H     2.125183          2.132269
   | ATOM   67  H     2.114168          2.124197
   | ATOM   68  H     2.396812          2.359871
   | ATOM   69  H     2.395468          2.359329
   | ATOM   70  H     2.396665          2.359746
   | ATOM   71  H     2.142507          2.189728
   | ATOM   72  H     2.139650          2.188504
   | ATOM   73  H     2.138477          2.187411
   | ATOM   74  H     2.011882          2.045748
   | ATOM   75  H     2.013705          2.047122
   | ATOM   76  H     2.013267          2.047146
   | ATOM   77  H     2.125385          2.132512
   | ATOM   78  H     2.395587          2.359437
   | ATOM   79  H     2.141163          2.189362
   | ATOM   80  H     2.012730          2.046403
   | ATOM   81  H     2.117932          2.126761
   | ATOM   82  H     2.124900          2.132075
   | ATOM   83  H     2.114163          2.124184
   | ATOM   84  H     2.396626          2.359585
   | ATOM   85  H     2.395368          2.359294
   | ATOM   86  H     2.395791          2.359095
   | ATOM   87  H     2.142789          2.189903
   | ATOM   88  H     2.139631          2.188510
   | ATOM   89  H     2.139150          2.187938
   | ATOM   90  H     2.012268          2.046015
   | ATOM   91  H     2.013562          2.047043
   | ATOM   92  H     2.013365          2.047242
   | ATOM   93  H     2.125502          2.132637
   | ATOM   94  H     2.395051          2.359151
   | ATOM   95  H     2.140901          2.189210
   | ATOM   96  H     2.012559          2.046295
   | ATOM   97  H     2.117709          2.126658
   | ATOM   98  H     2.125213          2.132321
   | ATOM   99  H     2.114134          2.124170
   | ATOM  100  H     2.396824          2.359882
   | ATOM  101  H     2.396378          2.360030
   | ATOM  102  H     2.396667          2.359747
   | ATOM  103  H     2.141812          2.189218
   | ATOM  104  H     2.139055          2.188025
   | ATOM  105  H     2.138493          2.187423
   | ATOM  106  H     2.011889          2.045751
   | ATOM  107  H     2.013395          2.046898
   | ATOM  108  H     2.013258          2.047141
   | ATOM  109  H     2.125670          2.132735
   | ATOM  110  H     2.396553          2.360143
   | ATOM  111  H     2.140590          2.188877
   | ATOM  112  H     2.012544          2.046248
   | ATOM  113  H     2.117884          2.126704
   | ATOM  114  H     2.125301          2.132376
   | ATOM  115  H     2.113784          2.123902
   | ATOM  116  H     2.396567          2.359514
   | ATOM  117  H     2.395496          2.359381
   | ATOM  118  H     2.396729          2.359753
   | ATOM  119  H     2.142720          2.189864
   | ATOM  120  H     2.139768          2.188579
   | ATOM  121  H     2.139082          2.187924
   | ATOM  122  H     2.012502          2.046159
   | ATOM  123  H     2.013459          2.046972
   | ATOM  124  H     2.013394          2.047224
   | ATOM  125  H     2.125570          2.132709
   | ATOM  126  H     2.395064          2.359185
   | ATOM  127  H     2.141009          2.189278
   | ATOM  128  H     2.012354          2.046173
   | ATOM  129  H     2.117382          2.126404
   | ATOM  130  H     2.125185          2.132297
   | ATOM  131  H     2.114161          2.124171
   | ATOM  132  H     2.396925          2.359917
   | ATOM  133  H     2.396420          2.360067
   | ATOM  134  H     2.395761          2.359073
   | ATOM  135  H     2.142390          2.189707
   | ATOM  136  H     2.139093          2.188056
   | ATOM  137  H     2.139061          2.187882
   | ATOM  138  H     2.012041          2.045849
   | ATOM  139  H     2.013369          2.046878
   | ATOM  140  H     2.013342          2.047211
   | ATOM  141  H     2.125660          2.132728
   | ATOM  142  H     2.396616          2.360190
   | ATOM  143  H     2.140614          2.188894
   | ATOM  144  H     2.012530          2.046238
   | ATOM  145  H     2.117898          2.126743
   | ATOM  146  H     2.125225          2.132297
   | ATOM  147  H     2.114122          2.124163
   | ATOM  148  H     2.397471          2.360213
   | ATOM  149  H     2.395479          2.359341
   | ATOM  150  H     2.396640          2.359722
   | ATOM  151  H     2.142089          2.189356
   | ATOM  152  H     2.139655          2.188507
   | ATOM  153  H     2.138511          2.187441
   | ATOM  154  H     2.012210          2.045950
   | ATOM  155  H     2.013699          2.047121
   | ATOM  156  H     2.013288          2.047158
   | ATOM  157  H     2.125175          2.132414
   | ATOM  158  H     2.394954          2.359112
   | ATOM  159  H     2.140856          2.189200
   | ATOM  160  H     2.012452          2.046238
   | ATOM  161  H     2.117754          2.126680
   | ATOM  162  H     2.124887          2.132063
   | ATOM  163  H     2.114176          2.124195
   | ATOM  164  H     2.396019          2.359283
   | ATOM  165  H     2.395306          2.359249
   | ATOM  166  H     2.395818          2.359116
   | ATOM  167  H     2.142466          2.189729
   | ATOM  168  H     2.139624          2.188509
   | ATOM  169  H     2.139186          2.187966
   | ATOM  170  H     2.011998          2.045858
   | ATOM  171  H     2.013578          2.047053
   | ATOM  172  H     2.013342          2.047226
   | ATOM  173  H     2.125688          2.132722
   | ATOM  174  H     2.395616          2.359418
   | ATOM  175  H     2.141231          2.189387
   | ATOM  176  H     2.012880          2.046492
   | ATOM  177  H     2.117899          2.126741
   | ATOM  178  H     2.125254          2.132347
   | ATOM  179  H     2.114087          2.124138
   | ATOM  180  H     2.397426          2.360183
   | ATOM  181  H     2.396399          2.360051
   | ATOM  182  H     2.396662          2.359739
   | ATOM  183  H     2.142075          2.189347
   | ATOM  184  H     2.139056          2.188023
   | ATOM  185  H     2.138557          2.187474
   | ATOM  186  H     2.012177          2.045924
   | ATOM  187  H     2.013387          2.046895
   | ATOM  188  H     2.013255          2.047135
   | ATOM  189  H     2.125524          2.132686
   | ATOM  190  H     2.395857          2.359778
   | ATOM  191  H     2.140233          2.188676
   | ATOM  192  H     2.012272          2.046088
   | ATOM  193  H     2.117704          2.126616
   | ATOM  194  H     2.136740          2.141489
   | ATOM  195  H     2.113726          2.123860
   | ATOM  196  H     2.395914          2.359179
   | ATOM  197  H     2.394595          2.359271
   | ATOM  198  H     2.396482          2.359526
   | ATOM  199  H     2.142451          2.189704
   | ATOM  200  H     2.135258          2.184352
   | ATOM  201  H     2.139299          2.188022
   | ATOM  202  H     2.012267          2.046029
   | ATOM  203  H     2.011184          2.046230
   | ATOM  204  H     2.013418          2.047242
   | ATOM  205  H     2.021842          2.089873
   | ATOM  206  H     1.791819          2.026154
   | ATOM  207  H     1.725047          1.958099
   | ATOM  208  H     1.874941          1.975689
   | ATOM  209  C    37.575247         10.513276
   | ATOM  210  C    39.284390         10.718123
   | ATOM  211  C    39.172738         10.700821
   | ATOM  212  C    38.640284         10.750640
   | ATOM  213  C    41.694184         11.176307
   | ATOM  214  C    41.560612         11.151624
   | ATOM  215  C    39.277225         10.717700
   | ATOM  216  C    41.691051         11.176018
   | ATOM  217  C    39.257001         10.713668
   | ATOM  218  C    39.284431         10.718277
   | ATOM  219  C    39.235376         10.709795
   | ATOM  220  C    41.676986         11.172914
   | ATOM  221  C    41.692367         11.176046
   | ATOM  222  C    41.659764         11.170029
   | ATOM  223  C    39.274329         10.717288
   | ATOM  224  C    41.686300         11.175210
   | ATOM  225  C    39.258239         10.713869
   | ATOM  226  C    39.287394         10.718624
   | ATOM  227  C    39.235023         10.709653
   | ATOM  228  C    41.669667         11.171878
   | ATOM  229  C    41.690410         11.175807
   | ATOM  230  C    41.656616         11.169589
   | ATOM  231  C    39.278931         10.717828
   | ATOM  232  C    41.689815         11.175768
   | ATOM  233  C    39.257209         10.713615
   | ATOM  234  C    39.284488         10.718286
   | ATOM  235  C    39.236373         10.709978
   | ATOM  236  C    41.678324         11.173106
   | ATOM  237  C    41.692350         11.176046
   | ATOM  238  C    41.658734         11.169971
   | ATOM  239  C    39.274264         10.717283
   | ATOM  240  C    41.686157         11.175187
   | ATOM  241  C    39.257238         10.713788
   | ATOM  242  C    39.287248         10.718647
   | ATOM  243  C    39.235176         10.709774
   | ATOM  244  C    41.670988         11.172009
   | ATOM  245  C    41.692269         11.176146
   | ATOM  246  C    41.659506         11.169982
   | ATOM  247  C    39.276007         10.717395
   | ATOM  248  C    41.689129         11.175682
   | ATOM  249  C    39.259939         10.714014
   | ATOM  250  C    39.284344         10.718172
   | ATOM  251  C    39.237933         10.710087
   | ATOM  252  C    41.674575         11.172587
   | ATOM  253  C    41.689466         11.175660
   | ATOM  254  C    41.657474         11.169718
   | ATOM  255  C    39.276910         10.717631
   | ATOM  256  C    41.685823         11.175233
   | ATOM  257  C    39.255461         10.713487
   | ATOM  258  C    39.284729         10.718311
   | ATOM  259  C    39.234927         10.709733
   | ATOM  260  C    41.671167         11.172040
   | ATOM  261  C    41.692646         11.176106
   | ATOM  262  C    41.659213         11.169930
   | ATOM  263  C    39.276054         10.717501
   | ATOM  264  C    41.692002         11.176072
   | ATOM  265  C    39.260024         10.714077
   | ATOM  266  C    39.287322         10.718606
   | ATOM  267  C    39.235037         10.709653
   | ATOM  268  C    41.676356         11.172927
   | ATOM  269  C    41.689768         11.175697
   | ATOM  270  C    41.659820         11.170123
   | ATOM  271  C    39.277073         10.717608
   | ATOM  272  C    41.684046         11.174906
   | ATOM  273  C    39.255450         10.713393
   | ATOM  274  C    39.284561         10.718294
   | ATOM  275  C    39.238051         10.710170
   | ATOM  276  C    41.671241         11.172140
   | ATOM  277  C    41.692603         11.176102
   | ATOM  278  C    41.657979         11.169815
   | ATOM  279  C    39.276028         10.717494
   | ATOM  280  C    41.692079         11.176072
   | ATOM  281  C    39.257024         10.713672
   | ATOM  282  C    39.287195         10.718639
   | ATOM  283  C    39.235317         10.709789
   | ATOM  284  C    41.676773         11.172884
   | ATOM  285  C    41.691685         11.176053
   | ATOM  286  C    41.659924         11.170059
   | ATOM  287  C    39.274235         10.717182
   | ATOM  288  C    41.683767         11.174878
   | ATOM  289  C    39.258027         10.713774
   | ATOM  290  C    39.284643         10.718206
   | ATOM  291  C    39.237461         10.710016
   | ATOM  292  C    41.668733         11.171714
   | ATOM  293  C    41.689689         11.175708
   | ATOM  294  C    41.657045         11.169635
   | ATOM  295  C    39.278729         10.717859
   | ATOM  296  C    41.691771         11.176128
   | ATOM  297  C    39.257163         10.713690
   | ATOM  298  C    39.284483         10.718282
   | ATOM  299  C    39.235157         10.709764
   | ATOM  300  C    41.676727         11.172883
   | ATOM  301  C    41.692088         11.176012
   | ATOM  302  C    41.659718         11.170016
   | ATOM  303  C    39.274245         10.717277
   | ATOM  304  C    41.686296         11.175205
   | ATOM  305  C    39.256170         10.713622
   | ATOM  306  C    39.220705         10.709093
   | ATOM  307  C    39.234764         10.709563
   | ATOM  308  C    41.670255         11.171997
   | ATOM  309  C    41.598216         11.158646
   | ATOM  310  C    41.661156         11.170195
   | ATOM  311  C    37.616800         10.519525
   | ATOM  312  C    38.681966         10.757155
   | ATOM  313  N    18.432377          6.132970
   | ATOM  314  N    18.913701          6.205057
   | ATOM  315  N    18.983320          6.224846
   | ATOM  316  N    20.907144          6.812028
   | ATOM  317  N    20.920594          6.837811
   | ATOM  318  N    21.145408          6.874816
   | ATOM  319  N    21.019168          6.703245
   | ATOM  320  N    20.663101          6.645189
   | ATOM  321  N    20.711147          6.653337
   | ATOM  322  N    21.085464          6.648262
   | ATOM  323  N    20.972908          6.630424
   | ATOM  324  N    20.918394          6.639182
   | ATOM  325  N    18.911576          6.204360
   | ATOM  326  N    21.154797          6.876485
   | ATOM  327  N    20.665107          6.645243
   | ATOM  328  N    20.976556          6.631274
   | ATOM  329  N    18.913948          6.203840
   | ATOM  330  N    18.912527          6.204752
   | ATOM  331  N    18.911526          6.204294
   | ATOM  332  N    21.165137          6.880142
   | ATOM  333  N    21.177562          6.881954
   | ATOM  334  N    21.144733          6.874683
   | ATOM  335  N    20.700614          6.652702
   | ATOM  336  N    20.662833          6.645289
   | ATOM  337  N    20.703319          6.653137
   | ATOM  338  N    20.995696          6.635265
   | ATOM  339  N    20.972492          6.630371
   | ATOM  340  N    20.983331          6.632415
   | ATOM  341  N    18.912426          6.204682
   | ATOM  342  N    21.154539          6.876466
   | ATOM  343  N    20.666532          6.645545
   | ATOM  344  N    20.977354          6.631461
   | ATOM  345  N    18.913115          6.203671
   | ATOM  346  N    18.910846          6.204354
   | ATOM  347  N    18.911609          6.204456
   | ATOM  348  N    21.163911          6.879837
   | ATOM  349  N    21.177410          6.881949
   | ATOM  350  N    21.145388          6.874843
   | ATOM  351  N    20.700509          6.652668
   | ATOM  352  N    20.660625          6.644828
   | ATOM  353  N    20.702792          6.652994
   | ATOM  354  N    20.995553          6.635185
   | ATOM  355  N    20.972843          6.630382
   | ATOM  356  N    20.983697          6.632531
   | ATOM  357  N    18.911124          6.204330
   | ATOM  358  N    21.154715          6.876455
   | ATOM  359  N    20.663653          6.644938
   | ATOM  360  N    20.977776          6.631547
   | ATOM  361  N    18.914295          6.204014
   | ATOM  362  N    18.912632          6.204780
   | ATOM  363  N    18.910472          6.203995
   | ATOM  364  N    21.165034          6.880114
   | ATOM  365  N    21.177507          6.881914
   | ATOM  366  N    21.144755          6.874692
   | ATOM  367  N    20.700968          6.652749
   | ATOM  368  N    20.662820          6.645293
   | ATOM  369  N    20.702562          6.652975
   | ATOM  370  N    20.996093          6.635331
   | ATOM  371  N    20.972486          6.630371
   | ATOM  372  N    20.982695          6.632254
   | ATOM  373  N    18.912434          6.204683
   | ATOM  374  N    21.154565          6.876472
   | ATOM  375  N    20.666469          6.645521
   | ATOM  376  N    20.977303          6.631442
   | ATOM  377  N    18.913322          6.203710
   | ATOM  378  N    18.911765          6.204521
   | ATOM  379  N    18.911742          6.204359
   | ATOM  380  N    21.164413          6.879917
   | ATOM  381  N    21.177118          6.881898
   | ATOM  382  N    21.145391          6.874847
   | ATOM  383  N    20.701325          6.652835
   | ATOM  384  N    20.661837          6.645080
   | ATOM  385  N    20.703314          6.653133
   | ATOM  386  N    20.995729          6.635222
   | ATOM  387  N    20.972385          6.630284
   | ATOM  388  N    20.983370          6.632467
   | ATOM  389  N    18.912691          6.204831
   | ATOM  390  N    21.154572          6.876437
   | ATOM  391  N    20.665204          6.645229
   | ATOM  392  N    20.977770          6.631559
   | ATOM  393  N    18.912324          6.203461
   | ATOM  394  N    18.912555          6.204891
   | ATOM  395  N    18.909918          6.203927
   | ATOM  396  N    21.164966          6.880087
   | ATOM  397  N    21.177238          6.881871
   | ATOM  398  N    21.144332          6.874594
   | ATOM  399  N    20.698408          6.652238
   | ATOM  400  N    20.662153          6.645119
   | ATOM  401  N    20.701126          6.652670
   | ATOM  402  N    20.996077          6.635323
   | ATOM  403  N    20.972924          6.630450
   | ATOM  404  N    20.983700          6.632474
   | ATOM  405  N    18.911779          6.204488
   | ATOM  406  N    21.154421          6.876431
   | ATOM  407  N    20.665681          6.645352
   | ATOM  408  N    20.977180          6.631395
   | ATOM  409  N    18.913716          6.203832
   | ATOM  410  N    18.912529          6.204743
   | ATOM  411  N    18.911607          6.204330
   | ATOM  412  N    21.164378          6.879941
   | ATOM  413  N    21.177109          6.881889
   | ATOM  414  N    21.145518          6.874889
   | ATOM  415  N    20.701355          6.652860
   | ATOM  416  N    20.662803          6.645291
   | ATOM  417  N    20.703380          6.653140
   | ATOM  418  N    20.995812          6.635267
   | ATOM  419  N    20.972505          6.630330
   | ATOM  420  N    20.983369          6.632464
   | ATOM  421  N    18.912720          6.204700
   | ATOM  422  N    21.154980          6.876531
   | ATOM  423  N    20.665829          6.645396
   | ATOM  424  N    20.977398          6.631491
   | ATOM  425  N    18.913281          6.203647
   | ATOM  426  N    18.911007          6.204400
   | ATOM  427  N    18.911172          6.204309
   | ATOM  428  N    21.164867          6.880026
   | ATOM  429  N    21.177393          6.881910
   | ATOM  430  N    21.144460          6.874616
   | ATOM  431  N    20.699683          6.652501
   | ATOM  432  N    20.660533          6.644812
   | ATOM  433  N    20.702736          6.652947
   | ATOM  434  N    20.995659          6.635221
   | ATOM  435  N    20.972899          6.630440
   | ATOM  436  N    20.983702          6.632476
   | ATOM  437  N    18.910812          6.204297
   | ATOM  438  N    21.154296          6.876400
   | ATOM  439  N    20.664391          6.645087
   | ATOM  440  N    20.977786          6.631526
   | ATOM  441  N    18.913384          6.203846
   | ATOM  442  N    18.912483          6.204735
   | ATOM  443  N    18.911067          6.204187
   | ATOM  444  N    21.164673          6.879996
   | ATOM  445  N    21.176696          6.881740
   | ATOM  446  N    21.145535          6.874885
   | ATOM  447  N    20.700836          6.652691
   | ATOM  448  N    20.662746          6.645284
   | ATOM  449  N    20.702491          6.652945
   | ATOM  450  N    20.995986          6.635294
   | ATOM  451  N    20.972539          6.630339
   | ATOM  452  N    20.983224          6.632402
   | ATOM  453  N    18.912808          6.204724
   | ATOM  454  N    21.154962          6.876520
   | ATOM  455  N    20.665962          6.645417
   | ATOM  456  N    20.977364          6.631479
   | ATOM  457  N    18.913931          6.203839
   | ATOM  458  N    18.911853          6.204558
   | ATOM  459  N    18.911572          6.204308
   | ATOM  460  N    21.165224          6.880162
   | ATOM  461  N    21.177503          6.881945
   | ATOM  462  N    21.144535          6.874635
   | ATOM  463  N    20.700593          6.652701
   | ATOM  464  N    20.661795          6.645073
   | ATOM  465  N    20.703378          6.653142
   | ATOM  466  N    20.995705          6.635261
   | ATOM  467  N    20.972414          6.630338
   | ATOM  468  N    20.983349          6.632417
   | ATOM  469  N    18.912476          6.204826
   | ATOM  470  N    21.154198          6.876378
   | ATOM  471  N    20.666047          6.645397
   | ATOM  472  N    20.977698          6.631514
   | ATOM  473  N    18.912009          6.203439
   | ATOM  474  N    18.912518          6.204879
   | ATOM  475  N    18.910036          6.203970
   | ATOM  476  N    21.164176          6.879882
   | ATOM  477  N    21.176781          6.881799
   | ATOM  478  N    21.145120          6.874805
   | ATOM  479  N    20.699038          6.652370
   | ATOM  480  N    20.662054          6.645105
   | ATOM  481  N    20.701230          6.652683
   | ATOM  482  N    20.996098          6.635301
   | ATOM  483  N    20.972833          6.630388
   | ATOM  484  N    20.983774          6.632532
   | ATOM  485  N    18.912016          6.204484
   | ATOM  486  N    21.154829          6.876491
   | ATOM  487  N    20.664991          6.645207
   | ATOM  488  N    20.977203          6.631424
   | ATOM  489  N    18.914050          6.203863
   | ATOM  490  N    18.912499          6.204741
   | ATOM  491  N    18.911636          6.204329
   | ATOM  492  N    21.165282          6.880174
   | ATOM  493  N    21.177471          6.881939
   | ATOM  494  N    21.144661          6.874677
   | ATOM  495  N    20.700511          6.652691
   | ATOM  496  N    20.662680          6.645267
   | ATOM  497  N    20.703480          6.653158
   | ATOM  498  N    20.995732          6.635271
   | ATOM  499  N    20.972505          6.630374
   | ATOM  500  N    20.983363          6.632416
   | ATOM  501  N    18.912520          6.204705
   | ATOM  502  N    21.154624          6.876486
   | ATOM  503  N    20.666578          6.645545
   | ATOM  504  N    20.977385          6.631463
   | ATOM  505  N    18.912580          6.203499
   | ATOM  506  N    18.982651          6.224876
   | ATOM  507  N    18.912795          6.204641
   | ATOM  508  N    21.164259          6.879868
   | ATOM  509  N    21.176859          6.881830
   | ATOM  510  N    20.897506          6.809111
   | ATOM  511  N    20.700590          6.652695
   | ATOM  512  N    20.670327          6.645424
   | ATOM  513  N    20.703912          6.653089
   | ATOM  514  N    20.994835          6.635021
   | ATOM  515  N    20.905936          6.636739
   | ATOM  516  N    20.983678          6.632543
   | ATOM  517  N    18.425354          6.131580
   | ATOM  518  N    20.904104          6.833596
   | ATOM  519  N    21.000911          6.698420
   | ATOM  520  N    21.070596          6.645247
   | ATOM  521  O    13.089388          4.680985
   | ATOM  522  O    12.250470          4.514955
   | ATOM  523  O    12.259389          4.515751
   | ATOM  524  O    13.303616          4.736712
   | ATOM  525  O    12.124263          4.474901
   | ATOM  526  O    12.170774          4.486642
   | ATOM  527  O    13.108153          4.713977
   | ATOM  528  O    12.739902          4.644292
   | ATOM  529  O    12.741039          4.643733
   | ATOM  530  O    13.058913          4.749039
   | ATOM  531  O    13.219055          4.800103
   | ATOM  532  O    13.083675          4.758877
   | ATOM  533  O    12.250516          4.515030
   | ATOM  534  O    12.128938          4.476555
   | ATOM  535  O    12.754251          4.648190
   | ATOM  536  O    13.084939          4.759352
   | ATOM  537  O    12.261001          4.516969
   | ATOM  538  O    12.250389          4.514927
   | ATOM  539  O    12.256131          4.515455
   | ATOM  540  O    12.153438          4.481818
   | ATOM  541  O    12.129094          4.476551
   | ATOM  542  O    12.165595          4.485309
   | ATOM  543  O    12.763200          4.649166
   | ATOM  544  O    12.741009          4.644628
   | ATOM  545  O    12.749905          4.645755
   | ATOM  546  O    13.080163          4.755200
   | ATOM  547  O    13.070359          4.752670
   | ATOM  548  O    13.082580          4.758613
   | ATOM  549  O    12.251711          4.515376
   | ATOM  550  O    12.130324          4.476923
   | ATOM  551  O    12.755913          4.648559
   | ATOM  552  O    13.085185          4.759432
   | ATOM  553  O    12.262147          4.517263
   | ATOM  554  O    12.250030          4.514807
   | ATOM  555  O    12.256719          4.515604
   | ATOM  556  O    12.154931          4.482222
   | ATOM  557  O    12.128263          4.476315
   | ATOM  558  O    12.164635          4.485040
   | ATOM  559  O    12.761786          4.648707
   | ATOM  560  O    12.740551          4.644481
   | ATOM  561  O    12.749356          4.645600
   | ATOM  562  O    13.081753          4.755621
   | ATOM  563  O    13.071342          4.752953
   | ATOM  564  O    13.082921          4.758708
   | ATOM  565  O    12.250166          4.514903
   | ATOM  566  O    12.128233          4.476332
   | ATOM  567  O    12.755375          4.648466
   | ATOM  568  O    13.084862          4.759345
   | ATOM  569  O    12.261279          4.517034
   | ATOM  570  O    12.250365          4.514936
   | ATOM  571  O    12.256162          4.515452
   | ATOM  572  O    12.153400          4.481803
   | ATOM  573  O    12.128963          4.476527
   | ATOM  574  O    12.165512          4.485291
   | ATOM  575  O    12.762816          4.649056
   | ATOM  576  O    12.740896          4.644601
   | ATOM  577  O    12.748594          4.645402
   | ATOM  578  O    13.080520          4.755300
   | ATOM  579  O    13.071482          4.752970
   | ATOM  580  O    13.082545          4.758606
   | ATOM  581  O    12.251792          4.515390
   | ATOM  582  O    12.130370          4.476923
   | ATOM  583  O    12.756026          4.648583
   | ATOM  584  O    13.085168          4.759425
   | ATOM  585  O    12.262279          4.517304
   | ATOM  586  O    12.250242          4.514880
   | ATOM  587  O    12.256207          4.515484
   | ATOM  588  O    12.154856          4.482197
   | ATOM  589  O    12.128996          4.476539
   | ATOM  590  O    12.165495          4.485283
   | ATOM  591  O    12.763633          4.649196
   | ATOM  592  O    12.739083          4.644101
   | ATOM  593  O    12.749899          4.645753
   | ATOM  594  O    13.080255          4.755232
   | ATOM  595  O    13.070960          4.752839
   | ATOM  596  O    13.082888          4.758703
   | ATOM  597  O    12.251075          4.515177
   | ATOM  598  O    12.128031          4.476287
   | ATOM  599  O    12.755203          4.648424
   | ATOM  600  O    13.086282          4.759722
   | ATOM  601  O    12.260669          4.516845
   | ATOM  602  O    12.250871          4.515055
   | ATOM  603  O    12.255926          4.515367
   | ATOM  604  O    12.152670          4.481593
   | ATOM  605  O    12.128033          4.476260
   | ATOM  606  O    12.164774          4.485067
   | ATOM  607  O    12.762784          4.649037
   | ATOM  608  O    12.740511          4.644490
   | ATOM  609  O    12.749543          4.645631
   | ATOM  610  O    13.080576          4.755314
   | ATOM  611  O    13.070678          4.752768
   | ATOM  612  O    13.084144          4.759043
   | ATOM  613  O    12.251651          4.515331
   | ATOM  614  O    12.130482          4.476967
   | ATOM  615  O    12.754231          4.648089
   | ATOM  616  O    13.085588          4.759544
   | ATOM  617  O    12.262205          4.517305
   | ATOM  618  O    12.250302          4.514913
   | ATOM  619  O    12.256211          4.515469
   | ATOM  620  O    12.154824          4.482195
   | ATOM  621  O    12.129013          4.476539
   | ATOM  622  O    12.165650          4.485318
   | ATOM  623  O    12.763572          4.649205
   | ATOM  624  O    12.740947          4.644614
   | ATOM  625  O    12.749972          4.645768
   | ATOM  626  O    13.080272          4.755229
   | ATOM  627  O    13.070982          4.752849
   | ATOM  628  O    13.082498          4.758592
   | ATOM  629  O    12.250573          4.515058
   | ATOM  630  O    12.129014          4.476562
   | ATOM  631  O    12.755660          4.648555
   | ATOM  632  O    13.084607          4.759266
   | ATOM  633  O    12.260856          4.516912
   | ATOM  634  O    12.249951          4.514786
   | ATOM  635  O    12.256823          4.515629
   | ATOM  636  O    12.153430          4.481829
   | ATOM  637  O    12.128132          4.476284
   | ATOM  638  O    12.164684          4.485031
   | ATOM  639  O    12.761317          4.648662
   | ATOM  640  O    12.740543          4.644501
   | ATOM  641  O    12.749423          4.645603
   | ATOM  642  O    13.081990          4.755676
   | ATOM  643  O    13.070709          4.752780
   | ATOM  644  O    13.082844          4.758701
   | ATOM  645  O    12.251428          4.515248
   | ATOM  646  O    12.129717          4.476724
   | ATOM  647  O    12.755867          4.648525
   | ATOM  648  O    13.085678          4.759564
   | ATOM  649  O    12.262796          4.517452
   | ATOM  650  O    12.250286          4.514923
   | ATOM  651  O    12.256206          4.515452
   | ATOM  652  O    12.153912          4.481927
   | ATOM  653  O    12.128828          4.476495
   | ATOM  654  O    12.165605          4.485306
   | ATOM  655  O    12.763000          4.649037
   | ATOM  656  O    12.740810          4.644580
   | ATOM  657  O    12.748080          4.645249
   | ATOM  658  O    13.080569          4.755320
   | ATOM  659  O    13.072509          4.753241
   | ATOM  660  O    13.082398          4.758568
   | ATOM  661  O    12.250583          4.515047
   | ATOM  662  O    12.129148          4.476595
   | ATOM  663  O    12.755782          4.648582
   | ATOM  664  O    13.084668          4.759280
   | ATOM  665  O    12.260963          4.516957
   | ATOM  666  O    12.250164          4.514864
   | ATOM  667  O    12.256260          4.515490
   | ATOM  668  O    12.153389          4.481808
   | ATOM  669  O    12.128927          4.476530
   | ATOM  670  O    12.165649          4.485312
   | ATOM  671  O    12.763125          4.649157
   | ATOM  672  O    12.738988          4.644092
   | ATOM  673  O    12.749906          4.645743
   | ATOM  674  O    13.080346          4.755239
   | ATOM  675  O    13.070280          4.752659
   | ATOM  676  O    13.082758          4.758681
   | ATOM  677  O    12.252362          4.515521
   | ATOM  678  O    12.129581          4.476693
   | ATOM  679  O    12.755691          4.648474
   | ATOM  680  O    13.086998          4.759910
   | ATOM  681  O    12.261778          4.517155
   | ATOM  682  O    12.250784          4.515043
   | ATOM  683  O    12.255881          4.515344
   | ATOM  684  O    12.154028          4.481966
   | ATOM  685  O    12.127889          4.476233
   | ATOM  686  O    12.165004          4.485121
   | ATOM  687  O    12.763107          4.649063
   | ATOM  688  O    12.740306          4.644437
   | ATOM  689  O    12.749566          4.645630
   | ATOM  690  O    13.080686          4.755340
   | ATOM  691  O    13.071334          4.752959
   | ATOM  692  O    13.084083          4.759031
   | ATOM  693  O    12.250557          4.515022
   | ATOM  694  O    12.129109          4.476585
   | ATOM  695  O    12.753969          4.648079
   | ATOM  696  O    13.085103          4.759401
   | ATOM  697  O    12.260919          4.516960
   | ATOM  698  O    12.250250          4.514906
   | ATOM  699  O    12.256279          4.515481
   | ATOM  700  O    12.153210          4.481771
   | ATOM  701  O    12.128894          4.476512
   | ATOM  702  O    12.165734          4.485333
   | ATOM  703  O    12.763038          4.649140
   | ATOM  704  O    12.740815          4.644592
   | ATOM  705  O    12.750080          4.645782
   | ATOM  706  O    13.080303          4.755222
   | ATOM  707  O    13.070244          4.752653
   | ATOM  708  O    13.082429          4.758586
   | ATOM  709  O    12.251875          4.515408
   | ATOM  710  O    12.130448          4.476940
   | ATOM  711  O    12.756146          4.648605
   | ATOM  712  O    13.085390          4.759474
   | ATOM  713  O    12.262156          4.517285
   | ATOM  714  O    12.253633          4.515241
   | ATOM  715  O    12.256245          4.515466
   | ATOM  716  O    12.154679          4.482172
   | ATOM  717  O    12.134004          4.477819
   | ATOM  718  O    12.161184          4.483758
   | ATOM  719  O    12.762018          4.648802
   | ATOM  720  O    12.731824          4.642572
   | ATOM  721  O    12.748957          4.645455
   | ATOM  722  O    13.081511          4.755530
   | ATOM  723  O    13.071233          4.752916
   | ATOM  724  O    13.060421          4.752229
   | ATOM  725  O    13.090822          4.681193
   | ATOM  726  O    13.299864          4.735604
   | ATOM  727  O    13.107509          4.714673
   | ATOM  728  O    13.231247          4.806060
   | ---------------------------------------------------------------------------
   | Creating super cell of dimension  4 X   3 X   1 in MBD calculation
   | containing  8736  atom
   | MBD@rsSCS energy   :        -1.806888188 Ha            -49.167235275 eV
