  Using        7 parallel tasks.
   |---------------------------Input Geometry-----------------------------------------
   Number of atoms  392
 
    H          3.439887         5.579731        42.451347         0.787339
    H          4.468875         5.411126        47.975502         0.820735
    H          1.926610         1.789154        42.994320         0.820481
    H          4.362726         2.847587        40.547012         0.722827
    H          5.080670         0.905914        46.067080         0.824967
    H          1.005319         4.522382        44.898655         0.825492
    H          2.226942         6.002795        41.222588         0.735913
    H         -0.919475         4.986059        46.742813         0.822889
    H          3.140736         1.366951        44.218994         0.823174
    H          4.791986         4.017508        41.834060         0.780703
    H          3.114469         6.975316        47.364185         0.814017
    H          0.574653         3.351666        43.613647         0.813729
    H          0.938794         1.977172        48.496323         0.820727
    H          0.326081         6.482014        50.402700         0.825113
    H         -0.268713         2.402384        49.729008         0.822963
    H          2.293068         0.412981        49.107635         0.813981
    H          3.480754         5.597762        53.475460         0.820650
    H          4.509747         5.429164        58.999610         0.820743
    H          1.967476         1.807192        54.018433         0.820402
    H          4.403594         2.865619        51.571125         0.825446
    H          5.121537         0.923953        57.091194         0.824918
    H          1.046185         4.540421        55.922764         0.825355
    H          2.267809         6.020826        52.246700         0.823503
    H         -0.878609         5.004097        57.766770         0.822843
    H          3.181602         1.384989        55.243107         0.823293
    H          4.832852         4.035546        52.858017         0.814234
    H          3.155343         6.993348        58.388138         0.814007
    H          0.615519         3.369705        54.637760         0.814152
    H          0.979660         1.995210        59.520430         0.820668
    H          0.366947         6.500053        61.426807         0.825027
    H         -0.227846         2.420415        60.753120         0.822894
    H          2.333934         0.431020        60.131750         0.813941
    H          3.521633         5.615801        64.501460         0.820597
    H          4.550620         5.447203        70.025610         0.820733
    H          2.008348         1.825231        65.044426         0.820408
    H          4.444465         2.883665        62.597122         0.825366
    H          5.162409         0.941992        68.117195         0.824932
    H          1.087064         4.558460        66.948920         0.825354
    H          2.308688         6.038865        63.272854         0.823438
    H         -0.837730         5.022136        68.792920         0.822842
    H          3.222481         1.403028        66.269104         0.823294
    H          4.873731         4.053585        63.884170         0.814191
    H          3.196214         7.011393        69.414290         0.814009
    H          0.656392         3.387744        65.663920         0.814146
    H          1.020532         2.013249        70.546430         0.820731
    H          0.407826         6.518092        72.452805         0.825110
    H         -0.186968         2.438461        71.779274         0.822968
    H          2.374806         0.449059        71.157745         0.813988
    H          3.562499         5.633840        75.525566         0.820651
    H          4.591486         5.465242        81.049720         0.820734
    H          2.049221         1.843270        76.068540         0.820400
    H          4.485332         2.901696        73.621240         0.825459
    H          5.203275         0.960031        79.141304         0.824937
    H          1.127930         4.576498        77.972880         0.825340
    H          2.349554         6.056903        74.296970         0.823506
    H         -0.796864         5.040175        79.817030         0.822840
    H          3.263347         1.421067        77.293210         0.823302
    H          4.914599         4.071617        74.908280         0.814233
    H          3.237081         7.029425        80.438410         0.814010
    H          0.697264         3.405782        76.688030         0.814138
    H          1.061406         2.031280        81.570540         0.820669
    H          0.448692         6.536130        83.476920         0.825014
    H         -0.146100         2.456492        82.803230         0.822888
    H          2.415672         0.467097        82.181860         0.813943
    H          3.603372         5.651878        86.551720         0.820602
    H          4.632365         5.483281        92.075874         0.820743
    H          2.090093         1.861309        87.094696         0.820402
    H          4.526211         2.919735        84.647390         0.825348
    H          5.244154         0.978069        90.167460         0.824916
    H          1.168802         4.594537        88.999030         0.825357
    H          2.390427         6.074942        85.322970         0.823433
    H         -0.755992         5.058213        90.843030         0.822843
    H          3.304219         1.439105        88.319374         0.823293
    H          4.955471         4.089655        85.934280         0.814192
    H          3.277960         7.047464        91.464400         0.814007
    H          0.738137         3.423821        87.714030         0.814152
    H          1.102279         2.049319        92.596695         0.820719
    H          0.489565         6.554169        94.503075         0.825114
    H         -0.105228         2.474531        93.829384         0.822964
    H          2.456552         0.485136        93.208015         0.813985
    H          3.644238         5.669917        97.575836         0.820659
    H          4.673233         5.501312       103.099830         0.820735
    H          2.130959         1.879347        98.118805         0.820399
    H          4.567077         2.937774        95.671340         0.825457
    H          5.285020         0.996108       101.191574         0.824920
    H          1.209670         4.612569       100.023140         0.825355
    H          2.431299         6.092981        96.347080         0.823504
    H         -0.715117         5.076245       101.867140         0.822838
    H          3.345085         1.457144        99.343480         0.823299
    H          4.996344         4.107694        96.958390         0.814235
    H          3.318826         7.065503       102.488520         0.814002
    H          0.779002         3.441860        98.738140         0.814148
    H          1.143145         2.067358       103.620810         0.820665
    H          0.530439         6.572201       105.527180         0.825030
    H         -0.064362         2.492570       104.853490         0.822894
    H          2.497419         0.503168       104.232124         0.813941
    H          3.685116         5.687956       108.601830         0.820602
    H          4.714105         5.519351       114.125984         0.820921
    H          2.171838         1.897386       109.144806         0.820402
    H          4.607950         2.955812       106.697500         0.825363
    H          5.325892         1.014147       112.217570         0.825085
    H          1.250549         4.630607       111.049290         0.825392
    H          2.472172         6.111020       107.373230         0.823438
    H         -0.674247         5.094291       112.893295         0.822708
    H          3.385964         1.475183       110.369480         0.823354
    H          5.037216         4.125733       107.984540         0.814191
    H          3.359699         7.083541       113.514670         0.813597
    H          0.819882         3.459898       109.764290         0.814155
    H          1.184017         2.085397       114.646805         0.788130
    H          0.571311         6.590240       116.553185         0.723307
    H         -0.023483         2.510609       115.879490         0.736483
    H          2.538290         0.521214       115.258125         0.781138
    C          2.511909         5.252589        41.966663         0.847675
    C         -1.201142         5.737978        47.486730         0.870087
    C          2.855050         2.116505        43.474920         0.869691
    C          4.053069         3.279432        41.504128         0.845742
    C          5.396676         0.478504        47.024357         0.868941
    C          1.313988         4.089887        43.941536         0.869054
    C          0.012903         1.650392        48.984932         0.870131
    C          0.010590         6.909794        49.445423         0.868912
    C          2.552775         5.270627        52.990772         0.870289
    C         -1.160274         5.756010        58.510840         0.870085
    C          2.895922         2.134544        54.499030         0.870115
    C          4.093941         3.297470        52.528240         0.869107
    C          5.437549         0.496542        58.048310         0.868920
    C          1.354862         4.107918        54.965492         0.869088
    C          0.053769         1.668430        60.009045         0.870104
    C          0.051458         6.927825        60.469536         0.868885
    C          2.593648         5.288666        64.016930         0.870260
    C         -1.119402         5.774048        69.536995         0.870083
    C          2.936795         2.152583        65.525185         0.870113
    C          4.134813         3.315509        63.554398         0.869087
    C          5.478421         0.514581        69.074460         0.868930
    C          1.395735         4.125957        65.991646         0.869087
    C          0.094648         1.686469        71.035200         0.870137
    C          0.092330         6.945864        71.495690         0.868908
    C          2.634522         5.306698        75.041040         0.870288
    C         -1.078529         5.792087        80.561110         0.870082
    C          2.977661         2.170621        76.549140         0.870113
    C          4.175679         3.333548        74.578510         0.869114
    C          5.519289         0.532613        80.098580         0.868930
    C          1.436601         4.143996        77.015760         0.869075
    C          0.135514         1.704508        82.059160         0.870101
    C          0.133196         6.963903        82.519806         0.868878
    C          2.675394         5.324737        86.067040         0.870261
    C         -1.037657         5.810126        91.587105         0.870086
    C          3.018540         2.188660        87.575294         0.870114
    C          4.216558         3.351587        85.604510         0.869076
    C          5.560168         0.550651        91.124570         0.868918
    C          1.477480         4.162034        88.041756         0.869089
    C          0.176387         1.722546        93.085310         0.870132
    C          0.174075         6.981942        93.545800         0.868916
    C          2.716260         5.342775        97.091150         0.870291
    C         -0.996791         5.828165       102.611220         0.870080
    C          3.059407         2.206691        98.599410         0.870117
    C          4.257424         3.369625        96.628620         0.869114
    C          5.601034         0.568690       102.148690         0.868917
    C          1.518346         4.180073        99.065870         0.869089
    C          0.217259         1.740585       104.109420         0.870103
    C          0.214941         6.999980       104.569916         0.868887
    C          2.757139         5.360814       108.117300         0.870261
    C         -0.955912         5.846203       113.637375         0.869655
    C          3.100280         2.224730       109.625404         0.870119
    C          4.298297         3.387664       107.654770         0.869084
    C          5.641906         0.586729       113.174840         0.868904
    C          1.559218         4.198112       110.092026         0.869101
    C          0.258132         1.758624       115.135420         0.847985
    C          0.255814         7.018019       115.596070         0.845869
    N          2.793632         3.959724        41.351418         0.876254
    N         -1.486505         7.028745        46.867400         0.889841
    N          2.573717         3.409739        44.092365         0.889936
    N          1.427732         5.183515        42.939960         0.895428
    N          3.938683         2.185073        42.503666         0.890639
    N          5.519415         1.577788        48.017760         0.895242
    N          1.867919         3.422736        40.454475         0.890065
    N          0.980957         0.332407        45.966530         0.886512
    N          3.499417         3.946510        44.989147         0.887094
    N          0.248210         5.839998        42.648365         0.893750
    N          1.064614         5.149962        48.158535         0.892865
    N          5.118305         1.528735        42.795260         0.886661
    N          0.298018         0.359552        49.604420         0.889784
    N         -0.111764         5.810871        48.452015         0.895163
    N          4.426127         7.055818        50.503246         0.886471
    N          4.342921         2.238625        48.311245         0.892964
    N          2.834506         3.977756        52.375374         0.889976
    N         -1.445639         7.046784        57.891514         0.889822
    N          2.614585         3.427770        55.116318         0.889956
    N          1.468604         5.201554        53.964073         0.895233
    N          3.979548         2.203111        53.527780         0.895152
    N          5.560289         1.595820        59.041718         0.895245
    N          1.908785         3.440775        51.478590         0.886942
    N          1.021825         0.350439        56.990643         0.886482
    N          3.540285         3.964541        56.013260         0.886974
    N          0.289076         5.858036        53.672474         0.893084
    N          1.105481         5.167993        59.182487         0.892852
    N          5.159178         1.546774        53.819374         0.892931
    N          0.338886         0.377584        60.628376         0.889772
    N         -0.070899         5.828909        59.476128         0.895160
    N          4.466993         7.073856        61.527360         0.886468
    N          4.383787         2.256663        59.335358         0.892967
    N          2.875377         3.995802        63.401527         0.889969
    N         -1.404760         7.064823        68.917670         0.889829
    N          2.655462         3.445816        66.142470         0.889955
    N          1.509477         5.219593        64.990230         0.895232
    N          4.020428         2.221150        64.553770         0.895145
    N          5.601162         1.613858        70.067870         0.895248
    N          1.949657         3.458813        62.504585         0.886937
    N          1.062697         0.368478        68.016640         0.886480
    N          3.581157         3.982580        67.039410         0.886969
    N          0.329955         5.876075        64.698630         0.893092
    N          1.146360         5.186032        70.208640         0.892859
    N          5.200050         1.564812        64.845370         0.892923
    N          0.379765         0.395622        71.654526         0.889781
    N         -0.030026         5.846948        70.502280         0.895166
    N          4.507872         7.091895        72.553360         0.886475
    N          4.424666         2.274702        70.361510         0.892973
    N          2.916244         4.013833        74.425640         0.889982
    N         -1.363894         7.082861        79.941620         0.889827
    N          2.696330         3.463848        77.166590         0.889949
    N          1.550343         5.237631        76.014336         0.895231
    N          4.061294         2.239189        75.577890         0.895149
    N          5.642028         1.631897        81.091990         0.895242
    N          1.990531         3.476845        73.528694         0.886942
    N          1.103570         0.386516        79.040760         0.886479
    N          3.622030         4.000619        78.063370         0.886976
    N          0.370821         5.894113        75.722740         0.893085
    N          1.187226         5.204071        81.232760         0.892844
    N          5.240916         1.582851        75.869484         0.892934
    N          0.420631         0.413661        82.678640         0.889767
    N          0.010841         5.864980        81.526400         0.895157
    N          4.548739         7.109927        83.577470         0.886472
    N          4.465532         2.292741        81.385620         0.892964
    N          2.957123         4.031872        85.451640         0.889961
    N         -1.323022         7.100900        90.967780         0.889822
    N          2.737202         3.481886        88.192580         0.889956
    N          1.591222         5.255670        87.040340         0.895234
    N          4.102166         2.257227        86.604040         0.895142
    N          5.682907         1.649936        92.117980         0.895244
    N          2.031404         3.494884        84.554855         0.886935
    N          1.144442         0.404555        90.066910         0.886480
    N          3.662902         4.018658        89.089520         0.886975
    N          0.411694         5.912152        86.748740         0.893086
    N          1.228098         5.222110        92.258750         0.892865
    N          5.281796         1.600890        86.895640         0.892917
    N          0.461503         0.431700        93.704636         0.889787
    N          0.051721         5.883019        92.552390         0.895169
    N          4.589612         7.127966        94.603620         0.886471
    N          4.506404         2.310780        92.411620         0.892966
    N          2.997989         4.049911        96.475746         0.889978
    N         -1.282156         7.118939       101.991890         0.889821
    N          2.778068         3.499925        99.216700         0.889957
    N          1.632089         5.273702        98.064445         0.895235
    N          4.143032         2.275266        97.628000         0.895153
    N          5.723773         1.667975       103.142100         0.895244
    N          2.072269         3.512923        95.578964         0.886941
    N          1.185308         0.422594       101.091020         0.886480
    N          3.703768         4.036696       100.113640         0.886972
    N          0.452561         5.930184        97.772850         0.893084
    N          1.268964         5.240149       103.282870         0.892851
    N          5.322661         1.618929        97.919590         0.892935
    N          0.502376         0.449739       104.728750         0.889772
    N          0.092586         5.901057       103.576510         0.895160
    N          4.630478         7.146004       105.627740         0.886471
    N          4.547272         2.328811       103.435730         0.892971
    N          3.038862         4.067950       107.501910         0.889968
    N         -1.241276         7.136978       113.017890         0.889806
    N          2.818947         3.517964       110.242850         0.889971
    N          1.672962         5.291740       109.090600         0.895236
    N          4.183911         2.293305       108.654150         0.895140
    N          5.764646         1.686013       114.168250         0.895468
    N          2.113142         3.530961       106.604960         0.886934
    N          1.226187         0.440632       112.117020         0.886598
    N          3.744641         4.054735       111.139630         0.887011
    N          0.493440         5.948223       108.799000         0.893089
    N          1.309843         5.258187       114.309020         0.886578
    N          5.363534         1.636967       108.945750         0.892921
    N          0.543248         0.467777       115.754906         0.876206
    N          0.133459         5.919096       114.602660         0.890709
    N          4.671357         7.164043       116.653730         0.889987
    N          4.588151         2.346850       114.461890         0.893640
    O          0.855840         4.096404        40.233265         0.944910
    O          0.448939         6.892963        45.745320         0.919569
    O          4.511441         3.272763        45.208317         0.919998
    O          2.126840         2.310374        39.999954         0.945262
    O          0.718306         1.443055        45.509968         0.916572
    O          3.240700         5.058872        45.445713         0.917590
    O          0.284264         6.772073        41.840030         0.937360
    O          1.022426         4.213872        47.356014         0.925650
    O          5.081993         0.596298        43.601550         0.925274
    O         -0.755564         5.454646        43.273820         0.928571
    O          6.122242         1.914311        42.171850         0.927186
    O          3.335369         1.852897        47.693960         0.927817
    O          4.958130         0.495334        50.724457         0.919540
    O          4.688415         5.945019        50.959652         0.916637
    O          4.385238         3.174787        49.115650         0.925876
    O          2.072132         5.535538        48.775820         0.927816
    O          0.896707         4.114435        51.257378         0.919942
    O          0.489806         6.910995        56.769432         0.919535
    O          4.552307         3.290802        56.232430         0.919905
    O          2.167706         2.328413        51.024067         0.917320
    O          0.759172         1.461093        56.534080         0.916601
    O          3.281566         5.076911        56.469822         0.917469
    O          0.325130         6.790112        52.864143         0.926171
    O          1.063292         4.231911        58.380127         0.925628
    O          5.122867         0.614329        54.625664         0.925981
    O         -0.714696         5.472677        54.297930         0.928528
    O          6.163108         1.932350        53.195960         0.928332
    O          3.376235         1.870936        58.718070         0.927810
    O          4.998996         0.513373        61.748570         0.919552
    O          4.729280         5.963057        61.983765         0.916652
    O          4.426104         3.192826        60.139763         0.925902
    O          2.112998         5.553577        59.799930         0.927836
    O          0.937578         4.132481        62.283375         0.919954
    O          0.530679         6.929033        67.795430         0.919530
    O          4.593179         3.308840        67.258580         0.919906
    O          2.208585         2.346452        62.050220         0.917321
    O          0.800051         1.479132        67.560234         0.916585
    O          3.322439         5.094949        67.495820         0.917457
    O          0.366009         6.808151        63.890140         0.926211
    O          1.104164         4.249950        69.406280         0.925632
    O          5.163738         0.632375        65.651820         0.925996
    O         -0.673824         5.490716        65.324090         0.928528
    O         -0.391773         1.950388        64.221954         0.928336
    O          3.417114         1.888974        69.744070         0.927827
    O          5.039875         0.531412        72.774570         0.919544
    O          4.770153         5.981096        73.009920         0.916651
    O          4.466977         3.210864        71.165920         0.925879
    O          2.153871         5.571616        70.825930         0.927816
    O          0.978446         4.150513        73.307490         0.919938
    O          0.571551         6.947072        78.819540         0.919532
    O          4.634045         3.326879        78.282700         0.919917
    O          2.249452         2.364483        73.074180         0.917314
    O          0.840917         1.497171        78.584350         0.916588
    O          3.363307         5.112980        78.519936         0.917475
    O          0.406875         6.826189        74.914250         0.926191
    O          1.145032         4.267981        80.430400         0.925626
    O          5.204605         0.650407        76.675930         0.926000
    O         -0.632951         5.508755        76.348040         0.928511
    O         -0.350907         1.968427        75.246070         0.928327
    O          3.457980         1.907013        80.768180         0.927825
    O          5.080742         0.549443        83.798680         0.919557
    O          4.811026         5.999135        84.034035         0.916668
    O          4.507844         3.228896        82.189870         0.925876
    O          2.194736         5.589654        81.850044         0.927818
    O          1.019325         4.168551        84.333640         0.919953
    O          0.612424         6.965111        89.845695         0.919531
    O          4.674924         3.344918        89.308690         0.919908
    O          2.290323         2.382529        84.100334         0.917331
    O          0.881790         1.515210        89.610344         0.916597
    O          3.404186         5.131019        89.546090         0.917471
    O          0.447747         6.844228        85.940410         0.926189
    O          1.185909         4.286027        91.456390         0.925627
    O          5.245484         0.668445        87.701930         0.925981
    O         -0.592079         5.526794        87.374200         0.928531
    O         -0.310034         1.986466        86.272224         0.928332
    O          3.498852         1.925052        91.794334         0.927808
    O          5.121615         0.567482        94.824840         0.919540
    O          4.851898         6.017173        95.060030         0.916635
    O          4.548722         3.246942        93.216030         0.925883
    O          2.235616         5.607693        92.876200         0.927836
    O          1.060191         4.186590        95.357750         0.919941
    O          0.653289         6.983149       100.869810         0.919530
    O          4.715792         3.362949       100.332810         0.919911
    O          2.331197         2.400561        95.124440         0.917316
    O          0.922655         1.533248       100.634460         0.916596
    O          3.445051         5.149058       100.570045         0.917458
    O          0.488615         6.862259        96.964516         0.926166
    O          1.226777         4.304059       102.480500         0.925622
    O          5.286350         0.686484        98.726036         0.926010
    O         -0.551213         5.544832        98.398310         0.928534
    O         -0.269168         2.004504        97.296330         0.928312
    O          3.539725         1.943090       102.818290         0.927819
    O          5.162481         0.585521       105.848946         0.919556
    O          4.892766         6.035205       106.084145         0.916658
    O          4.589589         3.264973       104.240135         0.925905
    O          2.276483         5.625724       103.900310         0.927840
    O          1.101063         4.204629       106.383750         0.919950
    O          0.694169         7.001188       111.895805         0.919622
    O          4.756662         3.380995       111.358960         0.919957
    O          2.372070         2.418600       106.150600         0.917314
    O          0.963535         1.551287       111.660614         0.916703
    O          3.485924         5.167097       111.596200         0.917453
    O          0.529492         6.880305       107.990520         0.926208
    O          1.267649         4.322097       113.506660         0.924904
    O          5.327223         0.704523       109.752200         0.925996
    O         -0.510340         5.562871       109.424300         0.928522
    O         -0.228289         2.022543       108.322334         0.928331
    O          3.580597         1.961129       113.844444         0.927836
    O          5.203360         0.603560       116.874950         0.944988
    O          4.933645         6.053244       117.110300         0.945253
    O          4.630462         3.283012       115.266136         0.937265
    O          2.317355         5.643763       114.926310         0.926659
   |---------------------------------------------------------------------------
   |--------------------------------MBD@rSCS Settings---------------------------
    Exchange-Correlation functional:   1  (PBE)
    Radius used to construct the supercell in periodic MBD calculations  20.00000 Angstrom
    Radius used to integrate dipole field in periodic MBD calculation 100.00000 Angstrom
    Radius used to integrate dipole field in periodic SCS calculation 120.00000 Angstrom
     Found mbd_scs_vacuum_axis keyword in setting file
     This keyword specifies direction of vacuum region in case of low-dimensional systems
    Default: No vacuum mbd_scs_vacuum_axis .false. .false. .false.
    For example in the case of periodic slab along xy directions the keyword
    mbd_scs_vacuum_axis .false. .false. .true. is needed to specify z as
    vacuum direction in MBD/SCS calculation.
   |---------------------------------------------------------------------------
   | Many-Body Dispersion (MBD@rsSCS) energy
   | Dynamic polarizability of unit cell alpha(iw) (bohr^3)
   | ---------------------------------------------------------------------------
   |  omega(Ha)   alpha_iso      alpha_xx       alpha_yy       alpha_zz
   |   0.000000   0.210874E+04   0.198151E+04   0.199388E+04   0.235082E+04
   |   0.039290   0.209980E+04   0.197250E+04   0.198579E+04   0.234111E+04
   |   0.118358   0.203055E+04   0.190293E+04   0.192313E+04   0.226558E+04
   |   0.198912   0.190290E+04   0.177617E+04   0.180741E+04   0.212512E+04
   |   0.282029   0.173373E+04   0.161126E+04   0.165319E+04   0.193674E+04
   |   0.368919   0.154037E+04   0.142697E+04   0.147529E+04   0.171883E+04
   |   0.461006   0.133748E+04   0.123781E+04   0.128659E+04   0.148806E+04
   |   0.560027   0.113653E+04   0.105363E+04   0.109775E+04   0.125822E+04
   |   0.668179   0.946119E+03   0.880890E+03   0.917330E+03   0.104014E+04
   |   0.788336   0.772304E+03   0.723734E+03   0.751588E+03   0.841592E+03
   |   0.924390   0.618615E+03   0.584394E+03   0.604263E+03   0.667188E+03
   |   1.081790   0.486234E+03   0.463450E+03   0.476728E+03   0.518523E+03
   |   1.268490   0.374483E+03   0.360195E+03   0.368507E+03   0.394747E+03
   |   1.496610   0.281560E+03   0.273168E+03   0.278025E+03   0.293487E+03
   |   1.785630   0.205231E+03   0.200663E+03   0.203289E+03   0.211742E+03
   |   2.169170   0.143330E+03   0.141067E+03   0.142359E+03   0.146562E+03
   |   2.710620   0.940497E+02   0.930658E+02   0.936245E+02   0.954588E+02
   |   3.545730   0.560203E+02   0.556687E+02   0.558675E+02   0.565246E+02
   |   5.027340   0.282595E+02   0.281696E+02   0.282203E+02   0.283887E+02
   |   8.448960   0.100981E+02   0.100866E+02   0.100930E+02   0.101146E+02
   |  25.451700   0.111789E+01   0.111774E+01   0.111782E+01   0.111809E+01
   | ---------------------------------------------------------------------------
   | Unit cell C6 coefficient    :      2003569.72841004    hartree bohr^6
   | ---------------------------------------------------------------------------
   | Partitioned C6 (hartree bohr^6) | alpha (bohr^3)  of atom in unit cell
   | ---------------------------------------------------------------------------
   | ATOM    1  H     2.012067          2.083006
   | ATOM    2  H     2.125277          2.132369
   | ATOM    3  H     2.124564          2.132619
   | ATOM    4  H     1.789728          2.024825
   | ATOM    5  H     2.395776          2.359520
   | ATOM    6  H     2.394872          2.359006
   | ATOM    7  H     1.723066          1.957045
   | ATOM    8  H     2.139273          2.188132
   | ATOM    9  H     2.134443          2.183557
   | ATOM   10  H     1.870179          1.972501
   | ATOM   11  H     2.013507          2.046965
   | ATOM   12  H     2.011362          2.046744
   | ATOM   13  H     2.125608          2.132667
   | ATOM   14  H     2.396285          2.359952
   | ATOM   15  H     2.141029          2.189240
   | ATOM   16  H     2.012608          2.046301
   | ATOM   17  H     2.117875          2.126712
   | ATOM   18  H     2.125329          2.132386
   | ATOM   19  H     2.113973          2.124044
   | ATOM   20  H     2.396479          2.359482
   | ATOM   21  H     2.395347          2.359287
   | ATOM   22  H     2.396420          2.359549
   | ATOM   23  H     2.142534          2.189709
   | ATOM   24  H     2.139535          2.188387
   | ATOM   25  H     2.138981          2.187827
   | ATOM   26  H     2.012328          2.046050
   | ATOM   27  H     2.013514          2.047011
   | ATOM   28  H     2.013297          2.047166
   | ATOM   29  H     2.125325          2.132528
   | ATOM   30  H     2.395744          2.359675
   | ATOM   31  H     2.140836          2.189144
   | ATOM   32  H     2.012280          2.046101
   | ATOM   33  H     2.117449          2.126456
   | ATOM   34  H     2.124977          2.132135
   | ATOM   35  H     2.114290          2.124288
   | ATOM   36  H     2.396601          2.359710
   | ATOM   37  H     2.396142          2.359838
   | ATOM   38  H     2.396444          2.359574
   | ATOM   39  H     2.142290          2.189598
   | ATOM   40  H     2.139605          2.188456
   | ATOM   41  H     2.138564          2.187469
   | ATOM   42  H     2.011960          2.045819
   | ATOM   43  H     2.013437          2.046937
   | ATOM   44  H     2.013255          2.047142
   | ATOM   45  H     2.125783          2.132797
   | ATOM   46  H     2.395641          2.359464
   | ATOM   47  H     2.141149          2.189294
   | ATOM   48  H     2.012792          2.046444
   | ATOM   49  H     2.117615          2.126521
   | ATOM   50  H     2.125093          2.132215
   | ATOM   51  H     2.113995          2.124050
   | ATOM   52  H     2.397244          2.360033
   | ATOM   53  H     2.396124          2.359829
   | ATOM   54  H     2.395627          2.359000
   | ATOM   55  H     2.142592          2.189759
   | ATOM   56  H     2.139525          2.188397
   | ATOM   57  H     2.138958          2.187794
   | ATOM   58  H     2.012241          2.045981
   | ATOM   59  H     2.013535          2.047002
   | ATOM   60  H     2.013329          2.047219
   | ATOM   61  H     2.125402          2.132570
   | ATOM   62  H     2.394912          2.359077
   | ATOM   63  H     2.140660          2.189038
   | ATOM   64  H     2.012553          2.046310
   | ATOM   65  H     2.117713          2.126643
   | ATOM   66  H     2.125293          2.132357
   | ATOM   67  H     2.113999          2.124066
   | ATOM   68  H     2.395790          2.359129
   | ATOM   69  H     2.395325          2.359270
   | ATOM   70  H     2.396439          2.359564
   | ATOM   71  H     2.142237          2.189555
   | ATOM   72  H     2.139554          2.188405
   | ATOM   73  H     2.138985          2.187826
   | ATOM   74  H     2.012047          2.045883
   | ATOM   75  H     2.013506          2.047002
   | ATOM   76  H     2.013283          2.047158
   | ATOM   77  H     2.125493          2.132598
   | ATOM   78  H     2.396366          2.359997
   | ATOM   79  H     2.141150          2.189309
   | ATOM   80  H     2.012566          2.046270
   | ATOM   81  H     2.117909          2.126730
   | ATOM   82  H     2.125027          2.132167
   | ATOM   83  H     2.113923          2.124007
   | ATOM   84  H     2.397264          2.360058
   | ATOM   85  H     2.395375          2.359304
   | ATOM   86  H     2.396409          2.359545
   | ATOM   87  H     2.142535          2.189711
   | ATOM   88  H     2.139592          2.188450
   | ATOM   89  H     2.139025          2.187825
   | ATOM   90  H     2.012227          2.045965
   | ATOM   91  H     2.013482          2.046992
   | ATOM   92  H     2.013290          2.047169
   | ATOM   93  H     2.125260          2.132480
   | ATOM   94  H     2.395754          2.359678
   | ATOM   95  H     2.140831          2.189142
   | ATOM   96  H     2.012238          2.046068
   | ATOM   97  H     2.117457          2.126457
   | ATOM   98  H     2.136545          2.141348
   | ATOM   99  H     2.113954          2.124021
   | ATOM  100  H     2.396586          2.359697
   | ATOM  101  H     2.395147          2.359663
   | ATOM  102  H     2.396096          2.359259
   | ATOM  103  H     2.142316          2.189620
   | ATOM  104  H     2.135008          2.184168
   | ATOM  105  H     2.139158          2.187880
   | ATOM  106  H     2.011954          2.045808
   | ATOM  107  H     2.011194          2.046211
   | ATOM  108  H     2.013347          2.047202
   | ATOM  109  H     2.021615          2.089698
   | ATOM  110  H     1.791783          2.026112
   | ATOM  111  H     1.724795          1.957905
   | ATOM  112  H     1.875136          1.975828
   | ATOM  113  C    37.575521         10.513405
   | ATOM  114  C    39.285330         10.718304
   | ATOM  115  C    39.170864         10.700597
   | ATOM  116  C    38.641603         10.750888
   | ATOM  117  C    41.691908         11.176042
   | ATOM  118  C    41.561661         11.151831
   | ATOM  119  C    39.277224         10.717605
   | ATOM  120  C    41.690081         11.175817
   | ATOM  121  C    39.258028         10.713816
   | ATOM  122  C    39.286360         10.718556
   | ATOM  123  C    39.236888         10.709964
   | ATOM  124  C    41.674504         11.172582
   | ATOM  125  C    41.690503         11.175776
   | ATOM  126  C    41.659999         11.170096
   | ATOM  127  C    39.275313         10.717402
   | ATOM  128  C    41.686128         11.175211
   | ATOM  129  C    39.255929         10.713500
   | ATOM  130  C    39.285884         10.718447
   | ATOM  131  C    39.235815         10.709870
   | ATOM  132  C    41.670330         11.171914
   | ATOM  133  C    41.692569         11.176125
   | ATOM  134  C    41.658915         11.169907
   | ATOM  135  C    39.277702         10.717734
   | ATOM  136  C    41.690847         11.175920
   | ATOM  137  C    39.257602         10.713682
   | ATOM  138  C    39.284540         10.718256
   | ATOM  139  C    39.236105         10.709866
   | ATOM  140  C    41.676411         11.172858
   | ATOM  141  C    41.692047         11.176052
   | ATOM  142  C    41.656839         11.169601
   | ATOM  143  C    39.275123         10.717355
   | ATOM  144  C    41.685022         11.175049
   | ATOM  145  C    39.256384         10.713612
   | ATOM  146  C    39.286569         10.718584
   | ATOM  147  C    39.236619         10.709929
   | ATOM  148  C    41.668499         11.171675
   | ATOM  149  C    41.690700         11.175821
   | ATOM  150  C    41.659689         11.170031
   | ATOM  151  C    39.277135         10.717622
   | ATOM  152  C    41.691693         11.176052
   | ATOM  153  C    39.258454         10.713873
   | ATOM  154  C    39.285520         10.718413
   | ATOM  155  C    39.236658         10.709993
   | ATOM  156  C    41.676238         11.172819
   | ATOM  157  C    41.690163         11.175735
   | ATOM  158  C    41.659658         11.170042
   | ATOM  159  C    39.275149         10.717377
   | ATOM  160  C    41.685974         11.175178
   | ATOM  161  C    39.255866         10.713471
   | ATOM  162  C    39.218232         10.708786
   | ATOM  163  C    39.235415         10.709712
   | ATOM  164  C    41.670489         11.171964
   | ATOM  165  C    41.600269         11.158977
   | ATOM  166  C    41.658633         11.169860
   | ATOM  167  C    37.614834         10.519263
   | ATOM  168  C    38.682617         10.757254
   | ATOM  169  N    18.433151          6.133088
   | ATOM  170  N    18.913239          6.204863
   | ATOM  171  N    18.984777          6.225210
   | ATOM  172  N    20.906557          6.811951
   | ATOM  173  N    20.921121          6.837981
   | ATOM  174  N    21.145656          6.874842
   | ATOM  175  N    21.020389          6.703505
   | ATOM  176  N    20.662626          6.645123
   | ATOM  177  N    20.712922          6.653677
   | ATOM  178  N    21.085062          6.648172
   | ATOM  179  N    20.973345          6.630546
   | ATOM  180  N    20.917066          6.638863
   | ATOM  181  N    18.912657          6.204762
   | ATOM  182  N    21.154490          6.876424
   | ATOM  183  N    20.665300          6.645241
   | ATOM  184  N    20.977639          6.631524
   | ATOM  185  N    18.913640          6.203794
   | ATOM  186  N    18.912072          6.204630
   | ATOM  187  N    18.911066          6.204191
   | ATOM  188  N    21.165030          6.880095
   | ATOM  189  N    21.177581          6.881988
   | ATOM  190  N    21.144962          6.874770
   | ATOM  191  N    20.700322          6.652622
   | ATOM  192  N    20.662127          6.645146
   | ATOM  193  N    20.702645          6.653004
   | ATOM  194  N    20.995571          6.635222
   | ATOM  195  N    20.972717          6.630404
   | ATOM  196  N    20.983181          6.632359
   | ATOM  197  N    18.911526          6.204476
   | ATOM  198  N    21.154139          6.876358
   | ATOM  199  N    20.665501          6.645323
   | ATOM  200  N    20.977316          6.631438
   | ATOM  201  N    18.913390          6.203821
   | ATOM  202  N    18.911595          6.204531
   | ATOM  203  N    18.910992          6.204171
   | ATOM  204  N    21.164361          6.879911
   | ATOM  205  N    21.176649          6.881805
   | ATOM  206  N    21.144993          6.874763
   | ATOM  207  N    20.700496          6.652660
   | ATOM  208  N    20.661561          6.645035
   | ATOM  209  N    20.702314          6.652925
   | ATOM  210  N    20.996485          6.635419
   | ATOM  211  N    20.972335          6.630272
   | ATOM  212  N    20.983697          6.632542
   | ATOM  213  N    18.912120          6.204526
   | ATOM  214  N    21.155059          6.876576
   | ATOM  215  N    20.665289          6.645272
   | ATOM  216  N    20.977700          6.631541
   | ATOM  217  N    18.913577          6.203807
   | ATOM  218  N    18.912309          6.204769
   | ATOM  219  N    18.911607          6.204377
   | ATOM  220  N    21.165443          6.880212
   | ATOM  221  N    21.177332          6.881852
   | ATOM  222  N    21.144704          6.874631
   | ATOM  223  N    20.700267          6.652642
   | ATOM  224  N    20.662368          6.645166
   | ATOM  225  N    20.703350          6.653128
   | ATOM  226  N    20.996115          6.635359
   | ATOM  227  N    20.972312          6.630323
   | ATOM  228  N    20.983893          6.632544
   | ATOM  229  N    18.912559          6.204778
   | ATOM  230  N    21.154513          6.876476
   | ATOM  231  N    20.666192          6.645453
   | ATOM  232  N    20.977200          6.631412
   | ATOM  233  N    18.913449          6.203797
   | ATOM  234  N    18.911990          6.204598
   | ATOM  235  N    18.911136          6.204212
   | ATOM  236  N    21.164328          6.879908
   | ATOM  237  N    21.177118          6.881923
   | ATOM  238  N    21.145695          6.874970
   | ATOM  239  N    20.700994          6.652771
   | ATOM  240  N    20.662028          6.645134
   | ATOM  241  N    20.702696          6.653007
   | ATOM  242  N    20.995577          6.635198
   | ATOM  243  N    20.972735          6.630365
   | ATOM  244  N    20.983171          6.632403
   | ATOM  245  N    18.911857          6.204503
   | ATOM  246  N    21.154605          6.876427
   | ATOM  247  N    20.664761          6.645173
   | ATOM  248  N    20.977358          6.631472
   | ATOM  249  N    18.913757          6.203808
   | ATOM  250  N    18.912082          6.204654
   | ATOM  251  N    18.910650          6.204095
   | ATOM  252  N    21.165061          6.880089
   | ATOM  253  N    21.177775          6.882005
   | ATOM  254  N    21.144490          6.874666
   | ATOM  255  N    20.700302          6.652607
   | ATOM  256  N    20.662049          6.645136
   | ATOM  257  N    20.702287          6.652905
   | ATOM  258  N    20.995651          6.635241
   | ATOM  259  N    20.972812          6.630426
   | ATOM  260  N    20.983339          6.632391
   | ATOM  261  N    18.911634          6.204506
   | ATOM  262  N    21.154470          6.876434
   | ATOM  263  N    20.665598          6.645343
   | ATOM  264  N    20.977692          6.631527
   | ATOM  265  N    18.913007          6.203721
   | ATOM  266  N    18.984014          6.225254
   | ATOM  267  N    18.912268          6.204445
   | ATOM  268  N    21.164576          6.879938
   | ATOM  269  N    21.176745          6.881761
   | ATOM  270  N    20.897667          6.809120
   | ATOM  271  N    20.700275          6.652623
   | ATOM  272  N    20.672051          6.645759
   | ATOM  273  N    20.703692          6.653046
   | ATOM  274  N    20.996020          6.635296
   | ATOM  275  N    20.905306          6.636616
   | ATOM  276  N    20.983876          6.632605
   | ATOM  277  N    18.426838          6.132001
   | ATOM  278  N    20.904209          6.833654
   | ATOM  279  N    21.003023          6.698831
   | ATOM  280  N    21.070018          6.645137
   | ATOM  281  O    13.089682          4.681083
   | ATOM  282  O    12.250096          4.514857
   | ATOM  283  O    12.259632          4.515836
   | ATOM  284  O    13.304488          4.736942
   | ATOM  285  O    12.124344          4.474932
   | ATOM  286  O    12.171656          4.486905
   | ATOM  287  O    13.107523          4.713826
   | ATOM  288  O    12.740776          4.644524
   | ATOM  289  O    12.740260          4.643533
   | ATOM  290  O    13.059603          4.749219
   | ATOM  291  O    13.218529          4.799988
   | ATOM  292  O    13.082769          4.758648
   | ATOM  293  O    12.250760          4.515093
   | ATOM  294  O    12.128391          4.476384
   | ATOM  295  O    12.754996          4.648370
   | ATOM  296  O    13.084643          4.759272
   | ATOM  297  O    12.261040          4.516963
   | ATOM  298  O    12.250297          4.514899
   | ATOM  299  O    12.255825          4.515362
   | ATOM  300  O    12.153401          4.481806
   | ATOM  301  O    12.128981          4.476534
   | ATOM  302  O    12.165623          4.485319
   | ATOM  303  O    12.762379          4.648941
   | ATOM  304  O    12.740598          4.644508
   | ATOM  305  O    12.748738          4.645428
   | ATOM  306  O    13.080849          4.755380
   | ATOM  307  O    13.071131          4.752882
   | ATOM  308  O    13.082493          4.758606
   | ATOM  309  O    12.251852          4.515393
   | ATOM  310  O    12.129714          4.476735
   | ATOM  311  O    12.755981          4.648565
   | ATOM  312  O    13.085957          4.759626
   | ATOM  313  O    12.262515          4.517363
   | ATOM  314  O    12.250363          4.514917
   | ATOM  315  O    12.256225          4.515471
   | ATOM  316  O    12.154028          4.481956
   | ATOM  317  O    12.128240          4.476318
   | ATOM  318  O    12.164924          4.485113
   | ATOM  319  O    12.763822          4.649257
   | ATOM  320  O    12.740610          4.644512
   | ATOM  321  O    12.750112          4.645807
   | ATOM  322  O    13.080777          4.755362
   | ATOM  323  O    13.071307          4.752922
   | ATOM  324  O    13.083274          4.758797
   | ATOM  325  O    12.250517          4.515018
   | ATOM  326  O    12.129082          4.476582
   | ATOM  327  O    12.755618          4.648532
   | ATOM  328  O    13.084624          4.759282
   | ATOM  329  O    12.261003          4.516962
   | ATOM  330  O    12.250658          4.515002
   | ATOM  331  O    12.256577          4.515575
   | ATOM  332  O    12.153209          4.481758
   | ATOM  333  O    12.128312          4.476335
   | ATOM  334  O    12.165463          4.485270
   | ATOM  335  O    12.763369          4.649202
   | ATOM  336  O    12.740434          4.644473
   | ATOM  337  O    12.749849          4.645722
   | ATOM  338  O    13.079997          4.755169
   | ATOM  339  O    13.070636          4.752749
   | ATOM  340  O    13.083483          4.758863
   | ATOM  341  O    12.251841          4.515385
   | ATOM  342  O    12.130385          4.476933
   | ATOM  343  O    12.754527          4.648175
   | ATOM  344  O    13.085244          4.759457
   | ATOM  345  O    12.262216          4.517294
   | ATOM  346  O    12.250204          4.514884
   | ATOM  347  O    12.255916          4.515378
   | ATOM  348  O    12.154647          4.482156
   | ATOM  349  O    12.128855          4.476509
   | ATOM  350  O    12.165681          4.485329
   | ATOM  351  O    12.762611          4.648938
   | ATOM  352  O    12.740468          4.644477
   | ATOM  353  O    12.748861          4.645458
   | ATOM  354  O    13.080948          4.755403
   | ATOM  355  O    13.071647          4.753035
   | ATOM  356  O    13.082398          4.758581
   | ATOM  357  O    12.250683          4.515069
   | ATOM  358  O    12.128315          4.476357
   | ATOM  359  O    12.755736          4.648562
   | ATOM  360  O    13.085444          4.759478
   | ATOM  361  O    12.261056          4.516974
   | ATOM  362  O    12.250154          4.514868
   | ATOM  363  O    12.256393          4.515505
   | ATOM  364  O    12.153263          4.481771
   | ATOM  365  O    12.128850          4.476510
   | ATOM  366  O    12.164927          4.485104
   | ATOM  367  O    12.762257          4.648922
   | ATOM  368  O    12.740518          4.644504
   | ATOM  369  O    12.750216          4.645803
   | ATOM  370  O    13.080990          4.755405
   | ATOM  371  O    13.069852          4.752553
   | ATOM  372  O    13.082988          4.758731
   | ATOM  373  O    12.251960          4.515409
   | ATOM  374  O    12.129859          4.476762
   | ATOM  375  O    12.756091          4.648576
   | ATOM  376  O    13.086056          4.759642
   | ATOM  377  O    12.262383          4.517340
   | ATOM  378  O    12.254307          4.515450
   | ATOM  379  O    12.256484          4.515542
   | ATOM  380  O    12.153847          4.481921
   | ATOM  381  O    12.134096          4.477848
   | ATOM  382  O    12.161062          4.483730
   | ATOM  383  O    12.763625          4.649220
   | ATOM  384  O    12.731697          4.642550
   | ATOM  385  O    12.749311          4.645552
   | ATOM  386  O    13.080178          4.755189
   | ATOM  387  O    13.071238          4.752905
   | ATOM  388  O    13.061113          4.752412
   | ATOM  389  O    13.091454          4.681368
   | ATOM  390  O    13.301000          4.735890
   | ATOM  391  O    13.106132          4.714342
   | ATOM  392  O    13.230837          4.805961
   | ---------------------------------------------------------------------------
   | Creating super cell of dimension  4 X   3 X   1 in MBD calculation
   | containing  4704  atom
   | MBD@rsSCS energy   :        -0.962775508 Ha            -26.198084763 eV
