  Using        6 parallel tasks.
   |---------------------------Input Geometry-----------------------------------------
   Number of atoms  616
 
    H          3.439887         5.579731        42.451412         0.787346
    H          4.468875         5.411126        47.975450         0.820733
    H          1.926610         1.789154        42.994278         0.820488
    H          4.362726         2.847587        40.546955         0.722818
    H          5.080670         0.905914        46.066967         0.824974
    H          1.005319         4.522382        44.898735         0.825489
    H          2.226942         6.002795        41.222620         0.735925
    H         -0.919475         4.986059        46.742832         0.822882
    H          3.140736         1.366951        44.219048         0.823180
    H          4.791986         4.017508        41.833897         0.780693
    H          3.114469         6.975316        47.364170         0.814020
    H          0.574653         3.351666        43.613605         0.813732
    H          0.938794         1.977172        48.496384         0.820726
    H          0.326081         6.482014        50.402653         0.825112
    H         -0.268713         2.402384        49.728996         0.822962
    H          2.293068         0.412981        49.107660         0.813982
    H          3.480754         5.597762        53.475540         0.820652
    H          4.509747         5.429164        58.999577         0.820746
    H          1.967476         1.807192        54.018406         0.820413
    H          4.403594         2.865619        51.571080         0.825455
    H          5.121537         0.923953        57.091090         0.824936
    H          1.046185         4.540421        55.922863         0.825356
    H          2.267809         6.020826        52.246746         0.823506
    H         -0.878609         5.004097        57.766758         0.822841
    H          3.181602         1.384989        55.243176         0.823299
    H          4.832852         4.035546        52.858025         0.814239
    H          3.155343         6.993348        58.388298         0.814016
    H          0.615519         3.369705        54.637733         0.814156
    H          0.979660         1.995210        59.520310         0.820672
    H          0.366947         6.500053        61.426777         0.825019
    H         -0.227846         2.420415        60.753124         0.822896
    H          2.333934         0.431020        60.131786         0.813945
    H          3.521633         5.615801        64.501480         0.820592
    H          4.550620         5.447203        70.025710         0.820736
    H          2.008348         1.825231        65.044550         0.820398
    H          4.444465         2.883665        62.597220         0.825359
    H          5.162409         0.941992        68.117230         0.824926
    H          1.087064         4.558460        66.948800         0.825349
    H          2.308688         6.038865        63.272884         0.823434
    H         -0.837730         5.022136        68.792900         0.822844
    H          3.222481         1.403028        66.269110         0.823295
    H          4.873731         4.053585        63.884163         0.814185
    H          3.196214         7.011393        69.414240         0.814012
    H          0.656392         3.387744        65.663870         0.814139
    H          1.020532         2.013249        70.546450         0.820730
    H          0.407826         6.518092        72.452920         0.825119
    H         -0.186968         2.438461        71.779270         0.822964
    H          2.374806         0.449059        71.157720         0.813991
    H          3.562499         5.633840        75.525604         0.820658
    H          4.591486         5.465242        81.049644         0.820734
    H          2.049221         1.843270        76.068670         0.820393
    H          4.485332         2.901696        73.621150         0.825461
    H          5.203275         0.960031        79.141360         0.824928
    H          1.127930         4.576498        77.972930         0.825351
    H          2.349554         6.056903        74.297010         0.823496
    H         -0.796864         5.040175        79.817024         0.822840
    H          3.263347         1.421067        77.293240         0.823296
    H          4.914599         4.071617        74.908295         0.814243
    H          3.237081         7.029425        80.438360         0.814004
    H          0.697264         3.405782        76.687996         0.814149
    H          1.061406         2.031280        81.570570         0.820669
    H          0.448692         6.536130        83.477040         0.825023
    H         -0.146100         2.456492        82.803190         0.822882
    H          2.415672         0.467097        82.181854         0.813940
    H          3.603372         5.651878        86.551740         0.820607
    H          4.632365         5.483281        92.075780         0.820726
    H          2.090093         1.861309        87.094610         0.820408
    H          4.526211         2.919735        84.647285         0.825355
    H          5.244154         0.978069        90.167496         0.824927
    H          1.168802         4.594537        88.999070         0.825347
    H          2.390427         6.074942        85.322950         0.823440
    H         -0.755992         5.058213        90.843160         0.822838
    H          3.304219         1.439105        88.319380         0.823306
    H          4.955471         4.089655        85.934430         0.814201
    H          3.277960         7.047464        91.464500         0.813999
    H          0.738137         3.423821        87.714140         0.814150
    H          1.102279         2.049319        92.596720         0.820715
    H          0.489565         6.554169        94.502980         0.825112
    H         -0.105228         2.474531        93.829330         0.822961
    H          2.456552         0.485136        93.207990         0.813975
    H          3.644238         5.669917        97.575874         0.820655
    H          4.673233         5.501312       103.099910         0.820748
    H          2.130959         1.879347        98.118740         0.820412
    H          4.567077         2.937774        95.671420         0.825453
    H          5.285020         0.996108       101.191430         0.824935
    H          1.209670         4.612569       100.023190         0.825357
    H          2.431299         6.092981        96.347080         0.823509
    H         -0.715117         5.076245       101.867090         0.822842
    H          3.345085         1.457144        99.343506         0.823299
    H          4.996344         4.107694        96.958360         0.814240
    H          3.318826         7.065503       102.488630         0.814015
    H          0.779002         3.441860        98.738070         0.814156
    H          1.143145         2.067358       103.620640         0.820670
    H          0.530439         6.572201       105.527115         0.825021
    H         -0.064362         2.492570       104.853455         0.822896
    H          2.497419         0.503168       104.232120         0.813945
    H          3.685116         5.687956       108.601814         0.820593
    H          4.714105         5.519351       114.126045         0.820739
    H          2.171838         1.897386       109.144875         0.820395
    H          4.607950         2.955812       106.697556         0.825358
    H          5.325892         1.014147       112.217570         0.824928
    H          1.250549         4.630607       111.049130         0.825349
    H          2.472172         6.111020       107.373220         0.823434
    H         -0.674247         5.094291       112.893230         0.822849
    H          3.385964         1.475183       110.369446         0.823296
    H          5.037216         4.125733       107.984500         0.814184
    H          3.359699         7.083541       113.514570         0.814013
    H          0.819882         3.459898       109.764206         0.814138
    H          1.184017         2.085397       114.646780         0.820730
    H          0.571311         6.590240       116.553250         0.825111
    H         -0.023483         2.510609       115.879600         0.822962
    H          2.538290         0.521214       115.258060         0.813993
    H          3.725982         5.705995       119.625940         0.820653
    H          4.754971         5.537390       125.149970         0.820730
    H          2.212706         1.915418       120.169010         0.820399
    H          4.648822         2.973851       117.721680         0.825439
    H          5.366766         1.032178       123.241690         0.824928
    H          1.291415         4.648646       122.073265         0.825350
    H          2.513038         6.129058       118.397350         0.823494
    H         -0.633379         5.112322       123.917360         0.822838
    H          3.426832         1.493214       121.393570         0.823299
    H          5.078082         4.143772       119.008620         0.814228
    H          3.400565         7.101580       124.538700         0.814008
    H          0.860749         3.477930       120.788330         0.814145
    H          1.224890         2.103435       125.670906         0.820678
    H          0.612177         6.608278       127.577380         0.825029
    H          0.017383         2.528647       126.903725         0.822894
    H          2.579164         0.539245       126.282190         0.813950
    H          3.766855         5.724033       130.652080         0.820609
    H          4.795850         5.555428       136.176120         0.820729
    H          2.253578         1.933456       131.194950         0.820404
    H          4.689695         2.991890       128.747620         0.825365
    H          5.407638         1.050224       134.267840         0.824926
    H          1.332288         4.666685       133.099400         0.825349
    H          2.553917         6.147097       129.423280         0.823437
    H         -0.592500         5.130361       134.943500         0.822839
    H          3.467704         1.511253       132.419710         0.823301
    H          5.118961         4.161810       130.034760         0.814199
    H          3.441444         7.119619       135.564830         0.814000
    H          0.901620         3.495976       131.814470         0.814152
    H          1.265762         2.121474       136.697050         0.820713
    H          0.653056         6.626316       138.603320         0.825114
    H          0.058255         2.546686       137.929660         0.822961
    H          2.620037         0.557284       137.308320         0.813975
    H          3.807722         5.742065       141.676210         0.820658
    H          4.836716         5.573467       147.200240         0.820749
    H          2.294444         1.951495       142.219070         0.820407
    H          4.730561         3.009929       139.771740         0.825448
    H          5.448505         1.068256       145.291760         0.824933
    H          1.373160         4.684723       144.123540         0.825359
    H          2.594784         6.165129       140.447420         0.823507
    H         -0.551634         5.148400       145.967420         0.822841
    H          3.508577         1.529292       143.443850         0.823300
    H          5.159827         4.179849       141.058690         0.814240
    H          3.482310         7.137658       146.588960         0.814015
    H          0.942487         3.514007       142.838400         0.814156
    H          1.306628         2.139513       147.721180         0.820658
    H          0.693922         6.644355       149.627440         0.825023
    H          0.099121         2.564725       148.953800         0.822891
    H          2.660903         0.575322       148.332460         0.813941
    H          3.848602         5.760104       152.702150         0.820603
    H          4.877588         5.591506       158.226380         0.820934
    H          2.335323         1.969534       153.245210         0.820400
    H          4.771440         3.027967       150.797880         0.825357
    H          5.489384         1.086294       156.317900         0.825072
    H          1.414033         4.702762       155.149480         0.825378
    H          2.635657         6.183167       151.473560         0.823434
    H         -0.510762         5.166439       156.993560         0.822705
    H          3.549449         1.547331       154.469770         0.823340
    H          5.200699         4.197888       152.084820         0.814190
    H          3.523182         7.155696       157.615100         0.813604
    H          0.983367         3.532046       153.864530         0.814151
    H          1.347508         2.157551       158.747120         0.788142
    H          0.734795         6.662394       160.653580         0.723303
    H          0.140000         2.582764       159.979930         0.736492
    H          2.701782         0.593361       159.358600         0.781139
    C          2.511909         5.252589        41.966694         0.847681
    C         -1.201142         5.737978        47.486706         0.870084
    C          2.855050         2.116505        43.474970         0.869697
    C          4.053069         3.279432        41.504112         0.845744
    C          5.396676         0.478504        47.024326         0.868946
    C          1.313988         4.089887        43.941578         0.869058
    C          0.012903         1.650392        48.984920         0.870131
    C          0.010590         6.909794        49.445490         0.868909
    C          2.552775         5.270627        52.990820         0.870290
    C         -1.160274         5.756010        58.510834         0.870086
    C          2.895922         2.134544        54.499096         0.870120
    C          4.093941         3.297470        52.528240         0.869114
    C          5.437549         0.496542        58.048454         0.868933
    C          1.354862         4.107918        54.965504         0.869091
    C          0.053769         1.668430        60.009050         0.870106
    C          0.051458         6.927825        60.469620         0.868883
    C          2.593648         5.288666        64.016960         0.870256
    C         -1.119402         5.774048        69.536970         0.870086
    C          2.936795         2.152583        65.525040         0.870110
    C          4.134813         3.315509        63.554380         0.869078
    C          5.478421         0.514581        69.074394         0.868927
    C          1.395735         4.125957        65.991646         0.869079
    C          0.094648         1.686469        71.035190         0.870135
    C          0.092330         6.945864        71.495560         0.868918
    C          2.634522         5.306698        75.040886         0.870286
    C         -1.078529         5.792087        80.561104         0.870080
    C          2.977661         2.170621        76.549164         0.870111
    C          4.175679         3.333548        74.578510         0.869119
    C          5.519289         0.532613        80.098520         0.868923
    C          1.436601         4.143996        77.015770         0.869084
    C          0.135514         1.704508        82.059320         0.870098
    C          0.133196         6.963903        82.519684         0.868885
    C          2.675394         5.324737        86.067030         0.870267
    C         -1.037657         5.810126        91.587240         0.870077
    C          3.018540         2.188660        87.575300         0.870121
    C          4.216558         3.351587        85.604450         0.869084
    C          5.560168         0.550651        91.124660         0.868919
    C          1.477480         4.162034        88.041910         0.869085
    C          0.176387         1.722546        93.085250         0.870128
    C          0.174075         6.981942        93.545820         0.868906
    C          2.716260         5.342775        97.091156         0.870292
    C         -0.996791         5.828165       102.611170         0.870087
    C          3.059407         2.206691        98.599434         0.870120
    C          4.257424         3.369625        96.628570         0.869114
    C          5.601034         0.568690       102.148790         0.868932
    C          1.518346         4.180073        99.065834         0.869092
    C          0.217259         1.740585       104.109380         0.870106
    C          0.214941         6.999980       104.569954         0.868884
    C          2.757139         5.360814       108.117294         0.870256
    C         -0.955912         5.846203       113.637310         0.870089
    C          3.100280         2.224730       109.625370         0.870108
    C          4.298297         3.387664       107.654710         0.869076
    C          5.641906         0.586729       113.174720         0.868927
    C          1.559218         4.198112       110.091980         0.869078
    C          0.258132         1.758624       115.135520         0.870136
    C          0.255814         7.018019       115.596090         0.868915
    C          2.798005         5.378853       119.141220         0.870284
    C         -0.915046         5.864242       124.661440         0.870079
    C          3.141146         2.242769       120.649500         0.870113
    C          4.339164         3.405695       118.678840         0.869103
    C          5.682772         0.604767       124.198850         0.868924
    C          1.600084         4.216151       121.116104         0.869083
    C          0.298999         1.776655       126.159645         0.870108
    C          0.296680         7.036058       126.620020         0.868890
    C          2.838878         5.396892       130.167360         0.870264
    C         -0.874173         5.882281       135.687580         0.870079
    C          3.182025         2.260808       131.675630         0.870117
    C          4.380044         3.423734       129.704990         0.869088
    C          5.723651         0.622806       135.224990         0.868919
    C          1.640963         4.234190       132.142240         0.869087
    C          0.339877         1.794701       137.185600         0.870127
    C          0.337559         7.054096       137.646160         0.868907
    C          2.879744         5.414930       141.191480         0.870292
    C         -0.833306         5.900312       146.711500         0.870086
    C          3.222891         2.278847       142.699770         0.870118
    C          4.420909         3.441773       140.728910         0.869112
    C          5.764517         0.640845       146.249110         0.868930
    C          1.681831         4.252221       143.166170         0.869093
    C          0.380744         1.812733       148.209720         0.870099
    C          0.378426         7.072128       148.670290         0.868883
    C          2.920623         5.432969       152.217620         0.870259
    C         -0.792427         5.918351       157.737640         0.869660
    C          3.263763         2.296885       153.725900         0.870115
    C          4.461782         3.459812       151.755050         0.869079
    C          5.805390         0.658884       157.275050         0.868902
    C          1.722703         4.270259       154.192300         0.869094
    C          0.421617         1.830772       159.235860         0.847993
    C          0.419297         7.090174       159.696430         0.845874
    N          2.793632         3.959724        41.351395         0.876259
    N         -1.486505         7.028745        46.867382         0.889840
    N          2.573717         3.409739        44.092285         0.889943
    N          1.427732         5.183515        42.939953         0.895430
    N          3.938683         2.185073        42.503727         0.890641
    N          5.519415         1.577788        48.017700         0.895246
    N          1.867919         3.422736        40.454395         0.890059
    N          0.980957         0.332407        45.966560         0.886513
    N          3.499417         3.946510        44.989280         0.887087
    N          0.248210         5.839998        42.648396         0.893756
    N          1.064614         5.149962        48.158550         0.892862
    N          5.118305         1.528735        42.795280         0.886659
    N          0.298018         0.359552        49.604248         0.889786
    N         -0.111764         5.810871        48.452114         0.895165
    N          4.426127         7.055818        50.503258         0.886474
    N          4.342921         2.238625        48.311268         0.892968
    N          2.834506         3.977756        52.375523         0.889982
    N         -1.445639         7.046784        57.891510         0.889825
    N          2.614585         3.427770        55.116413         0.889954
    N          1.468604         5.201554        53.964077         0.895233
    N          3.979548         2.203111        53.527653         0.895158
    N          5.560289         1.595820        59.041830         0.895245
    N          1.908785         3.440775        51.478523         0.886941
    N          1.021825         0.350439        56.990690         0.886485
    N          3.540285         3.964541        56.013206         0.886974
    N          0.289076         5.858036        53.672523         0.893088
    N          1.105481         5.167993        59.182476         0.892849
    N          5.159178         1.546774        53.819410         0.892935
    N          0.338886         0.377584        60.628376         0.889773
    N         -0.070899         5.828909        59.476242         0.895162
    N          4.466993         7.073856        61.527386         0.886464
    N          4.383787         2.256663        59.335396         0.892970
    N          2.875377         3.995802        63.401460         0.889962
    N         -1.404760         7.064823        68.917650         0.889829
    N          2.655462         3.445816        66.142550         0.889951
    N          1.509477         5.219593        64.990220         0.895229
    N          4.020428         2.221150        64.553795         0.895139
    N          5.601162         1.613858        70.067970         0.895247
    N          1.949657         3.458813        62.504665         0.886941
    N          1.062697         0.368478        68.016624         0.886477
    N          3.581157         3.982580        67.039345         0.886975
    N          0.329955         5.876075        64.698660         0.893086
    N          1.146360         5.186032        70.208620         0.892862
    N          5.200050         1.564812        64.845345         0.892918
    N          0.379765         0.395622        71.654520         0.889783
    N         -0.030026         5.846948        70.502180         0.895165
    N          4.507872         7.091895        72.553320         0.886476
    N          4.424666         2.274702        70.361534         0.892968
    N          2.916244         4.013833        74.425590         0.889976
    N         -1.363894         7.082861        79.941770         0.889827
    N          2.696330         3.463848        77.166480         0.889956
    N          1.550343         5.237631        76.014340         0.895237
    N          4.061294         2.239189        75.577920         0.895150
    N          5.642028         1.631897        81.091896         0.895245
    N          1.990531         3.476845        73.528790         0.886943
    N          1.103570         0.386516        79.040760         0.886483
    N          3.622030         4.000619        78.063480         0.886972
    N          0.370821         5.894113        75.722590         0.893086
    N          1.187226         5.204071        81.232740         0.892848
    N          5.240916         1.582851        75.869480         0.892934
    N          0.420631         0.413661        82.678640         0.889765
    N          0.010841         5.864980        81.526306         0.895155
    N          4.548739         7.109927        83.577446         0.886470
    N          4.465532         2.292741        81.385460         0.892969
    N          2.957123         4.031872        85.451730         0.889970
    N         -1.323022         7.100900        90.967710         0.889821
    N          2.737202         3.481886        88.192620         0.889959
    N          1.591222         5.255670        87.040280         0.895236
    N          4.102166         2.257227        86.604060         0.895146
    N          5.682907         1.649936        92.118034         0.895240
    N          2.031404         3.494884        84.554730         0.886932
    N          1.144442         0.404555        90.066895         0.886484
    N          3.662902         4.018658        89.089615         0.886968
    N          0.411694         5.912152        86.748730         0.893084
    N          1.228098         5.222110        92.258880         0.892859
    N          5.281796         1.600890        86.895615         0.892925
    N          0.461503         0.431700        93.704780         0.889781
    N          0.051721         5.883019        92.552450         0.895160
    N          4.589612         7.127966        94.603590         0.886475
    N          4.506404         2.310780        92.411600         0.892965
    N          2.997989         4.049911        96.475850         0.889984
    N         -1.282156         7.118939       101.991844         0.889824
    N          2.778068         3.499925        99.216740         0.889954
    N          1.632089         5.273702        98.064415         0.895233
    N          4.143032         2.275266        97.627980         0.895158
    N          5.723773         1.667975       103.142160         0.895244
    N          2.072269         3.512923        95.578860         0.886935
    N          1.185308         0.422594       101.091020         0.886483
    N          3.703768         4.036696       100.113540         0.886976
    N          0.452561         5.930184        97.772860         0.893088
    N          1.268964         5.240149       103.282810         0.892849
    N          5.322661         1.618929        97.919740         0.892935
    N          0.502376         0.449739       104.728710         0.889773
    N          0.092586         5.901057       103.576580         0.895163
    N          4.630478         7.146004       105.627716         0.886466
    N          4.547272         2.328811       103.435730         0.892970
    N          3.038862         4.067950       107.501790         0.889962
    N         -1.241276         7.136978       113.017980         0.889830
    N          2.818947         3.517964       110.242880         0.889950
    N          1.672962         5.291740       109.090550         0.895230
    N          4.183911         2.293305       108.654130         0.895137
    N          5.764646         1.686013       114.168304         0.895246
    N          2.113142         3.530961       106.604996         0.886939
    N          1.226187         0.440632       112.116960         0.886476
    N          3.744641         4.054735       111.139680         0.886978
    N          0.493440         5.948223       108.798996         0.893086
    N          1.309843         5.258187       114.308945         0.892866
    N          5.363534         1.636967       108.945680         0.892918
    N          0.543248         0.467777       115.754845         0.889789
    N          0.133459         5.919096       114.602516         0.895169
    N          4.671357         7.164043       116.653854         0.886470
    N          4.588151         2.346850       114.461870         0.892969
    N          3.079728         4.085989       118.525920         0.889972
    N         -1.200409         7.155009       124.042110         0.889827
    N          2.859813         3.536002       121.266810         0.889956
    N          1.713828         5.309779       120.114680         0.895235
    N          4.224779         2.311336       119.678250         0.895147
    N          5.805511         1.704052       125.192230         0.895249
    N          2.154015         3.549000       117.629130         0.886938
    N          1.267053         0.458671       123.141090         0.886479
    N          3.785513         4.072774       122.163810         0.886975
    N          0.534306         5.966261       119.823130         0.893087
    N          1.350711         5.276219       125.333080         0.892848
    N          5.404401         1.654999       119.969810         0.892933
    N          0.584114         0.485816       126.778980         0.889768
    N          0.174325         5.937135       125.626640         0.895156
    N          4.712223         7.182082       127.677780         0.886474
    N          4.629017         2.364888       125.485990         0.892969
    N          3.120607         4.104027       129.552060         0.889964
    N         -1.159538         7.173055       135.068050         0.889822
    N          2.900686         3.554041       132.292950         0.889959
    N          1.754707         5.327818       131.140610         0.895237
    N          4.265651         2.329375       130.704390         0.895142
    N          5.846390         1.722091       136.218370         0.895239
    N          2.194887         3.567038       128.655260         0.886939
    N          1.307926         0.476710       134.167220         0.886481
    N          3.826386         4.090813       133.189940         0.886970
    N          0.575179         5.984300       130.849060         0.893088
    N          1.391582         5.294265       136.359220         0.892860
    N          5.445281         1.673037       130.995940         0.892921
    N          0.624993         0.503855       137.805110         0.889782
    N          0.215204         5.955173       136.652790         0.895162
    N          4.753095         7.200120       138.703920         0.886477
    N          4.669890         2.382927       136.511930         0.892965
    N          3.161474         4.122058       140.576190         0.889984
    N         -1.118671         7.191086       146.092180         0.889824
    N          2.941560         3.572073       143.317080         0.889954
    N          1.795573         5.345857       142.164750         0.895234
    N          4.306524         2.347414       141.728520         0.895153
    N          5.887258         1.740122       147.242500         0.895242
    N          2.235753         3.585077       139.679180         0.886934
    N          1.348793         0.494741       145.191360         0.886482
    N          3.867253         4.108844       144.213870         0.886978
    N          0.616051         6.002339       141.873180         0.893088
    N          1.432449         5.312296       147.383150         0.892848
    N          5.486147         1.691076       142.020080         0.892934
    N          0.665861         0.521886       148.829040         0.889771
    N          0.256070         5.973212       147.676910         0.895163
    N          4.793968         7.218159       149.728040         0.886472
    N          4.710755         2.400966       147.536060         0.892969
    N          3.202345         4.140104       151.602330         0.889966
    N         -1.077792         7.209125       157.118320         0.889811
    N          2.982431         3.590119       154.343220         0.889966
    N          1.836445         5.363895       153.190890         0.895233
    N          4.347396         2.365452       152.754460         0.895142
    N          5.928129         1.758168       158.268630         0.895473
    N          2.276632         3.603116       150.705320         0.886937
    N          1.389671         0.512787       156.217290         0.886594
    N          3.908132         4.126883       155.240000         0.887005
    N          0.656924         6.020378       152.899320         0.893088
    N          1.473329         5.330335       158.409290         0.886586
    N          5.527018         1.709115       153.046000         0.892920
    N          0.706733         0.539925       159.855180         0.876214
    N          0.296942         5.991251       158.702850         0.890714
    N          6.379884         0.003349       160.754200         0.889976
    N          4.751635         2.419005       158.562200         0.893650
    O          0.855840         4.096404        40.233265         0.944907
    O          0.448939         6.892963        45.745228         0.919573
    O          4.511441         3.272763        45.208400         0.919991
    O          2.126840         2.310374        40.000065         0.945240
    O          0.718306         1.443055        45.510014         0.916573
    O          3.240700         5.058872        45.445625         0.917566
    O          0.284264         6.772073        41.839930         0.937385
    O          1.022426         4.213872        47.356120         0.925638
    O          5.081993         0.596298        43.601532         0.925272
    O         -0.755564         5.454646        43.273758         0.928562
    O          6.122242         1.914311        42.171932         0.927182
    O          3.335369         1.852897        47.693954         0.927821
    O          4.958130         0.495334        50.724390         0.919534
    O          4.688415         5.945019        50.959805         0.916643
    O          4.385238         3.174787        49.115707         0.925880
    O          2.072132         5.535538        48.775864         0.927821
    O          0.896707         4.114435        51.257393         0.919934
    O          0.489806         6.910995        56.769356         0.919541
    O          4.552307         3.290802        56.232530         0.919915
    O          2.167706         2.328413        51.023990         0.917314
    O          0.759172         1.461093        56.534140         0.916605
    O          3.281566         5.076911        56.469753         0.917472
    O          0.325130         6.790112        52.864060         0.926192
    O          1.063292         4.231911        58.380250         0.925608
    O          5.122867         0.614329        54.625660         0.925971
    O         -0.714696         5.472677        54.297886         0.928519
    O          6.163108         1.932350        53.195858         0.928347
    O          3.376235         1.870936        58.718082         0.927814
    O          4.998996         0.513373        61.748516         0.919547
    O          4.729280         5.963057        61.983730         0.916644
    O          4.426104         3.192826        60.139835         0.925905
    O          2.112998         5.553577        59.799990         0.927844
    O          0.937578         4.132481        62.283535         0.919954
    O          0.530679         6.929033        67.795494         0.919528
    O          4.593179         3.308840        67.258470         0.919908
    O          2.208585         2.346452        62.050130         0.917339
    O          0.800051         1.479132        67.560280         0.916580
    O          3.322439         5.094949        67.495895         0.917471
    O          0.366009         6.808151        63.890200         0.926210
    O          1.104164         4.249950        69.406190         0.925641
    O          5.163738         0.632375        65.651800         0.925994
    O         -0.673824         5.490716        65.324030         0.928515
    O         -0.391773         1.950388        64.221990         0.928325
    O          3.417114         1.888974        69.744020         0.927838
    O          5.039875         0.531412        72.774650         0.919547
    O          4.770153         5.981096        73.009870         0.916651
    O          4.466977         3.210864        71.165770         0.925856
    O          2.153871         5.571616        70.825930         0.927817
    O          0.978446         4.150513        73.307460         0.919948
    O          0.571551         6.947072        78.819626         0.919528
    O          4.634045         3.326879        78.282590         0.919902
    O          2.249452         2.364483        73.074260         0.917321
    O          0.840917         1.497171        78.584206         0.916596
    O          3.363307         5.112980        78.520020         0.917463
    O          0.406875         6.826189        74.914330         0.926157
    O          1.145032         4.267981        80.430310         0.925638
    O          5.204605         0.650407        76.675930         0.926003
    O         -0.632951         5.508755        76.348150         0.928542
    O         -0.350907         1.968427        75.246124         0.928324
    O          3.457980         1.907013        80.768150         0.927814
    O          5.080742         0.549443        83.798780         0.919556
    O          4.811026         5.999135        84.034000         0.916666
    O          4.507844         3.228896        82.189900         0.925903
    O          2.194736         5.589654        81.850060         0.927820
    O          1.019325         4.168551        84.333600         0.919949
    O          0.612424         6.965111        89.845566         0.919537
    O          4.674924         3.344918        89.308730         0.919906
    O          2.290323         2.382529        84.100395         0.917314
    O          0.881790         1.515210        89.610344         0.916601
    O          3.404186         5.131019        89.545960         0.917450
    O          0.447747         6.844228        85.940470         0.926189
    O          1.185909         4.286027        91.456450         0.925635
    O          5.245484         0.668445        87.702065         0.926003
    O         -0.592079         5.526794        87.374090         0.928524
    O         -0.310034         1.986466        86.272260         0.928328
    O          3.498852         1.925052        91.794290         0.927808
    O          5.121615         0.567482        94.824720         0.919540
    O          4.851898         6.017173        95.060135         0.916649
    O          4.548722         3.246942        93.216040         0.925881
    O          2.235616         5.607693        92.876200         0.927816
    O          1.060191         4.186590        95.357730         0.919934
    O          0.653289         6.983149       100.869690         0.919539
    O          4.715792         3.362949       100.332860         0.919919
    O          2.331197         2.400561        95.124530         0.917296
    O          0.922655         1.533248       100.634476         0.916602
    O          3.445051         5.149058       100.570080         0.917474
    O          0.488615         6.862259        96.964390         0.926189
    O          1.226777         4.304059       102.480580         0.925606
    O          5.286350         0.686484        98.725990         0.925974
    O         -0.551213         5.544832        98.398220         0.928521
    O         -0.269168         2.004504        97.296190         0.928345
    O          3.539725         1.943090       102.818410         0.927811
    O          5.162481         0.585521       105.848850         0.919549
    O          4.892766         6.035205       106.084060         0.916646
    O          4.589589         3.264973       104.240166         0.925909
    O          2.276483         5.625724       103.900320         0.927846
    O          1.101063         4.204629       106.383865         0.919951
    O          0.694169         7.001188       111.895830         0.919526
    O          4.756662         3.380995       111.359000         0.919918
    O          2.372070         2.418600       106.150460         0.917335
    O          0.963535         1.551287       111.660614         0.916578
    O          3.485924         5.167097       111.596230         0.917475
    O          0.529492         6.880305       107.990530         0.926208
    O          1.267649         4.322097       113.506520         0.925642
    O          5.327223         0.704523       109.752130         0.925998
    O         -0.510340         5.562871       109.424360         0.928517
    O         -0.228289         2.022543       108.322330         0.928322
    O          3.580597         1.961129       113.844350         0.927836
    O          5.203360         0.603560       116.874985         0.919537
    O          4.933645         6.053244       117.110200         0.916630
    O          4.630462         3.283012       115.266106         0.925861
    O          2.317355         5.643763       114.926260         0.927823
    O          1.141936         4.222667       117.407790         0.919939
    O          0.735034         7.019227       122.919960         0.919524
    O          4.797530         3.399027       122.382930         0.919908
    O          2.412936         2.436638       117.174590         0.917314
    O          1.004402         1.569319       122.684540         0.916589
    O          3.526790         5.185135       122.620350         0.917468
    O          0.570360         6.898337       119.014660         0.926185
    O          1.308515         4.340136       124.530650         0.925633
    O          5.368089         0.722562       120.776260         0.926005
    O         -0.469468         5.580910       120.448490         0.928523
    O         -0.187422         2.040575       119.346460         0.928319
    O          3.621465         1.979161       124.868480         0.927832
    O          5.244226         0.621598       127.899120         0.919564
    O          4.974511         6.071282       128.134320         0.916673
    O          4.671334         3.301051       126.290240         0.925880
    O          2.358228         5.661802       125.950386         0.927824
    O          1.182808         4.240706       128.433930         0.919958
    O          0.775907         7.037265       133.946090         0.919528
    O          4.838409         3.417065       133.409060         0.919908
    O          2.453815         2.454677       128.200730         0.917336
    O          1.045273         1.587364       133.710680         0.916597
    O          3.567669         5.203174       133.646290         0.917452
    O          0.611232         6.916376       130.040800         0.926180
    O          1.349394         4.358175       135.556800         0.925633
    O          5.408968         0.740600       131.802400         0.926003
    O         -0.428595         5.598948       131.474620         0.928545
    O         -0.146549         2.058613       130.372590         0.928323
    O          3.662342         1.997207       135.894620         0.927805
    O          5.285099         0.639637       138.925050         0.919542
    O          5.015383         6.089321       139.160460         0.916654
    O          4.712207         3.319089       137.316380         0.925885
    O          2.399100         5.679841       136.976530         0.927819
    O          1.223674         4.258745       139.458050         0.919930
    O          0.816774         7.055297       144.970020         0.919537
    O          4.879275         3.435104       144.433200         0.919921
    O          2.494681         2.472716       139.224850         0.917293
    O          1.086147         1.605396       144.734800         0.916599
    O          3.608535         5.221213       144.670430         0.917479
    O          0.652098         6.934414       141.064730         0.926185
    O          1.390260         4.376214       146.580920         0.925601
    O          5.449834         0.758639       142.826320         0.925980
    O         -0.387728         5.616980       142.498550         0.928525
    O         -0.105683         2.076652       141.396510         0.928343
    O          3.703210         2.015238       146.918750         0.927807
    O          5.325971         0.657676       149.949170         0.919552
    O          5.056249         6.107360       150.184600         0.916665
    O          4.753073         3.337128       148.340500         0.925912
    O          2.439966         5.697879       148.000660         0.927849
    O          1.264553         4.276783       150.484190         0.919946
    O          0.857652         7.073343       155.996150         0.919615
    O          4.920147         3.453143       155.459340         0.919948
    O          2.535553         2.490755       150.250800         0.917326
    O          1.127020         1.623435       155.760940         0.916691
    O          3.649407         5.239252       155.696560         0.917449
    O          0.692977         6.952453       152.090870         0.926204
    O          1.431133         4.394252       157.607060         0.924886
    O          5.490706         0.776678       153.852460         0.925998
    O         -0.346849         5.635019       153.524690         0.928527
    O         -0.064804         2.094691       152.422670         0.928327
    O          3.744083         2.033277       157.944890         0.927825
    O          5.366844         0.675714       160.975330         0.944978
    O          5.097128         6.125399       161.210540         0.945219
    O          4.793952         3.355167       159.366640         0.937305
    O          2.480846         5.715918       159.026800         0.926691
   |---------------------------------------------------------------------------
   |--------------------------------MBD@rSCS Settings---------------------------
    Exchange-Correlation functional:   1  (PBE)
    Radius used to construct the supercell in periodic MBD calculations  20.00000 Angstrom
    Radius used to integrate dipole field in periodic MBD calculation 100.00000 Angstrom
    Radius used to integrate dipole field in periodic SCS calculation 120.00000 Angstrom
     Found mbd_scs_vacuum_axis keyword in setting file
     This keyword specifies direction of vacuum region in case of low-dimensional systems
    Default: No vacuum mbd_scs_vacuum_axis .false. .false. .false.
    For example in the case of periodic slab along xy directions the keyword
    mbd_scs_vacuum_axis .false. .false. .true. is needed to specify z as
    vacuum direction in MBD/SCS calculation.
   |---------------------------------------------------------------------------
   | Many-Body Dispersion (MBD@rsSCS) energy
   | Dynamic polarizability of unit cell alpha(iw) (bohr^3)
   | ---------------------------------------------------------------------------
   |  omega(Ha)   alpha_iso      alpha_xx       alpha_yy       alpha_zz
   |   0.000000   0.331474E+04   0.311658E+04   0.313385E+04   0.369380E+04
   |   0.039290   0.330069E+04   0.310238E+04   0.312114E+04   0.367854E+04
   |   0.118358   0.319181E+04   0.299291E+04   0.302264E+04   0.355988E+04
   |   0.198912   0.299113E+04   0.279344E+04   0.284074E+04   0.333922E+04
   |   0.282029   0.272519E+04   0.253396E+04   0.259836E+04   0.304326E+04
   |   0.368919   0.242123E+04   0.224402E+04   0.231876E+04   0.270090E+04
   |   0.461006   0.210232E+04   0.194644E+04   0.202218E+04   0.233832E+04
   |   0.560027   0.178644E+04   0.165673E+04   0.172539E+04   0.197721E+04
   |   0.668179   0.148714E+04   0.138504E+04   0.144183E+04   0.163456E+04
   |   0.788336   0.121393E+04   0.113788E+04   0.118132E+04   0.132258E+04
   |   0.924390   0.972349E+03   0.918756E+03   0.949765E+03   0.104853E+04
   |   1.081790   0.764264E+03   0.728577E+03   0.749308E+03   0.814906E+03
   |   1.268490   0.588609E+03   0.566226E+03   0.579207E+03   0.620393E+03
   |   1.496610   0.442549E+03   0.429402E+03   0.436988E+03   0.461257E+03
   |   1.785630   0.322575E+03   0.315417E+03   0.319520E+03   0.332788E+03
   |   2.169170   0.225279E+03   0.221734E+03   0.223752E+03   0.230350E+03
   |   2.710620   0.147822E+03   0.146281E+03   0.147154E+03   0.150033E+03
   |   3.545730   0.880493E+02   0.874983E+02   0.878091E+02   0.888405E+02
   |   5.027340   0.444165E+02   0.442756E+02   0.443548E+02   0.446191E+02
   |   8.448960   0.158715E+02   0.158534E+02   0.158636E+02   0.158974E+02
   |  25.451700   0.175701E+01   0.175679E+01   0.175692E+01   0.175733E+01
   | ---------------------------------------------------------------------------
   | Unit cell C6 coefficient    :      4950341.79051147    hartree bohr^6
   | ---------------------------------------------------------------------------
   | Partitioned C6 (hartree bohr^6) | alpha (bohr^3)  of atom in unit cell
   | ---------------------------------------------------------------------------
   | ATOM    1  H     2.012212          2.083119
   | ATOM    2  H     2.125204          2.132322
   | ATOM    3  H     2.124695          2.132718
   | ATOM    4  H     1.789848          2.024946
   | ATOM    5  H     2.396194          2.359815
   | ATOM    6  H     2.395152          2.359193
   | ATOM    7  H     1.723102          1.957061
   | ATOM    8  H     2.139164          2.188050
   | ATOM    9  H     2.134522          2.183602
   | ATOM   10  H     1.870020          1.972387
   | ATOM   11  H     2.013477          2.046934
   | ATOM   12  H     2.011368          2.046738
   | ATOM   13  H     2.125417          2.132534
   | ATOM   14  H     2.395902          2.359662
   | ATOM   15  H     2.141111          2.189301
   | ATOM   16  H     2.012608          2.046321
   | ATOM   17  H     2.117892          2.126732
   | ATOM   18  H     2.125271          2.132342
   | ATOM   19  H     2.114141          2.124154
   | ATOM   20  H     2.396811          2.359716
   | ATOM   21  H     2.396489          2.360097
   | ATOM   22  H     2.396773          2.359806
   | ATOM   23  H     2.142567          2.189725
   | ATOM   24  H     2.139614          2.188444
   | ATOM   25  H     2.139085          2.187872
   | ATOM   26  H     2.012277          2.046015
   | ATOM   27  H     2.013469          2.046939
   | ATOM   28  H     2.013327          2.047172
   | ATOM   29  H     2.125569          2.132704
   | ATOM   30  H     2.395215          2.359301
   | ATOM   31  H     2.140782          2.189098
   | ATOM   32  H     2.012397          2.046198
   | ATOM   33  H     2.117447          2.126449
   | ATOM   34  H     2.125226          2.132319
   | ATOM   35  H     2.113873          2.123958
   | ATOM   36  H     2.395983          2.359265
   | ATOM   37  H     2.395690          2.359499
   | ATOM   38  H     2.395800          2.359114
   | ATOM   39  H     2.142212          2.189553
   | ATOM   40  H     2.139552          2.188409
   | ATOM   41  H     2.138914          2.187778
   | ATOM   42  H     2.012040          2.045886
   | ATOM   43  H     2.013543          2.047016
   | ATOM   44  H     2.013407          2.047273
   | ATOM   45  H     2.125762          2.132787
   | ATOM   46  H     2.396687          2.360226
   | ATOM   47  H     2.141102          2.189285
   | ATOM   48  H     2.012602          2.046270
   | ATOM   49  H     2.117966          2.126798
   | ATOM   50  H     2.124931          2.132099
   | ATOM   51  H     2.113740          2.123875
   | ATOM   52  H     2.397599          2.360286
   | ATOM   53  H     2.395650          2.359495
   | ATOM   54  H     2.395970          2.359220
   | ATOM   55  H     2.142036          2.189324
   | ATOM   56  H     2.139549          2.188425
   | ATOM   57  H     2.139006          2.187845
   | ATOM   58  H     2.012223          2.045936
   | ATOM   59  H     2.013473          2.046988
   | ATOM   60  H     2.013355          2.047231
   | ATOM   61  H     2.125595          2.132742
   | ATOM   62  H     2.395990          2.359860
   | ATOM   63  H     2.140165          2.188628
   | ATOM   64  H     2.012283          2.046085
   | ATOM   65  H     2.117750          2.126671
   | ATOM   66  H     2.124896          2.132065
   | ATOM   67  H     2.114215          2.124225
   | ATOM   68  H     2.396195          2.359372
   | ATOM   69  H     2.395536          2.359418
   | ATOM   70  H     2.396009          2.359236
   | ATOM   71  H     2.142321          2.189617
   | ATOM   72  H     2.139480          2.188382
   | ATOM   73  H     2.139026          2.187832
   | ATOM   74  H     2.012192          2.045969
   | ATOM   75  H     2.013522          2.047013
   | ATOM   76  H     2.013389          2.047244
   | ATOM   77  H     2.125413          2.132527
   | ATOM   78  H     2.395753          2.359562
   | ATOM   79  H     2.141046          2.189258
   | ATOM   80  H     2.012680          2.046370
   | ATOM   81  H     2.117906          2.126738
   | ATOM   82  H     2.125279          2.132346
   | ATOM   83  H     2.114134          2.124151
   | ATOM   84  H     2.396762          2.359687
   | ATOM   85  H     2.396477          2.360092
   | ATOM   86  H     2.396751          2.359791
   | ATOM   87  H     2.142606          2.189752
   | ATOM   88  H     2.139656          2.188475
   | ATOM   89  H     2.139050          2.187843
   | ATOM   90  H     2.012302          2.046034
   | ATOM   91  H     2.013451          2.046925
   | ATOM   92  H     2.013319          2.047167
   | ATOM   93  H     2.125524          2.132671
   | ATOM   94  H     2.395266          2.359337
   | ATOM   95  H     2.140796          2.189107
   | ATOM   96  H     2.012370          2.046177
   | ATOM   97  H     2.117441          2.126441
   | ATOM   98  H     2.125290          2.132369
   | ATOM   99  H     2.113829          2.123927
   | ATOM  100  H     2.395966          2.359253
   | ATOM  101  H     2.395648          2.359462
   | ATOM  102  H     2.395767          2.359088
   | ATOM  103  H     2.142236          2.189572
   | ATOM  104  H     2.139573          2.188424
   | ATOM  105  H     2.138902          2.187765
   | ATOM  106  H     2.012026          2.045875
   | ATOM  107  H     2.013567          2.047031
   | ATOM  108  H     2.013368          2.047245
   | ATOM  109  H     2.125722          2.132755
   | ATOM  110  H     2.395970          2.359668
   | ATOM  111  H     2.141083          2.189270
   | ATOM  112  H     2.012854          2.046470
   | ATOM  113  H     2.117944          2.126781
   | ATOM  114  H     2.124899          2.132082
   | ATOM  115  H     2.113761          2.123883
   | ATOM  116  H     2.396569          2.359569
   | ATOM  117  H     2.395646          2.359486
   | ATOM  118  H     2.395939          2.359203
   | ATOM  119  H     2.141979          2.189275
   | ATOM  120  H     2.139566          2.188442
   | ATOM  121  H     2.139003          2.187838
   | ATOM  122  H     2.012255          2.046000
   | ATOM  123  H     2.013500          2.047001
   | ATOM  124  H     2.013344          2.047232
   | ATOM  125  H     2.125567          2.132695
   | ATOM  126  H     2.396055          2.359901
   | ATOM  127  H     2.140881          2.189165
   | ATOM  128  H     2.012333          2.046113
   | ATOM  129  H     2.117793          2.126706
   | ATOM  130  H     2.124920          2.132081
   | ATOM  131  H     2.114150          2.124174
   | ATOM  132  H     2.396954          2.359960
   | ATOM  133  H     2.395486          2.359383
   | ATOM  134  H     2.395985          2.359219
   | ATOM  135  H     2.142282          2.189595
   | ATOM  136  H     2.139533          2.188423
   | ATOM  137  H     2.139014          2.187827
   | ATOM  138  H     2.011937          2.045767
   | ATOM  139  H     2.013538          2.047029
   | ATOM  140  H     2.013412          2.047264
   | ATOM  141  H     2.125403          2.132524
   | ATOM  142  H     2.395795          2.359589
   | ATOM  143  H     2.141002          2.189220
   | ATOM  144  H     2.012658          2.046353
   | ATOM  145  H     2.117947          2.126769
   | ATOM  146  H     2.125276          2.132339
   | ATOM  147  H     2.114181          2.124194
   | ATOM  148  H     2.396841          2.359726
   | ATOM  149  H     2.396416          2.360045
   | ATOM  150  H     2.396810          2.359827
   | ATOM  151  H     2.142540          2.189703
   | ATOM  152  H     2.139629          2.188455
   | ATOM  153  H     2.138992          2.187823
   | ATOM  154  H     2.012329          2.046044
   | ATOM  155  H     2.013461          2.046933
   | ATOM  156  H     2.013305          2.047149
   | ATOM  157  H     2.125134          2.132392
   | ATOM  158  H     2.395192          2.359276
   | ATOM  159  H     2.140828          2.189155
   | ATOM  160  H     2.012363          2.046180
   | ATOM  161  H     2.117441          2.126446
   | ATOM  162  H     2.136752          2.141493
   | ATOM  163  H     2.114085          2.124140
   | ATOM  164  H     2.396153          2.359385
   | ATOM  165  H     2.394700          2.359308
   | ATOM  166  H     2.395585          2.358908
   | ATOM  167  H     2.142240          2.189566
   | ATOM  168  H     2.134995          2.184161
   | ATOM  169  H     2.138580          2.187429
   | ATOM  170  H     2.011965          2.045838
   | ATOM  171  H     2.011385          2.046350
   | ATOM  172  H     2.013380          2.047234
   | ATOM  173  H     2.021874          2.089905
   | ATOM  174  H     1.791951          2.026249
   | ATOM  175  H     1.724907          1.957971
   | ATOM  176  H     1.874997          1.975713
   | ATOM  177  C    37.576174         10.513481
   | ATOM  178  C    39.284037         10.718143
   | ATOM  179  C    39.172888         10.700886
   | ATOM  180  C    38.640835         10.750772
   | ATOM  181  C    41.692944         11.176197
   | ATOM  182  C    41.562674         11.152027
   | ATOM  183  C    39.277630         10.717652
   | ATOM  184  C    41.690311         11.175810
   | ATOM  185  C    39.259574         10.714024
   | ATOM  186  C    39.284672         10.718330
   | ATOM  187  C    39.235649         10.709861
   | ATOM  188  C    41.676791         11.172857
   | ATOM  189  C    41.692679         11.176154
   | ATOM  190  C    41.659944         11.170120
   | ATOM  191  C    39.276936         10.717643
   | ATOM  192  C    41.685954         11.175127
   | ATOM  193  C    39.255451         10.713429
   | ATOM  194  C    39.287102         10.718632
   | ATOM  195  C    39.235069         10.709696
   | ATOM  196  C    41.669079         11.171755
   | ATOM  197  C    41.691304         11.175963
   | ATOM  198  C    41.657216         11.169663
   | ATOM  199  C    39.277814         10.717714
   | ATOM  200  C    41.692545         11.176214
   | ATOM  201  C    39.255893         10.713487
   | ATOM  202  C    39.286053         10.718444
   | ATOM  203  C    39.236563         10.709909
   | ATOM  204  C    41.677265         11.173019
   | ATOM  205  C    41.690758         11.175806
   | ATOM  206  C    41.659190         11.169931
   | ATOM  207  C    39.273945         10.717226
   | ATOM  208  C    41.686301         11.175270
   | ATOM  209  C    39.258195         10.713834
   | ATOM  210  C    39.284745         10.718267
   | ATOM  211  C    39.237908         10.710116
   | ATOM  212  C    41.670802         11.172105
   | ATOM  213  C    41.690545         11.175821
   | ATOM  214  C    41.658141         11.169857
   | ATOM  215  C    39.276102         10.717437
   | ATOM  216  C    41.689826         11.175766
   | ATOM  217  C    39.259889         10.714069
   | ATOM  218  C    39.284693         10.718334
   | ATOM  219  C    39.235468         10.709834
   | ATOM  220  C    41.676583         11.172826
   | ATOM  221  C    41.692428         11.176114
   | ATOM  222  C    41.659972         11.170115
   | ATOM  223  C    39.276827         10.717631
   | ATOM  224  C    41.685995         11.175131
   | ATOM  225  C    39.255543         10.713441
   | ATOM  226  C    39.287399         10.718651
   | ATOM  227  C    39.235252         10.709730
   | ATOM  228  C    41.668987         11.171747
   | ATOM  229  C    41.691605         11.176024
   | ATOM  230  C    41.657126         11.169652
   | ATOM  231  C    39.278584         10.717824
   | ATOM  232  C    41.691554         11.176110
   | ATOM  233  C    39.256999         10.713662
   | ATOM  234  C    39.286136         10.718458
   | ATOM  235  C    39.236597         10.709905
   | ATOM  236  C    41.674462         11.172571
   | ATOM  237  C    41.691722         11.175943
   | ATOM  238  C    41.658218         11.169795
   | ATOM  239  C    39.274634         10.717351
   | ATOM  240  C    41.686652         11.175319
   | ATOM  241  C    39.257281         10.713709
   | ATOM  242  C    39.284730         10.718258
   | ATOM  243  C    39.237553         10.710090
   | ATOM  244  C    41.671609         11.172172
   | ATOM  245  C    41.690238         11.175768
   | ATOM  246  C    41.657978         11.169804
   | ATOM  247  C    39.276075         10.717441
   | ATOM  248  C    41.690107         11.175807
   | ATOM  249  C    39.259452         10.714002
   | ATOM  250  C    39.284902         10.718367
   | ATOM  251  C    39.236956         10.709993
   | ATOM  252  C    41.675516         11.172756
   | ATOM  253  C    41.692422         11.176120
   | ATOM  254  C    41.660528         11.170211
   | ATOM  255  C    39.275818         10.717455
   | ATOM  256  C    41.686161         11.175166
   | ATOM  257  C    39.256687         10.713593
   | ATOM  258  C    39.220811         10.709156
   | ATOM  259  C    39.234161         10.709553
   | ATOM  260  C    41.669355         11.171762
   | ATOM  261  C    41.599729         11.158954
   | ATOM  262  C    41.657431         11.169677
   | ATOM  263  C    37.616601         10.519532
   | ATOM  264  C    38.682877         10.757328
   | ATOM  265  N    18.432854          6.133040
   | ATOM  266  N    18.913073          6.204778
   | ATOM  267  N    18.983847          6.224937
   | ATOM  268  N    20.906351          6.811883
   | ATOM  269  N    20.921483          6.838076
   | ATOM  270  N    21.145837          6.874878
   | ATOM  271  N    21.019537          6.703310
   | ATOM  272  N    20.662881          6.645169
   | ATOM  273  N    20.711331          6.653367
   | ATOM  274  N    21.085577          6.648271
   | ATOM  275  N    20.972568          6.630366
   | ATOM  276  N    20.916888          6.638808
   | ATOM  277  N    18.912009          6.204552
   | ATOM  278  N    21.154584          6.876515
   | ATOM  279  N    20.664842          6.645211
   | ATOM  280  N    20.977804          6.631554
   | ATOM  281  N    18.913326          6.203696
   | ATOM  282  N    18.911886          6.204541
   | ATOM  283  N    18.910922          6.204094
   | ATOM  284  N    21.165086          6.880077
   | ATOM  285  N    21.177183          6.881919
   | ATOM  286  N    21.144696          6.874611
   | ATOM  287  N    20.699506          6.652493
   | ATOM  288  N    20.662836          6.645265
   | ATOM  289  N    20.703322          6.653110
   | ATOM  290  N    20.996274          6.635375
   | ATOM  291  N    20.971877          6.630218
   | ATOM  292  N    20.982724          6.632262
   | ATOM  293  N    18.911607          6.204504
   | ATOM  294  N    21.154025          6.876396
   | ATOM  295  N    20.664665          6.645150
   | ATOM  296  N    20.977897          6.631562
   | ATOM  297  N    18.913863          6.203986
   | ATOM  298  N    18.911260          6.204442
   | ATOM  299  N    18.911782          6.204481
   | ATOM  300  N    21.164306          6.879904
   | ATOM  301  N    21.177175          6.881875
   | ATOM  302  N    21.144863          6.874764
   | ATOM  303  N    20.701314          6.652819
   | ATOM  304  N    20.660967          6.644903
   | ATOM  305  N    20.703302          6.653106
   | ATOM  306  N    20.996192          6.635358
   | ATOM  307  N    20.972982          6.630418
   | ATOM  308  N    20.983852          6.632584
   | ATOM  309  N    18.912410          6.204586
   | ATOM  310  N    21.154877          6.876449
   | ATOM  311  N    20.665639          6.645322
   | ATOM  312  N    20.977318          6.631440
   | ATOM  313  N    18.913769          6.203756
   | ATOM  314  N    18.912003          6.204658
   | ATOM  315  N    18.910860          6.204172
   | ATOM  316  N    21.164672          6.880125
   | ATOM  317  N    21.177905          6.881981
   | ATOM  318  N    21.144380          6.874678
   | ATOM  319  N    20.700743          6.652717
   | ATOM  320  N    20.661874          6.645117
   | ATOM  321  N    20.702136          6.652911
   | ATOM  322  N    20.995096          6.635127
   | ATOM  323  N    20.973046          6.630483
   | ATOM  324  N    20.983943          6.632535
   | ATOM  325  N    18.912173          6.204586
   | ATOM  326  N    21.154907          6.876487
   | ATOM  327  N    20.666579          6.645545
   | ATOM  328  N    20.977355          6.631455
   | ATOM  329  N    18.912665          6.203556
   | ATOM  330  N    18.912924          6.204952
   | ATOM  331  N    18.910575          6.204069
   | ATOM  332  N    21.164533          6.880024
   | ATOM  333  N    21.176646          6.881812
   | ATOM  334  N    21.145560          6.874859
   | ATOM  335  N    20.699382          6.652438
   | ATOM  336  N    20.663162          6.645361
   | ATOM  337  N    20.701423          6.652723
   | ATOM  338  N    20.995237          6.635082
   | ATOM  339  N    20.972985          6.630450
   | ATOM  340  N    20.983834          6.632532
   | ATOM  341  N    18.912844          6.204858
   | ATOM  342  N    21.155068          6.876517
   | ATOM  343  N    20.665756          6.645353
   | ATOM  344  N    20.977828          6.631600
   | ATOM  345  N    18.913170          6.203666
   | ATOM  346  N    18.911905          6.204545
   | ATOM  347  N    18.910861          6.204085
   | ATOM  348  N    21.165174          6.880091
   | ATOM  349  N    21.177015          6.881886
   | ATOM  350  N    21.144644          6.874606
   | ATOM  351  N    20.698726          6.652307
   | ATOM  352  N    20.662754          6.645253
   | ATOM  353  N    20.703319          6.653104
   | ATOM  354  N    20.996284          6.635378
   | ATOM  355  N    20.971934          6.630229
   | ATOM  356  N    20.982695          6.632256
   | ATOM  357  N    18.911656          6.204513
   | ATOM  358  N    21.154065          6.876402
   | ATOM  359  N    20.664710          6.645155
   | ATOM  360  N    20.977860          6.631549
   | ATOM  361  N    18.913873          6.203983
   | ATOM  362  N    18.911490          6.204492
   | ATOM  363  N    18.912097          6.204559
   | ATOM  364  N    21.164385          6.879919
   | ATOM  365  N    21.177190          6.881888
   | ATOM  366  N    21.145123          6.874838
   | ATOM  367  N    20.701293          6.652821
   | ATOM  368  N    20.660873          6.644880
   | ATOM  369  N    20.703753          6.653209
   | ATOM  370  N    20.996240          6.635370
   | ATOM  371  N    20.972968          6.630395
   | ATOM  372  N    20.983865          6.632588
   | ATOM  373  N    18.911673          6.204425
   | ATOM  374  N    21.154539          6.876451
   | ATOM  375  N    20.663954          6.644992
   | ATOM  376  N    20.977381          6.631446
   | ATOM  377  N    18.914102          6.203878
   | ATOM  378  N    18.911944          6.204649
   | ATOM  379  N    18.910890          6.204177
   | ATOM  380  N    21.164880          6.880157
   | ATOM  381  N    21.177885          6.882020
   | ATOM  382  N    21.144243          6.874620
   | ATOM  383  N    20.700673          6.652738
   | ATOM  384  N    20.661584          6.645064
   | ATOM  385  N    20.702340          6.652949
   | ATOM  386  N    20.995780          6.635279
   | ATOM  387  N    20.973081          6.630487
   | ATOM  388  N    20.983814          6.632516
   | ATOM  389  N    18.911855          6.204485
   | ATOM  390  N    21.154990          6.876505
   | ATOM  391  N    20.666723          6.645551
   | ATOM  392  N    20.976826          6.631320
   | ATOM  393  N    18.913386          6.203719
   | ATOM  394  N    18.912594          6.204881
   | ATOM  395  N    18.910402          6.204038
   | ATOM  396  N    21.163729          6.879826
   | ATOM  397  N    21.177127          6.881830
   | ATOM  398  N    21.145428          6.874847
   | ATOM  399  N    20.701044          6.652759
   | ATOM  400  N    20.662617          6.645234
   | ATOM  401  N    20.701596          6.652764
   | ATOM  402  N    20.995660          6.635198
   | ATOM  403  N    20.972962          6.630438
   | ATOM  404  N    20.983891          6.632566
   | ATOM  405  N    18.912826          6.204838
   | ATOM  406  N    21.155037          6.876502
   | ATOM  407  N    20.665763          6.645350
   | ATOM  408  N    20.977794          6.631590
   | ATOM  409  N    18.912689          6.203535
   | ATOM  410  N    18.911932          6.204552
   | ATOM  411  N    18.911292          6.204194
   | ATOM  412  N    21.165201          6.880104
   | ATOM  413  N    21.176801          6.881821
   | ATOM  414  N    21.144975          6.874694
   | ATOM  415  N    20.698670          6.652305
   | ATOM  416  N    20.662787          6.645274
   | ATOM  417  N    20.703263          6.653080
   | ATOM  418  N    20.996251          6.635367
   | ATOM  419  N    20.971857          6.630214
   | ATOM  420  N    20.983248          6.632360
   | ATOM  421  N    18.911849          6.204568
   | ATOM  422  N    21.154224          6.876438
   | ATOM  423  N    20.665598          6.645365
   | ATOM  424  N    20.977843          6.631546
   | ATOM  425  N    18.912945          6.203664
   | ATOM  426  N    18.983292          6.224989
   | ATOM  427  N    18.912666          6.204516
   | ATOM  428  N    21.164604          6.879965
   | ATOM  429  N    21.176815          6.881905
   | ATOM  430  N    20.897165          6.809085
   | ATOM  431  N    20.700218          6.652646
   | ATOM  432  N    20.670509          6.645464
   | ATOM  433  N    20.703827          6.653119
   | ATOM  434  N    20.995983          6.635286
   | ATOM  435  N    20.905595          6.636644
   | ATOM  436  N    20.983376          6.632488
   | ATOM  437  N    18.425876          6.131688
   | ATOM  438  N    20.904023          6.833627
   | ATOM  439  N    21.001345          6.698505
   | ATOM  440  N    21.070671          6.645243
   | ATOM  441  O    13.089822          4.681106
   | ATOM  442  O    12.250532          4.514997
   | ATOM  443  O    12.259550          4.515807
   | ATOM  444  O    13.303536          4.736689
   | ATOM  445  O    12.124087          4.474858
   | ATOM  446  O    12.170629          4.486614
   | ATOM  447  O    13.108489          4.714063
   | ATOM  448  O    12.740466          4.644454
   | ATOM  449  O    12.740042          4.643478
   | ATOM  450  O    13.059117          4.749081
   | ATOM  451  O    13.218507          4.799990
   | ATOM  452  O    13.082729          4.758627
   | ATOM  453  O    12.250129          4.514914
   | ATOM  454  O    12.128986          4.476563
   | ATOM  455  O    12.755466          4.648498
   | ATOM  456  O    13.084660          4.759274
   | ATOM  457  O    12.260583          4.516834
   | ATOM  458  O    12.250741          4.515033
   | ATOM  459  O    12.256502          4.515564
   | ATOM  460  O    12.153370          4.481803
   | ATOM  461  O    12.128877          4.476491
   | ATOM  462  O    12.165399          4.485252
   | ATOM  463  O    12.763257          4.649164
   | ATOM  464  O    12.740025          4.644371
   | ATOM  465  O    12.748963          4.645506
   | ATOM  466  O    13.080393          4.755258
   | ATOM  467  O    13.071431          4.752951
   | ATOM  468  O    13.082752          4.758659
   | ATOM  469  O    12.251634          4.515326
   | ATOM  470  O    12.129471          4.476671
   | ATOM  471  O    12.755944          4.648547
   | ATOM  472  O    13.086232          4.759708
   | ATOM  473  O    12.262182          4.517262
   | ATOM  474  O    12.250251          4.514878
   | ATOM  475  O    12.256122          4.515430
   | ATOM  476  O    12.154991          4.482230
   | ATOM  477  O    12.128146          4.476285
   | ATOM  478  O    12.165660          4.485327
   | ATOM  479  O    12.763458          4.649154
   | ATOM  480  O    12.740839          4.644560
   | ATOM  481  O    12.749653          4.645680
   | ATOM  482  O    13.080381          4.755276
   | ATOM  483  O    13.071151          4.752902
   | ATOM  484  O    13.084143          4.759022
   | ATOM  485  O    12.250698          4.515081
   | ATOM  486  O    12.128902          4.476536
   | ATOM  487  O    12.754241          4.648174
   | ATOM  488  O    13.084727          4.759301
   | ATOM  489  O    12.261392          4.517081
   | ATOM  490  O    12.249977          4.514804
   | ATOM  491  O    12.255695          4.515316
   | ATOM  492  O    12.153289          4.481768
   | ATOM  493  O    12.128967          4.476531
   | ATOM  494  O    12.165472          4.485278
   | ATOM  495  O    12.762314          4.648947
   | ATOM  496  O    12.740879          4.644582
   | ATOM  497  O    12.749870          4.645725
   | ATOM  498  O    13.081279          4.755486
   | ATOM  499  O    13.070561          4.752724
   | ATOM  500  O    13.082604          4.758626
   | ATOM  501  O    12.252028          4.515472
   | ATOM  502  O    12.130176          4.476880
   | ATOM  503  O    12.756139          4.648614
   | ATOM  504  O    13.085341          4.759473
   | ATOM  505  O    12.262067          4.517229
   | ATOM  506  O    12.250763          4.515046
   | ATOM  507  O    12.256119          4.515425
   | ATOM  508  O    12.153931          4.481940
   | ATOM  509  O    12.128719          4.476463
   | ATOM  510  O    12.164756          4.485062
   | ATOM  511  O    12.762245          4.648834
   | ATOM  512  O    12.740663          4.644527
   | ATOM  513  O    12.749842          4.645711
   | ATOM  514  O    13.081121          4.755468
   | ATOM  515  O    13.071457          4.752971
   | ATOM  516  O    13.082565          4.758626
   | ATOM  517  O    12.250482          4.515001
   | ATOM  518  O    12.129056          4.476572
   | ATOM  519  O    12.755452          4.648490
   | ATOM  520  O    13.084706          4.759310
   | ATOM  521  O    12.260915          4.516923
   | ATOM  522  O    12.250674          4.515020
   | ATOM  523  O    12.256646          4.515595
   | ATOM  524  O    12.152478          4.481542
   | ATOM  525  O    12.128785          4.476473
   | ATOM  526  O    12.165394          4.485240
   | ATOM  527  O    12.763179          4.649149
   | ATOM  528  O    12.740014          4.644378
   | ATOM  529  O    12.749062          4.645526
   | ATOM  530  O    13.080427          4.755260
   | ATOM  531  O    13.071327          4.752928
   | ATOM  532  O    13.082628          4.758633
   | ATOM  533  O    12.251705          4.515341
   | ATOM  534  O    12.129524          4.476678
   | ATOM  535  O    12.756053          4.648566
   | ATOM  536  O    13.086281          4.759714
   | ATOM  537  O    12.262117          4.517250
   | ATOM  538  O    12.250210          4.514870
   | ATOM  539  O    12.256708          4.515606
   | ATOM  540  O    12.154902          4.482215
   | ATOM  541  O    12.128090          4.476276
   | ATOM  542  O    12.165408          4.485254
   | ATOM  543  O    12.763435          4.649157
   | ATOM  544  O    12.740747          4.644539
   | ATOM  545  O    12.749762          4.645700
   | ATOM  546  O    13.080404          4.755278
   | ATOM  547  O    13.071069          4.752886
   | ATOM  548  O    13.084158          4.759033
   | ATOM  549  O    12.250449          4.514988
   | ATOM  550  O    12.128226          4.476336
   | ATOM  551  O    12.754252          4.648155
   | ATOM  552  O    13.085129          4.759402
   | ATOM  553  O    12.261191          4.517044
   | ATOM  554  O    12.249814          4.514768
   | ATOM  555  O    12.255914          4.515368
   | ATOM  556  O    12.153129          4.481757
   | ATOM  557  O    12.128776          4.476491
   | ATOM  558  O    12.165580          4.485295
   | ATOM  559  O    12.763334          4.649213
   | ATOM  560  O    12.740719          4.644547
   | ATOM  561  O    12.749902          4.645723
   | ATOM  562  O    13.080358          4.755243
   | ATOM  563  O    13.070406          4.752701
   | ATOM  564  O    13.083501          4.758866
   | ATOM  565  O    12.252200          4.515497
   | ATOM  566  O    12.130381          4.476914
   | ATOM  567  O    12.755251          4.648371
   | ATOM  568  O    13.085492          4.759501
   | ATOM  569  O    12.262377          4.517347
   | ATOM  570  O    12.250223          4.514877
   | ATOM  571  O    12.256247          4.515457
   | ATOM  572  O    12.154673          4.482151
   | ATOM  573  O    12.128908          4.476514
   | ATOM  574  O    12.164803          4.485071
   | ATOM  575  O    12.762066          4.648799
   | ATOM  576  O    12.740596          4.644516
   | ATOM  577  O    12.749935          4.645734
   | ATOM  578  O    13.081976          4.755669
   | ATOM  579  O    13.071049          4.752869
   | ATOM  580  O    13.082435          4.758596
   | ATOM  581  O    12.250550          4.515013
   | ATOM  582  O    12.129170          4.476593
   | ATOM  583  O    12.755620          4.648530
   | ATOM  584  O    13.084745          4.759312
   | ATOM  585  O    12.260823          4.516907
   | ATOM  586  O    12.250593          4.515007
   | ATOM  587  O    12.256491          4.515544
   | ATOM  588  O    12.152453          4.481548
   | ATOM  589  O    12.128755          4.476476
   | ATOM  590  O    12.165649          4.485308
   | ATOM  591  O    12.763044          4.649117
   | ATOM  592  O    12.739820          4.644329
   | ATOM  593  O    12.748606          4.645381
   | ATOM  594  O    13.080592          4.755301
   | ATOM  595  O    13.071891          4.753086
   | ATOM  596  O    13.082506          4.758606
   | ATOM  597  O    12.251378          4.515245
   | ATOM  598  O    12.130486          4.476961
   | ATOM  599  O    12.756154          4.648589
   | ATOM  600  O    13.086388          4.759736
   | ATOM  601  O    12.261777          4.517169
   | ATOM  602  O    12.253859          4.515321
   | ATOM  603  O    12.256267          4.515504
   | ATOM  604  O    12.154662          4.482157
   | ATOM  605  O    12.133824          4.477787
   | ATOM  606  O    12.161000          4.483733
   | ATOM  607  O    12.763329          4.649129
   | ATOM  608  O    12.730533          4.642224
   | ATOM  609  O    12.749498          4.645612
   | ATOM  610  O    13.080453          4.755257
   | ATOM  611  O    13.071000          4.752842
   | ATOM  612  O    13.060657          4.752284
   | ATOM  613  O    13.091294          4.681318
   | ATOM  614  O    13.299727          4.735567
   | ATOM  615  O    13.107751          4.714733
   | ATOM  616  O    13.232673          4.806418
   | ---------------------------------------------------------------------------
   | Creating super cell of dimension  4 X   3 X   1 in MBD calculation
   | containing  7392  atom
   | MBD@rsSCS energy   :        -1.525515962 Ha            -41.510815517 eV
