  Using        7 parallel tasks.
   |---------------------------Input Geometry-----------------------------------------
   Number of atoms  336
 
    H          3.439887         5.579731        42.451324         0.787336
    H          4.468875         5.411126        47.975500         0.820736
    H          1.926610         1.789154        42.994320         0.820478
    H          4.362726         2.847587        40.546974         0.722846
    H          5.080670         0.905914        46.067055         0.824972
    H          1.005319         4.522382        44.898674         0.825483
    H          2.226942         6.002795        41.222610         0.735924
    H         -0.919475         4.986059        46.742695         0.822890
    H          3.140736         1.366951        44.218945         0.823172
    H          4.791986         4.017508        41.833973         0.780694
    H          3.114469         6.975316        47.364136         0.814022
    H          0.574653         3.351666        43.613716         0.813721
    H          0.938794         1.977172        48.496290         0.820725
    H          0.326081         6.482014        50.402687         0.825112
    H         -0.268713         2.402384        49.729090         0.822962
    H          2.293068         0.412981        49.107650         0.813988
    H          3.480754         5.597762        53.475420         0.820652
    H          4.509747         5.429164        58.999590         0.820734
    H          1.967476         1.807192        54.018417         0.820403
    H          4.403594         2.865619        51.571068         0.825451
    H          5.121537         0.923953        57.091150         0.824924
    H          1.046185         4.540421        55.922768         0.825343
    H          2.267809         6.020826        52.246708         0.823512
    H         -0.878609         5.004097        57.766790         0.822838
    H          3.181602         1.384989        55.243040         0.823296
    H          4.832852         4.035546        52.858070         0.814236
    H          3.155343         6.993348        58.388233         0.814011
    H          0.615519         3.369705        54.637814         0.814146
    H          0.979660         1.995210        59.520382         0.820671
    H          0.366947         6.500053        61.426780         0.825024
    H         -0.227846         2.420415        60.753040         0.822887
    H          2.333934         0.431020        60.131744         0.813944
    H          3.521633         5.615801        64.501564         0.820601
    H          4.550620         5.447203        70.025590         0.820736
    H          2.008348         1.825231        65.044556         0.820403
    H          4.444465         2.883665        62.597210         0.825355
    H          5.162409         0.941992        68.117290         0.824925
    H          1.087064         4.558460        66.948906         0.825352
    H          2.308688         6.038865        63.272846         0.823433
    H         -0.837730         5.022136        68.792930         0.822840
    H          3.222481         1.403028        66.269180         0.823294
    H          4.873731         4.053585        63.884210         0.814194
    H          3.196214         7.011393        69.414375         0.814008
    H          0.656392         3.387744        65.663800         0.814150
    H          1.020532         2.013249        70.546524         0.820720
    H          0.407826         6.518092        72.452920         0.825121
    H         -0.186968         2.438461        71.779180         0.822962
    H          2.374806         0.449059        71.157740         0.813988
    H          3.562499         5.633840        75.525660         0.820655
    H          4.591486         5.465242        81.049680         0.820735
    H          2.049221         1.843270        76.068504         0.820407
    H          4.485332         2.901696        73.621300         0.825451
    H          5.203275         0.960031        79.141390         0.824927
    H          1.127930         4.576498        77.973010         0.825362
    H          2.349554         6.056903        74.296940         0.823503
    H         -0.796864         5.040175        79.817024         0.822843
    H          3.263347         1.421067        77.293274         0.823305
    H          4.914599         4.071617        74.908300         0.814236
    H          3.237081         7.029425        80.438324         0.814003
    H          0.697264         3.405782        76.687904         0.814155
    H          1.061406         2.031280        81.570620         0.820667
    H          0.448692         6.536130        83.477020         0.825024
    H         -0.146100         2.456492        82.803276         0.822888
    H          2.415672         0.467097        82.181830         0.813944
    H          3.603372         5.651878        86.551650         0.820601
    H          4.632365         5.483281        92.075820         0.820734
    H          2.090093         1.861309        87.094640         0.820399
    H          4.526211         2.919735        84.647300         0.825360
    H          5.244154         0.978069        90.167380         0.824929
    H          1.168802         4.594537        88.999000         0.825349
    H          2.390427         6.074942        85.323080         0.823430
    H         -0.755992         5.058213        90.843160         0.822837
    H          3.304219         1.439105        88.319270         0.823293
    H          4.955471         4.089655        85.934296         0.814194
    H          3.277960         7.047464        91.464460         0.814007
    H          0.738137         3.423821        87.714040         0.814149
    H          1.102279         2.049319        92.596610         0.820724
    H          0.489565         6.554169        94.503010         0.825105
    H         -0.105228         2.474531        93.829414         0.822968
    H          2.456552         0.485136        93.207980         0.813984
    H          3.644238         5.669917        97.575745         0.820657
    H          4.673233         5.501312       103.099915         0.820926
    H          2.130959         1.879347        98.118744         0.820396
    H          4.567077         2.937774        95.671394         0.825459
    H          5.285020         0.996108       101.191475         0.825078
    H          1.209670         4.612569       100.023094         0.825385
    H          2.431299         6.092981        96.347030         0.823506
    H         -0.715117         5.076245       101.867110         0.822710
    H          3.345085         1.457144        99.343360         0.823346
    H          4.996344         4.107694        96.958400         0.814237
    H          3.318826         7.065503       102.488556         0.813594
    H          0.779002         3.441860        98.738140         0.814159
    H          1.143145         2.067358       103.620705         0.788139
    H          0.530439         6.572201       105.527110         0.723302
    H         -0.064362         2.492570       104.853516         0.736487
    H          2.497419         0.503168       104.232070         0.781135
    C          2.511909         5.252589        41.966766         0.847681
    C         -1.201142         5.737978        47.486847         0.870093
    C          2.855050         2.116505        43.474937         0.869688
    C          4.053069         3.279432        41.504260         0.845755
    C          5.396676         0.478504        47.024345         0.868945
    C          1.313988         4.089887        43.941532         0.869051
    C          0.012903         1.650392        48.984940         0.870133
    C          0.010590         6.909794        49.445545         0.868910
    C          2.552775         5.270627        52.990860         0.870292
    C         -1.160274         5.756010        58.510940         0.870081
    C          2.895922         2.134544        54.499030         0.870115
    C          4.093941         3.297470        52.528210         0.869110
    C          5.437549         0.496542        58.048294         0.868925
    C          1.354862         4.107918        54.965626         0.869081
    C          0.053769         1.668430        60.009037         0.870102
    C          0.051458         6.927825        60.469494         0.868884
    C          2.593648         5.288666        64.016850         0.870260
    C         -1.119402         5.774048        69.536934         0.870082
    C          2.936795         2.152583        65.525170         0.870112
    C          4.134813         3.315509        63.554350         0.869081
    C          5.478421         0.514581        69.074430         0.868923
    C          1.395735         4.125957        65.991620         0.869088
    C          0.094648         1.686469        71.035180         0.870130
    C          0.092330         6.945864        71.495636         0.868917
    C          2.634522         5.306698        75.040950         0.870289
    C         -1.078529         5.792087        80.561030         0.870080
    C          2.977661         2.170621        76.549126         0.870119
    C          4.175679         3.333548        74.578445         0.869109
    C          5.519289         0.532613        80.098526         0.868921
    C          1.436601         4.143996        77.015720         0.869092
    C          0.135514         1.704508        82.059270         0.870101
    C          0.133196         6.963903        82.519730         0.868886
    C          2.675394         5.324737        86.067090         0.870258
    C         -1.037657         5.810126        91.587170         0.870080
    C          3.018540         2.188660        87.575264         0.870112
    C          4.216558         3.351587        85.604580         0.869085
    C          5.560168         0.550651        91.124670         0.868927
    C          1.477480         4.162034        88.041855         0.869085
    C          0.176387         1.722546        93.085266         0.870134
    C          0.174075         6.981942        93.545870         0.868908
    C          2.716260         5.342775        97.091190         0.870292
    C         -0.996791         5.828165       102.611270         0.869658
    C          3.059407         2.206691        98.599360         0.870119
    C          4.257424         3.369625        96.628685         0.869115
    C          5.601034         0.568690       102.148766         0.868903
    C          1.518346         4.180073        99.065950         0.869099
    C          0.217259         1.740585       104.109360         0.847991
    C          0.214941         6.999980       104.569960         0.845869
    N          2.793632         3.959724        41.351310         0.876255
    N         -1.486505         7.028745        46.867450         0.889846
    N          2.573717         3.409739        44.092290         0.889938
    N          1.427732         5.183515        42.939980         0.895427
    N          3.938683         2.185073        42.503624         0.890636
    N          5.519415         1.577788        48.017715         0.895246
    N          1.867919         3.422736        40.454502         0.890068
    N          0.980957         0.332407        45.966550         0.886513
    N          3.499417         3.946510        44.989246         0.887086
    N          0.248210         5.839998        42.648396         0.893750
    N          1.064614         5.149962        48.158398         0.892862
    N          5.118305         1.528735        42.795208         0.886660
    N          0.298018         0.359552        49.604336         0.889782
    N         -0.111764         5.810871        48.452026         0.895166
    N          4.426127         7.055818        50.503193         0.886474
    N          4.342921         2.238625        48.311348         0.892966
    N          2.834506         3.977756        52.375410         0.889979
    N         -1.445639         7.046784        57.891544         0.889824
    N          2.614585         3.427770        55.116386         0.889955
    N          1.468604         5.201554        53.964073         0.895233
    N          3.979548         2.203111        53.527718         0.895153
    N          5.560289         1.595820        59.041813         0.895246
    N          1.908785         3.440775        51.478596         0.886942
    N          1.021825         0.350439        56.990643         0.886483
    N          3.540285         3.964541        56.013340         0.886968
    N          0.289076         5.858036        53.672490         0.893087
    N          1.105481         5.167993        59.182490         0.892843
    N          5.159178         1.546774        53.819300         0.892933
    N          0.338886         0.377584        60.628433         0.889769
    N         -0.070899         5.828909        59.476120         0.895154
    N          4.466993         7.073856        61.527287         0.886471
    N          4.383787         2.256663        59.335440         0.892971
    N          2.875377         3.995802        63.401546         0.889965
    N         -1.404760         7.064823        68.917540         0.889824
    N          2.655462         3.445816        66.142525         0.889952
    N          1.509477         5.219593        64.990210         0.895234
    N          4.020428         2.221150        64.553856         0.895143
    N          5.601162         1.613858        70.067800         0.895245
    N          1.949657         3.458813        62.504590         0.886935
    N          1.062697         0.368478        68.016640         0.886477
    N          3.581157         3.982580        67.039340         0.886974
    N          0.329955         5.876075        64.698630         0.893089
    N          1.146360         5.186032        70.208630         0.892858
    N          5.200050         1.564812        64.845440         0.892922
    N          0.379765         0.395622        71.654570         0.889783
    N         -0.030026         5.846948        70.502260         0.895167
    N          4.507872         7.091895        72.553430         0.886474
    N          4.424666         2.274702        70.361435         0.892972
    N          2.916244         4.013833        74.425644         0.889980
    N         -1.363894         7.082861        79.941635         0.889823
    N          2.696330         3.463848        77.166620         0.889957
    N          1.550343         5.237631        76.014305         0.895235
    N          4.061294         2.239189        75.577960         0.895149
    N          5.642028         1.631897        81.091900         0.895244
    N          1.990531         3.476845        73.528690         0.886938
    N          1.103570         0.386516        79.040730         0.886480
    N          3.622030         4.000619        78.063430         0.886977
    N          0.370821         5.894113        75.722725         0.893087
    N          1.187226         5.204071        81.232730         0.892850
    N          5.240916         1.582851        75.869540         0.892935
    N          0.420631         0.413661        82.678665         0.889768
    N          0.010841         5.864980        81.526350         0.895158
    N          4.548739         7.109927        83.577520         0.886470
    N          4.465532         2.292741        81.385530         0.892967
    N          2.957123         4.031872        85.451780         0.889967
    N         -1.323022         7.100900        90.967770         0.889825
    N          2.737202         3.481886        88.192610         0.889955
    N          1.591222         5.255670        87.040300         0.895233
    N          4.102166         2.257227        86.603950         0.895141
    N          5.682907         1.649936        92.118040         0.895243
    N          2.031404         3.494884        84.554825         0.886935
    N          1.144442         0.404555        90.066870         0.886480
    N          3.662902         4.018658        89.089570         0.886973
    N          0.411694         5.912152        86.748720         0.893086
    N          1.228098         5.222110        92.258865         0.892863
    N          5.281796         1.600890        86.895530         0.892917
    N          0.461503         0.431700        93.704660         0.889782
    N          0.051721         5.883019        92.552350         0.895164
    N          4.589612         7.127966        94.603516         0.886476
    N          4.506404         2.310780        92.411670         0.892965
    N          2.997989         4.049911        96.475730         0.889981
    N         -1.282156         7.118939       101.991870         0.889807
    N          2.778068         3.499925        99.216705         0.889974
    N          1.632089         5.273702        98.064400         0.895236
    N          4.143032         2.275266        97.628044         0.895148
    N          5.723773         1.667975       103.142136         0.895470
    N          2.072269         3.512923        95.578920         0.886941
    N          1.185308         0.422594       101.090965         0.886599
    N          3.703768         4.036696       100.113660         0.887005
    N          0.452561         5.930184        97.772810         0.893081
    N          1.268964         5.240149       103.282960         0.886586
    N          5.322661         1.618929        97.919624         0.892931
    N          0.502376         0.449739       104.728760         0.876208
    N          0.092586         5.901057       103.576450         0.890710
    N          4.630478         7.146004       105.627610         0.889986
    N          4.547272         2.328811       103.435770         0.893643
    O          0.855840         4.096404        40.233330         0.944915
    O          0.448939         6.892963        45.745377         0.919569
    O          4.511441         3.272763        45.208374         0.919992
    O          2.126840         2.310374        40.000034         0.945267
    O          0.718306         1.443055        45.510036         0.916568
    O          3.240700         5.058872        45.445614         0.917567
    O          0.284264         6.772073        41.839966         0.937374
    O          1.022426         4.213872        47.356102         0.925617
    O          5.081993         0.596298        43.601593         0.925286
    O         -0.755564         5.454646        43.273780         0.928561
    O          6.122242         1.914311        42.171867         0.927176
    O          3.335369         1.852897        47.693993         0.927826
    O          4.958130         0.495334        50.724510         0.919544
    O          4.688415         5.945019        50.959705         0.916644
    O          4.385238         3.174787        49.115685         0.925865
    O          2.072132         5.535538        48.775894         0.927839
    O          0.896707         4.114435        51.257427         0.919943
    O          0.489806         6.910995        56.769325         0.919536
    O          4.552307         3.290802        56.232468         0.919905
    O          2.167706         2.328413        51.024128         0.917316
    O          0.759172         1.461093        56.534130         0.916597
    O          3.281566         5.076911        56.469707         0.917452
    O          0.325130         6.790112        52.864060         0.926184
    O          1.063292         4.231911        58.380196         0.925616
    O          5.122867         0.614329        54.625687         0.925993
    O         -0.714696         5.472677        54.297874         0.928521
    O          6.163108         1.932350        53.195960         0.928325
    O          3.376235         1.870936        58.717945         0.927831
    O          4.998996         0.513373        61.748460         0.919553
    O          4.729280         5.963057        61.983800         0.916666
    O          4.426104         3.192826        60.139782         0.925888
    O          2.112998         5.553577        59.799843         0.927826
    O          0.937578         4.132481        62.283420         0.919950
    O          0.530679         6.929033        67.795460         0.919531
    O          4.593179         3.308840        67.258606         0.919913
    O          2.208585         2.346452        62.050120         0.917325
    O          0.800051         1.479132        67.560270         0.916584
    O          3.322439         5.094949        67.495850         0.917470
    O          0.366009         6.808151        63.890198         0.926207
    O          1.104164         4.249950        69.406334         0.925621
    O          5.163738         0.632375        65.651825         0.925986
    O         -0.673824         5.490716        65.324010         0.928524
    O         -0.391773         1.950388        64.221954         0.928341
    O          3.417114         1.888974        69.744090         0.927815
    O          5.039875         0.531412        72.774600         0.919541
    O          4.770153         5.981096        73.009940         0.916648
    O          4.466977         3.210864        71.165924         0.925889
    O          2.153871         5.571616        70.825980         0.927825
    O          0.978446         4.150513        73.307520         0.919935
    O          0.571551         6.947072        78.819565         0.919530
    O          4.634045         3.326879        78.282700         0.919917
    O          2.249452         2.364483        73.074220         0.917306
    O          0.840917         1.497171        78.584220         0.916595
    O          3.363307         5.112980        78.519940         0.917473
    O          0.406875         6.826189        74.914290         0.926183
    O          1.145032         4.267981        80.430280         0.925634
    O          5.204605         0.650407        76.675930         0.925993
    O         -0.632951         5.508755        76.348110         0.928524
    O         -0.350907         1.968427        75.246050         0.928334
    O          3.457980         1.907013        80.768180         0.927815
    O          5.080742         0.549443        83.798690         0.919555
    O          4.811026         5.999135        84.034035         0.916663
    O          4.507844         3.228896        82.189870         0.925895
    O          2.194736         5.589654        81.850075         0.927826
    O          1.019325         4.168551        84.333660         0.919949
    O          0.612424         6.965111        89.845700         0.919528
    O          4.674924         3.344918        89.308690         0.919909
    O          2.290323         2.382529        84.100360         0.917324
    O          0.881790         1.515210        89.610360         0.916593
    O          3.404186         5.131019        89.546080         0.917466
    O          0.447747         6.844228        85.940440         0.926181
    O          1.185909         4.286027        91.456430         0.925637
    O          5.245484         0.668445        87.701920         0.925995
    O         -0.592079         5.526794        87.374250         0.928540
    O         -0.310034         1.986466        86.272194         0.928323
    O          3.498852         1.925052        91.794320         0.927814
    O          5.121615         0.567482        94.824840         0.919550
    O          4.851898         6.017173        95.060030         0.916648
    O          4.548722         3.246942        93.216010         0.925874
    O          2.235616         5.607693        92.876220         0.927825
    O          1.060191         4.186590        95.357750         0.919939
    O          0.653289         6.983149       100.869800         0.919618
    O          4.715792         3.362949       100.332794         0.919944
    O          2.331197         2.400561        95.124450         0.917312
    O          0.922655         1.533248       100.634450         0.916710
    O          3.445051         5.149058       100.570175         0.917440
    O          0.488615         6.862259        96.964530         0.926158
    O          1.226777         4.304059       102.480520         0.924918
    O          5.286350         0.686484        98.726010         0.925995
    O         -0.551213         5.544832        98.398200         0.928534
    O         -0.269168         2.004504        97.296290         0.928322
    O          3.539725         1.943090       102.818410         0.927825
    O          5.162481         0.585521       105.848930         0.944993
    O          4.892766         6.035205       106.084120         0.945246
    O          4.589589         3.264973       104.240105         0.937284
    O          2.276483         5.625724       103.900314         0.926669
   |---------------------------------------------------------------------------
   |--------------------------------MBD@rSCS Settings---------------------------
    Exchange-Correlation functional:   1  (PBE)
    Radius used to construct the supercell in periodic MBD calculations  20.00000 Angstrom
    Radius used to integrate dipole field in periodic MBD calculation 100.00000 Angstrom
    Radius used to integrate dipole field in periodic SCS calculation 120.00000 Angstrom
     Found mbd_scs_vacuum_axis keyword in setting file
     This keyword specifies direction of vacuum region in case of low-dimensional systems
    Default: No vacuum mbd_scs_vacuum_axis .false. .false. .false.
    For example in the case of periodic slab along xy directions the keyword
    mbd_scs_vacuum_axis .false. .false. .true. is needed to specify z as
    vacuum direction in MBD/SCS calculation.
   |---------------------------------------------------------------------------
   | Many-Body Dispersion (MBD@rsSCS) energy
   | Dynamic polarizability of unit cell alpha(iw) (bohr^3)
   | ---------------------------------------------------------------------------
   |  omega(Ha)   alpha_iso      alpha_xx       alpha_yy       alpha_zz
   |   0.000000   0.180724E+04   0.169775E+04   0.170888E+04   0.201508E+04
   |   0.039290   0.179958E+04   0.169002E+04   0.170195E+04   0.200675E+04
   |   0.118358   0.174023E+04   0.163044E+04   0.164825E+04   0.194200E+04
   |   0.198912   0.163084E+04   0.152185E+04   0.154907E+04   0.182161E+04
   |   0.282029   0.148587E+04   0.138059E+04   0.141690E+04   0.166012E+04
   |   0.368919   0.132015E+04   0.122271E+04   0.126442E+04   0.147332E+04
   |   0.461006   0.114628E+04   0.106065E+04   0.110269E+04   0.127549E+04
   |   0.560027   0.974054E+03   0.902852E+03   0.940837E+03   0.107847E+04
   |   0.668179   0.810864E+03   0.754852E+03   0.786205E+03   0.891536E+03
   |   0.788336   0.661899E+03   0.620197E+03   0.644152E+03   0.721347E+03
   |   0.924390   0.530182E+03   0.500803E+03   0.517886E+03   0.571855E+03
   |   1.081790   0.416726E+03   0.397169E+03   0.408582E+03   0.444428E+03
   |   1.268490   0.320952E+03   0.308688E+03   0.315831E+03   0.338337E+03
   |   1.496610   0.241313E+03   0.234110E+03   0.238283E+03   0.251544E+03
   |   1.785630   0.175895E+03   0.171975E+03   0.174231E+03   0.181481E+03
   |   2.169170   0.122842E+03   0.120901E+03   0.122011E+03   0.125615E+03
   |   2.710620   0.806066E+02   0.797622E+02   0.802423E+02   0.818153E+02
   |   3.545730   0.480130E+02   0.477113E+02   0.478822E+02   0.484457E+02
   |   5.027340   0.242203E+02   0.241431E+02   0.241867E+02   0.243311E+02
   |   8.448960   0.865473E+01   0.864484E+01   0.865041E+01   0.866893E+01
   |  25.451700   0.958104E+00   0.957982E+00   0.958051E+00   0.958278E+00
   | ---------------------------------------------------------------------------
   | Unit cell C6 coefficient    :      1471636.93428515    hartree bohr^6
   | ---------------------------------------------------------------------------
   | Partitioned C6 (hartree bohr^6) | alpha (bohr^3)  of atom in unit cell
   | ---------------------------------------------------------------------------
   | ATOM    1  H     2.011951          2.082911
   | ATOM    2  H     2.125064          2.132193
   | ATOM    3  H     2.124531          2.132608
   | ATOM    4  H     1.790253          2.025292
   | ATOM    5  H     2.395918          2.359622
   | ATOM    6  H     2.394996          2.359115
   | ATOM    7  H     1.723244          1.957203
   | ATOM    8  H     2.139956          2.188683
   | ATOM    9  H     2.134313          2.183444
   | ATOM   10  H     1.869976          1.972351
   | ATOM   11  H     2.013472          2.046938
   | ATOM   12  H     2.011193          2.046627
   | ATOM   13  H     2.125606          2.132664
   | ATOM   14  H     2.395793          2.359560
   | ATOM   15  H     2.141298          2.189435
   | ATOM   16  H     2.012754          2.046409
   | ATOM   17  H     2.117693          2.126567
   | ATOM   18  H     2.125084          2.132200
   | ATOM   19  H     2.114007          2.124068
   | ATOM   20  H     2.396649          2.359592
   | ATOM   21  H     2.395552          2.359400
   | ATOM   22  H     2.395852          2.359129
   | ATOM   23  H     2.142778          2.189903
   | ATOM   24  H     2.139710          2.188548
   | ATOM   25  H     2.138813          2.187685
   | ATOM   26  H     2.012408          2.046107
   | ATOM   27  H     2.013658          2.047105
   | ATOM   28  H     2.013417          2.047266
   | ATOM   29  H     2.125498          2.132663
   | ATOM   30  H     2.395699          2.359656
   | ATOM   31  H     2.140520          2.188930
   | ATOM   32  H     2.012284          2.046091
   | ATOM   33  H     2.117731          2.126666
   | ATOM   34  H     2.125072          2.132195
   | ATOM   35  H     2.114063          2.124111
   | ATOM   36  H     2.395962          2.359231
   | ATOM   37  H     2.395472          2.359363
   | ATOM   38  H     2.396405          2.359544
   | ATOM   39  H     2.142075          2.189418
   | ATOM   40  H     2.139356          2.188263
   | ATOM   41  H     2.138779          2.187660
   | ATOM   42  H     2.012098          2.045920
   | ATOM   43  H     2.013632          2.047090
   | ATOM   44  H     2.013373          2.047220
   | ATOM   45  H     2.125569          2.132653
   | ATOM   46  H     2.396392          2.360005
   | ATOM   47  H     2.140922          2.189130
   | ATOM   48  H     2.012693          2.046354
   | ATOM   49  H     2.117895          2.126732
   | ATOM   50  H     2.125138          2.132253
   | ATOM   51  H     2.114076          2.124100
   | ATOM   52  H     2.396701          2.359625
   | ATOM   53  H     2.395462          2.359369
   | ATOM   54  H     2.396491          2.359593
   | ATOM   55  H     2.142427          2.189616
   | ATOM   56  H     2.139357          2.188255
   | ATOM   57  H     2.139156          2.187954
   | ATOM   58  H     2.012356          2.046064
   | ATOM   59  H     2.013470          2.046980
   | ATOM   60  H     2.013430          2.047258
   | ATOM   61  H     2.125389          2.132570
   | ATOM   62  H     2.395715          2.359655
   | ATOM   63  H     2.140574          2.188947
   | ATOM   64  H     2.012418          2.046192
   | ATOM   65  H     2.117536          2.126533
   | ATOM   66  H     2.125130          2.132254
   | ATOM   67  H     2.114059          2.124118
   | ATOM   68  H     2.396613          2.359726
   | ATOM   69  H     2.396150          2.359860
   | ATOM   70  H     2.395896          2.359157
   | ATOM   71  H     2.142070          2.189457
   | ATOM   72  H     2.139290          2.188235
   | ATOM   73  H     2.138786          2.187665
   | ATOM   74  H     2.011861          2.045736
   | ATOM   75  H     2.013421          2.046918
   | ATOM   76  H     2.013456          2.047303
   | ATOM   77  H     2.125598          2.132657
   | ATOM   78  H     2.395700          2.359505
   | ATOM   79  H     2.141299          2.189428
   | ATOM   80  H     2.012753          2.046415
   | ATOM   81  H     2.117733          2.126597
   | ATOM   82  H     2.136574          2.141363
   | ATOM   83  H     2.113911          2.124004
   | ATOM   84  H     2.397267          2.360066
   | ATOM   85  H     2.395213          2.359726
   | ATOM   86  H     2.395616          2.358891
   | ATOM   87  H     2.142783          2.189921
   | ATOM   88  H     2.135248          2.184356
   | ATOM   89  H     2.138957          2.187731
   | ATOM   90  H     2.012236          2.045972
   | ATOM   91  H     2.011080          2.046131
   | ATOM   92  H     2.013487          2.047309
   | ATOM   93  H     2.021671          2.089730
   | ATOM   94  H     1.791907          2.026218
   | ATOM   95  H     1.725058          1.958111
   | ATOM   96  H     1.875041          1.975754
   | ATOM   97  C    37.574761         10.513244
   | ATOM   98  C    39.285632         10.718326
   | ATOM   99  C    39.171154         10.700654
   | ATOM  100  C    38.641855         10.750847
   | ATOM  101  C    41.692406         11.176082
   | ATOM  102  C    41.561360         11.151780
   | ATOM  103  C    39.277820         10.717731
   | ATOM  104  C    41.690765         11.175944
   | ATOM  105  C    39.258622         10.713840
   | ATOM  106  C    39.286361         10.718531
   | ATOM  107  C    39.236501         10.709917
   | ATOM  108  C    41.675648         11.172778
   | ATOM  109  C    41.691387         11.175966
   | ATOM  110  C    41.658419         11.169911
   | ATOM  111  C    39.274241         10.717191
   | ATOM  112  C    41.685835         11.175166
   | ATOM  113  C    39.256741         10.713668
   | ATOM  114  C    39.285264         10.718383
   | ATOM  115  C    39.235406         10.709769
   | ATOM  116  C    41.669884         11.171888
   | ATOM  117  C    41.691493         11.175956
   | ATOM  118  C    41.659197         11.169976
   | ATOM  119  C    39.276095         10.717488
   | ATOM  120  C    41.692521         11.176184
   | ATOM  121  C    39.258470         10.713868
   | ATOM  122  C    39.285138         10.718361
   | ATOM  123  C    39.236598         10.709910
   | ATOM  124  C    41.675649         11.172783
   | ATOM  125  C    41.690575         11.175779
   | ATOM  126  C    41.659539         11.170023
   | ATOM  127  C    39.274376         10.717293
   | ATOM  128  C    41.686438         11.175274
   | ATOM  129  C    39.256199         10.713492
   | ATOM  130  C    39.285546         10.718350
   | ATOM  131  C    39.235821         10.709823
   | ATOM  132  C    41.670460         11.171942
   | ATOM  133  C    41.692220         11.176073
   | ATOM  134  C    41.657757         11.169755
   | ATOM  135  C    39.278002         10.717758
   | ATOM  136  C    41.689859         11.175820
   | ATOM  137  C    39.258210         10.713776
   | ATOM  138  C    39.220232         10.709063
   | ATOM  139  C    39.235825         10.709780
   | ATOM  140  C    41.676101         11.172791
   | ATOM  141  C    41.600036         11.158919
   | ATOM  142  C    41.658728         11.169914
   | ATOM  143  C    37.615851         10.519445
   | ATOM  144  C    38.681837         10.757169
   | ATOM  145  N    18.433707          6.133328
   | ATOM  146  N    18.912732          6.204754
   | ATOM  147  N    18.983990          6.225033
   | ATOM  148  N    20.906683          6.811910
   | ATOM  149  N    20.921599          6.838044
   | ATOM  150  N    21.145605          6.874833
   | ATOM  151  N    21.021167          6.703600
   | ATOM  152  N    20.662211          6.645011
   | ATOM  153  N    20.711750          6.653464
   | ATOM  154  N    21.085439          6.648267
   | ATOM  155  N    20.972781          6.630396
   | ATOM  156  N    20.917375          6.638964
   | ATOM  157  N    18.911898          6.204495
   | ATOM  158  N    21.154270          6.876364
   | ATOM  159  N    20.665214          6.645255
   | ATOM  160  N    20.977303          6.631439
   | ATOM  161  N    18.913617          6.203811
   | ATOM  162  N    18.911783          6.204575
   | ATOM  163  N    18.910872          6.204181
   | ATOM  164  N    21.165075          6.880117
   | ATOM  165  N    21.177467          6.881974
   | ATOM  166  N    21.143909          6.874517
   | ATOM  167  N    20.699856          6.652501
   | ATOM  168  N    20.662125          6.645148
   | ATOM  169  N    20.701896          6.652838
   | ATOM  170  N    20.996083          6.635329
   | ATOM  171  N    20.972404          6.630338
   | ATOM  172  N    20.983368          6.632403
   | ATOM  173  N    18.912117          6.204646
   | ATOM  174  N    21.154844          6.876475
   | ATOM  175  N    20.666049          6.645408
   | ATOM  176  N    20.977676          6.631524
   | ATOM  177  N    18.913264          6.203738
   | ATOM  178  N    18.912516          6.204805
   | ATOM  179  N    18.911617          6.204336
   | ATOM  180  N    21.164236          6.879915
   | ATOM  181  N    21.176695          6.881843
   | ATOM  182  N    21.145172          6.874847
   | ATOM  183  N    20.700493          6.652701
   | ATOM  184  N    20.661778          6.645065
   | ATOM  185  N    20.703131          6.653070
   | ATOM  186  N    20.995947          6.635281
   | ATOM  187  N    20.972099          6.630222
   | ATOM  188  N    20.983634          6.632519
   | ATOM  189  N    18.912521          6.204674
   | ATOM  190  N    21.155077          6.876559
   | ATOM  191  N    20.665535          6.645314
   | ATOM  192  N    20.977779          6.631579
   | ATOM  193  N    18.913250          6.203675
   | ATOM  194  N    18.912708          6.204864
   | ATOM  195  N    18.911624          6.204369
   | ATOM  196  N    21.164967          6.880099
   | ATOM  197  N    21.177035          6.881811
   | ATOM  198  N    21.144872          6.874764
   | ATOM  199  N    20.699654          6.652524
   | ATOM  200  N    20.662370          6.645207
   | ATOM  201  N    20.703207          6.653062
   | ATOM  202  N    20.996014          6.635321
   | ATOM  203  N    20.972885          6.630459
   | ATOM  204  N    20.983943          6.632545
   | ATOM  205  N    18.912268          6.204666
   | ATOM  206  N    21.154470          6.876445
   | ATOM  207  N    20.666282          6.645472
   | ATOM  208  N    20.977042          6.631379
   | ATOM  209  N    18.913147          6.203718
   | ATOM  210  N    18.912150          6.204695
   | ATOM  211  N    18.910649          6.204103
   | ATOM  212  N    21.164115          6.879903
   | ATOM  213  N    21.177258          6.881909
   | ATOM  214  N    21.145633          6.874861
   | ATOM  215  N    20.700093          6.652590
   | ATOM  216  N    20.662093          6.645128
   | ATOM  217  N    20.702464          6.652968
   | ATOM  218  N    20.995739          6.635233
   | ATOM  219  N    20.973229          6.630480
   | ATOM  220  N    20.983305          6.632444
   | ATOM  221  N    18.912015          6.204532
   | ATOM  222  N    21.154496          6.876426
   | ATOM  223  N    20.665310          6.645272
   | ATOM  224  N    20.977377          6.631470
   | ATOM  225  N    18.913716          6.203847
   | ATOM  226  N    18.983652          6.225124
   | ATOM  227  N    18.911650          6.204289
   | ATOM  228  N    21.165230          6.880123
   | ATOM  229  N    21.177726          6.881978
   | ATOM  230  N    20.897824          6.809147
   | ATOM  231  N    20.700214          6.652574
   | ATOM  232  N    20.671827          6.645723
   | ATOM  233  N    20.702747          6.652901
   | ATOM  234  N    20.995239          6.635124
   | ATOM  235  N    20.906358          6.636831
   | ATOM  236  N    20.983307          6.632426
   | ATOM  237  N    18.426134          6.131767
   | ATOM  238  N    20.903910          6.833542
   | ATOM  239  N    21.002758          6.698778
   | ATOM  240  N    21.070164          6.645155
   | ATOM  241  O    13.090018          4.681150
   | ATOM  242  O    12.250142          4.514855
   | ATOM  243  O    12.259718          4.515866
   | ATOM  244  O    13.304476          4.736912
   | ATOM  245  O    12.124185          4.474882
   | ATOM  246  O    12.170678          4.486625
   | ATOM  247  O    13.108048          4.713957
   | ATOM  248  O    12.739269          4.644125
   | ATOM  249  O    12.741053          4.643748
   | ATOM  250  O    13.059082          4.749083
   | ATOM  251  O    13.217725          4.799775
   | ATOM  252  O    13.082994          4.758708
   | ATOM  253  O    12.250809          4.515123
   | ATOM  254  O    12.128624          4.476462
   | ATOM  255  O    12.754826          4.648328
   | ATOM  256  O    13.085829          4.759577
   | ATOM  257  O    12.261133          4.516974
   | ATOM  258  O    12.250630          4.515004
   | ATOM  259  O    12.256201          4.515457
   | ATOM  260  O    12.153212          4.481745
   | ATOM  261  O    12.128588          4.476429
   | ATOM  262  O    12.164778          4.485075
   | ATOM  263  O    12.762804          4.649045
   | ATOM  264  O    12.739878          4.644320
   | ATOM  265  O    12.749462          4.645623
   | ATOM  266  O    13.080739          4.755361
   | ATOM  267  O    13.070637          4.752748
   | ATOM  268  O    13.083693          4.758902
   | ATOM  269  O    12.251687          4.515341
   | ATOM  270  O    12.130380          4.476924
   | ATOM  271  O    12.755259          4.648375
   | ATOM  272  O    13.085696          4.759579
   | ATOM  273  O    12.262056          4.517243
   | ATOM  274  O    12.250465          4.514941
   | ATOM  275  O    12.256371          4.515512
   | ATOM  276  O    12.154516          4.482111
   | ATOM  277  O    12.128124          4.476283
   | ATOM  278  O    12.165391          4.485247
   | ATOM  279  O    12.763517          4.649175
   | ATOM  280  O    12.740148          4.644397
   | ATOM  281  O    12.749395          4.645610
   | ATOM  282  O    13.080612          4.755322
   | ATOM  283  O    13.072015          4.753121
   | ATOM  284  O    13.082630          4.758634
   | ATOM  285  O    12.250566          4.515030
   | ATOM  286  O    12.128928          4.476531
   | ATOM  287  O    12.756151          4.648674
   | ATOM  288  O    13.085040          4.759385
   | ATOM  289  O    12.260830          4.516911
   | ATOM  290  O    12.250232          4.514879
   | ATOM  291  O    12.256521          4.515543
   | ATOM  292  O    12.153005          4.481707
   | ATOM  293  O    12.128797          4.476475
   | ATOM  294  O    12.165387          4.485234
   | ATOM  295  O    12.763127          4.649150
   | ATOM  296  O    12.741102          4.644661
   | ATOM  297  O    12.749277          4.645561
   | ATOM  298  O    13.080546          4.755296
   | ATOM  299  O    13.071369          4.752951
   | ATOM  300  O    13.082802          4.758692
   | ATOM  301  O    12.251766          4.515358
   | ATOM  302  O    12.130265          4.476890
   | ATOM  303  O    12.755613          4.648463
   | ATOM  304  O    13.085440          4.759487
   | ATOM  305  O    12.261959          4.517215
   | ATOM  306  O    12.250167          4.514868
   | ATOM  307  O    12.256032          4.515402
   | ATOM  308  O    12.154390          4.482070
   | ATOM  309  O    12.128743          4.476468
   | ATOM  310  O    12.165490          4.485271
   | ATOM  311  O    12.762188          4.648836
   | ATOM  312  O    12.740572          4.644502
   | ATOM  313  O    12.749686          4.645683
   | ATOM  314  O    13.081578          4.755559
   | ATOM  315  O    13.070929          4.752844
   | ATOM  316  O    13.082837          4.758698
   | ATOM  317  O    12.250970          4.515153
   | ATOM  318  O    12.128707          4.476471
   | ATOM  319  O    12.755072          4.648378
   | ATOM  320  O    13.085259          4.759435
   | ATOM  321  O    12.261029          4.516958
   | ATOM  322  O    12.253867          4.515325
   | ATOM  323  O    12.255885          4.515368
   | ATOM  324  O    12.153125          4.481729
   | ATOM  325  O    12.134643          4.478014
   | ATOM  326  O    12.160949          4.483703
   | ATOM  327  O    12.761592          4.648744
   | ATOM  328  O    12.731943          4.642591
   | ATOM  329  O    12.749025          4.645473
   | ATOM  330  O    13.080980          4.755394
   | ATOM  331  O    13.070305          4.752655
   | ATOM  332  O    13.060503          4.752256
   | ATOM  333  O    13.091827          4.681474
   | ATOM  334  O    13.300511          4.735769
   | ATOM  335  O    13.106980          4.714542
   | ATOM  336  O    13.231453          4.806107
   | ---------------------------------------------------------------------------
   | Creating super cell of dimension  4 X   3 X   1 in MBD calculation
   | containing  4032  atom
   | MBD@rsSCS energy   :        -0.822111199 Ha            -22.370468203 eV
