  Using        7 parallel tasks.
   |---------------------------Input Geometry-----------------------------------------
   Number of atoms  280
 
    H          3.439887         5.579731        42.451410         0.787346
    H          4.468875         5.411126        47.975502         0.820735
    H          1.926610         1.789154        42.994350         0.820479
    H          4.362726         2.847587        40.546925         0.722847
    H          5.080670         0.905914        46.067100         0.824964
    H          1.005319         4.522382        44.898697         0.825490
    H          2.226942         6.002795        41.222633         0.735920
    H         -0.919475         4.986059        46.742805         0.822891
    H          3.140736         1.366951        44.218940         0.823173
    H          4.791986         4.017508        41.834050         0.780705
    H          3.114469         6.975316        47.364082         0.814016
    H          0.574653         3.351666        43.613735         0.813723
    H          0.938794         1.977172        48.496292         0.820728
    H          0.326081         6.482014        50.402664         0.825111
    H         -0.268713         2.402384        49.728985         0.822962
    H          2.293068         0.412981        49.107574         0.813986
    H          3.480754         5.597762        53.475418         0.820654
    H          4.509747         5.429164        58.999508         0.820734
    H          1.967476         1.807192        54.018360         0.820405
    H          4.403594         2.865619        51.571070         0.825451
    H          5.121537         0.923953        57.091110         0.824936
    H          1.046185         4.540421        55.922840         0.825358
    H          2.267809         6.020826        52.246777         0.823504
    H         -0.878609         5.004097        57.766815         0.822841
    H          3.181602         1.384989        55.243084         0.823302
    H          4.832852         4.035546        52.858060         0.814236
    H          3.155343         6.993348        58.388230         0.814008
    H          0.615519         3.369705        54.637745         0.814153
    H          0.979660         1.995210        59.520435         0.820670
    H          0.366947         6.500053        61.426807         0.825027
    H         -0.227846         2.420415        60.753128         0.822893
    H          2.333934         0.431020        60.131718         0.813943
    H          3.521633         5.615801        64.501590         0.820604
    H          4.550620         5.447203        70.025680         0.820734
    H          2.008348         1.825231        65.044525         0.820403
    H          4.444465         2.883665        62.597103         0.825370
    H          5.162409         0.941992        68.117280         0.824922
    H          1.087064         4.558460        66.948875         0.825348
    H          2.308688         6.038865        63.272810         0.823439
    H         -0.837730         5.022136        68.792984         0.822840
    H          3.222481         1.403028        66.269120         0.823295
    H          4.873731         4.053585        63.884228         0.814199
    H          3.196214         7.011393        69.414260         0.814003
    H          0.656392         3.387744        65.663920         0.814147
    H          1.020532         2.013249        70.546470         0.820723
    H          0.407826         6.518092        72.452840         0.825110
    H         -0.186968         2.438461        71.779170         0.822962
    H          2.374806         0.449059        71.157750         0.813985
    H          3.562499         5.633840        75.525600         0.820655
    H          4.591486         5.465242        81.049690         0.820735
    H          2.049221         1.843270        76.068535         0.820403
    H          4.485332         2.901696        73.621250         0.825448
    H          5.203275         0.960031        79.141290         0.824933
    H          1.127930         4.576498        77.973020         0.825361
    H          2.349554         6.056903        74.296950         0.823501
    H         -0.796864         5.040175        79.816990         0.822838
    H          3.263347         1.421067        77.293260         0.823302
    H          4.914599         4.071617        74.908230         0.814236
    H          3.237081         7.029425        80.438410         0.814007
    H          0.697264         3.405782        76.687920         0.814154
    H          1.061406         2.031280        81.570620         0.820668
    H          0.448692         6.536130        83.476990         0.825028
    H         -0.146100         2.456492        82.803310         0.822893
    H          2.415672         0.467097        82.181900         0.813943
    H          3.603372         5.651878        86.551765         0.820608
    H          4.632365         5.483281        92.075860         0.820926
    H          2.090093         1.861309        87.094700         0.820401
    H          4.526211         2.919735        84.647285         0.825369
    H          5.244154         0.978069        90.167460         0.825071
    H          1.168802         4.594537        88.999054         0.825389
    H          2.390427         6.074942        85.322990         0.823439
    H         -0.755992         5.058213        90.843030         0.822712
    H          3.304219         1.439105        88.319300         0.823348
    H          4.955471         4.089655        85.934400         0.814199
    H          3.277960         7.047464        91.464440         0.813590
    H          0.738137         3.423821        87.714096         0.814159
    H          1.102279         2.049319        92.596650         0.788136
    H          0.489565         6.554169        94.503020         0.723311
    H         -0.105228         2.474531        93.829346         0.736486
    H          2.456552         0.485136        93.207930         0.781141
    C          2.511909         5.252589        41.966680         0.847679
    C         -1.201142         5.737978        47.486855         0.870090
    C          2.855050         2.116505        43.474895         0.869688
    C          4.053069         3.279432        41.504230         0.845759
    C          5.396676         0.478504        47.024273         0.868939
    C          1.313988         4.089887        43.941525         0.869054
    C          0.012903         1.650392        48.984940         0.870133
    C          0.010590         6.909794        49.445496         0.868911
    C          2.552775         5.270627        52.990820         0.870288
    C         -1.160274         5.756010        58.510860         0.870080
    C          2.895922         2.134544        54.499040         0.870119
    C          4.093941         3.297470        52.528240         0.869111
    C          5.437549         0.496542        58.048416         0.868929
    C          1.354862         4.107918        54.965534         0.869092
    C          0.053769         1.668430        60.009083         0.870103
    C          0.051458         6.927825        60.469500         0.868885
    C          2.593648         5.288666        64.016850         0.870265
    C         -1.119402         5.774048        69.537030         0.870081
    C          2.936795         2.152583        65.525070         0.870112
    C          4.134813         3.315509        63.554410         0.869090
    C          5.478421         0.514581        69.074450         0.868922
    C          1.395735         4.125957        65.991710         0.869083
    C          0.094648         1.686469        71.035120         0.870132
    C          0.092330         6.945864        71.495674         0.868911
    C          2.634522         5.306698        75.041000         0.870288
    C         -1.078529         5.792087        80.561040         0.870080
    C          2.977661         2.170621        76.549220         0.870119
    C          4.175679         3.333548        74.578420         0.869109
    C          5.519289         0.532613        80.098595         0.868927
    C          1.436601         4.143996        77.015720         0.869093
    C          0.135514         1.704508        82.059265         0.870102
    C          0.133196         6.963903        82.519684         0.868886
    C          2.675394         5.324737        86.067030         0.870266
    C         -1.037657         5.810126        91.587210         0.869658
    C          3.018540         2.188660        87.575250         0.870119
    C          4.216558         3.351587        85.604590         0.869089
    C          5.560168         0.550651        91.124626         0.868897
    C          1.477480         4.162034        88.041885         0.869101
    C          0.176387         1.722546        93.085300         0.847989
    C          0.174075         6.981942        93.545850         0.845874
    N          2.793632         3.959724        41.351345         0.876259
    N         -1.486505         7.028745        46.867466         0.889845
    N          2.573717         3.409739        44.092255         0.889938
    N          1.427732         5.183515        42.940056         0.895430
    N          3.938683         2.185073        42.503677         0.890637
    N          5.519415         1.577788        48.017640         0.895246
    N          1.867919         3.422736        40.454410         0.890064
    N          0.980957         0.332407        45.966480         0.886511
    N          3.499417         3.946510        44.989190         0.887093
    N          0.248210         5.839998        42.648460         0.893753
    N          1.064614         5.149962        48.158510         0.892862
    N          5.118305         1.528735        42.795273         0.886662
    N          0.298018         0.359552        49.604324         0.889786
    N         -0.111764         5.810871        48.452130         0.895164
    N          4.426127         7.055818        50.503284         0.886472
    N          4.342921         2.238625        48.311260         0.892969
    N          2.834506         3.977756        52.375490         0.889980
    N         -1.445639         7.046784        57.891476         0.889824
    N          2.614585         3.427770        55.116398         0.889959
    N          1.468604         5.201554        53.964066         0.895233
    N          3.979548         2.203111        53.527687         0.895153
    N          5.560289         1.595820        59.041782         0.895245
    N          1.908785         3.440775        51.478554         0.886942
    N          1.021825         0.350439        56.990627         0.886483
    N          3.540285         3.964541        56.013332         0.886970
    N          0.289076         5.858036        53.672470         0.893085
    N          1.105481         5.167993        59.182514         0.892847
    N          5.159178         1.546774        53.819280         0.892934
    N          0.338886         0.377584        60.628468         0.889768
    N         -0.070899         5.828909        59.476135         0.895156
    N          4.466993         7.073856        61.527294         0.886472
    N          4.383787         2.256663        59.335403         0.892971
    N          2.875377         3.995802        63.401524         0.889969
    N         -1.404760         7.064823        68.917650         0.889826
    N          2.655462         3.445816        66.142430         0.889955
    N          1.509477         5.219593        64.990234         0.895236
    N          4.020428         2.221150        64.553856         0.895141
    N          5.601162         1.613858        70.067820         0.895243
    N          1.949657         3.458813        62.504590         0.886936
    N          1.062697         0.368478        68.016660         0.886480
    N          3.581157         3.982580        67.039370         0.886975
    N          0.329955         5.876075        64.698640         0.893091
    N          1.146360         5.186032        70.208690         0.892861
    N          5.200050         1.564812        64.845450         0.892917
    N          0.379765         0.395622        71.654500         0.889786
    N         -0.030026         5.846948        70.502174         0.895163
    N          4.507872         7.091895        72.553470         0.886472
    N          4.424666         2.274702        70.361435         0.892968
    N          2.916244         4.013833        74.425670         0.889980
    N         -1.363894         7.082861        79.941660         0.889824
    N          2.696330         3.463848        77.166570         0.889959
    N          1.550343         5.237631        76.014244         0.895234
    N          4.061294         2.239189        75.577866         0.895152
    N          5.642028         1.631897        81.091965         0.895244
    N          1.990531         3.476845        73.528730         0.886940
    N          1.103570         0.386516        79.040800         0.886481
    N          3.622030         4.000619        78.063510         0.886969
    N          0.370821         5.894113        75.722650         0.893086
    N          1.187226         5.204071        81.232700         0.892847
    N          5.240916         1.582851        75.869460         0.892934
    N          0.420631         0.413661        82.678650         0.889768
    N          0.010841         5.864980        81.526310         0.895157
    N          4.548739         7.109927        83.577470         0.886473
    N          4.465532         2.292741        81.385580         0.892970
    N          2.957123         4.031872        85.451700         0.889969
    N         -1.323022         7.100900        90.967830         0.889807
    N          2.737202         3.481886        88.192610         0.889974
    N          1.591222         5.255670        87.040410         0.895240
    N          4.102166         2.257227        86.604034         0.895140
    N          5.682907         1.649936        92.118000         0.895470
    N          2.031404         3.494884        84.554760         0.886934
    N          1.144442         0.404555        90.066840         0.886599
    N          3.662902         4.018658        89.089550         0.887007
    N          0.411694         5.912152        86.748820         0.893091
    N          1.228098         5.222110        92.258865         0.886583
    N          5.281796         1.600890        86.895630         0.892917
    N          0.461503         0.431700        93.704680         0.876212
    N          0.051721         5.883019        92.552350         0.890709
    N          4.589612         7.127966        94.603645         0.889980
    N          4.506404         2.310780        92.411610         0.893647
    O          0.855840         4.096404        40.233320         0.944904
    O          0.448939         6.892963        45.745255         0.919568
    O          4.511441         3.272763        45.208390         0.919996
    O          2.126840         2.310374        39.999930         0.945260
    O          0.718306         1.443055        45.509980         0.916562
    O          3.240700         5.058872        45.445690         0.917581
    O          0.284264         6.772073        41.839993         0.937383
    O          1.022426         4.213872        47.356113         0.925632
    O          5.081993         0.596298        43.601580         0.925273
    O         -0.755564         5.454646        43.273790         0.928558
    O          6.122242         1.914311        42.171833         0.927189
    O          3.335369         1.852897        47.693900         0.927825
    O          4.958130         0.495334        50.724514         0.919538
    O          4.688415         5.945019        50.959790         0.916639
    O          4.385238         3.174787        49.115677         0.925875
    O          2.072132         5.535538        48.775867         0.927825
    O          0.896707         4.114435        51.257324         0.919940
    O          0.489806         6.910995        56.769398         0.919535
    O          4.552307         3.290802        56.232533         0.919909
    O          2.167706         2.328413        51.024080         0.917314
    O          0.759172         1.461093        56.534122         0.916600
    O          3.281566         5.076911        56.469700         0.917455
    O          0.325130         6.790112        52.864136         0.926170
    O          1.063292         4.231911        58.380123         0.925629
    O          5.122867         0.614329        54.625725         0.926004
    O         -0.714696         5.472677        54.297930         0.928531
    O          6.163108         1.932350        53.195976         0.928320
    O          3.376235         1.870936        58.718044         0.927817
    O          4.998996         0.513373        61.748524         0.919557
    O          4.729280         5.963057        61.983795         0.916667
    O          4.426104         3.192826        60.139820         0.925903
    O          2.112998         5.553577        59.799877         0.927826
    O          0.937578         4.132481        62.283497         0.919948
    O          0.530679         6.929033        67.795430         0.919530
    O          4.593179         3.308840        67.258570         0.919911
    O          2.208585         2.346452        62.050110         0.917328
    O          0.800051         1.479132        67.560160         0.916590
    O          3.322439         5.094949        67.495870         0.917468
    O          0.366009         6.808151        63.890170         0.926213
    O          1.104164         4.249950        69.406296         0.925633
    O          5.163738         0.632375        65.651760         0.925979
    O         -0.673824         5.490716        65.323970         0.928519
    O         -0.391773         1.950388        64.222015         0.928337
    O          3.417114         1.888974        69.744080         0.927815
    O          5.039875         0.531412        72.774560         0.919536
    O          4.770153         5.981096        73.009964         0.916642
    O          4.466977         3.210864        71.165855         0.925881
    O          2.153871         5.571616        70.826040         0.927824
    O          0.978446         4.150513        73.307500         0.919939
    O          0.571551         6.947072        78.819570         0.919532
    O          4.634045         3.326879        78.282580         0.919906
    O          2.249452         2.364483        73.074260         0.917309
    O          0.840917         1.497171        78.584305         0.916596
    O          3.363307         5.112980        78.519875         0.917457
    O          0.406875         6.826189        74.914314         0.926167
    O          1.145032         4.267981        80.430305         0.925626
    O          5.204605         0.650407        76.675900         0.926008
    O         -0.632951         5.508755        76.348114         0.928535
    O         -0.350907         1.968427        75.246155         0.928317
    O          3.457980         1.907013        80.768220         0.927814
    O          5.080742         0.549443        83.798700         0.919560
    O          4.811026         5.999135        84.033970         0.916669
    O          4.507844         3.228896        82.190000         0.925905
    O          2.194736         5.589654        81.850050         0.927827
    O          1.019325         4.168551        84.333670         0.919946
    O          0.612424         6.965111        89.845610         0.919619
    O          4.674924         3.344918        89.308750         0.919948
    O          2.290323         2.382529        84.100290         0.917323
    O          0.881790         1.515210        89.610340         0.916706
    O          3.404186         5.131019        89.546050         0.917442
    O          0.447747         6.844228        85.940346         0.926207
    O          1.185909         4.286027        91.456474         0.924910
    O          5.245484         0.668445        87.701935         0.925980
    O         -0.592079         5.526794        87.374146         0.928526
    O         -0.310034         1.986466        86.272194         0.928336
    O          3.498852         1.925052        91.794260         0.927825
    O          5.121615         0.567482        94.824740         0.944977
    O          4.851898         6.017173        95.060140         0.945238
    O          4.548722         3.246942        93.216034         0.937295
    O          2.235616         5.607693        92.876220         0.926671
   |---------------------------------------------------------------------------
   |--------------------------------MBD@rSCS Settings---------------------------
    Exchange-Correlation functional:   1  (PBE)
    Radius used to construct the supercell in periodic MBD calculations  20.00000 Angstrom
    Radius used to integrate dipole field in periodic MBD calculation 100.00000 Angstrom
    Radius used to integrate dipole field in periodic SCS calculation 120.00000 Angstrom
     Found mbd_scs_vacuum_axis keyword in setting file
     This keyword specifies direction of vacuum region in case of low-dimensional systems
    Default: No vacuum mbd_scs_vacuum_axis .false. .false. .false.
    For example in the case of periodic slab along xy directions the keyword
    mbd_scs_vacuum_axis .false. .false. .true. is needed to specify z as
    vacuum direction in MBD/SCS calculation.
   |---------------------------------------------------------------------------
   | Many-Body Dispersion (MBD@rsSCS) energy
   | Dynamic polarizability of unit cell alpha(iw) (bohr^3)
   | ---------------------------------------------------------------------------
   |  omega(Ha)   alpha_iso      alpha_xx       alpha_yy       alpha_zz
   |   0.000000   0.150574E+04   0.141398E+04   0.142389E+04   0.167935E+04
   |   0.039290   0.149935E+04   0.140754E+04   0.141811E+04   0.167240E+04
   |   0.118358   0.144991E+04   0.135793E+04   0.137337E+04   0.161844E+04
   |   0.198912   0.135878E+04   0.126753E+04   0.129073E+04   0.151809E+04
   |   0.282029   0.123800E+04   0.114991E+04   0.118060E+04   0.138350E+04
   |   0.368919   0.109994E+04   0.101845E+04   0.105355E+04   0.122781E+04
   |   0.461006   0.955070E+03   0.883492E+03   0.918786E+03   0.106293E+04
   |   0.560027   0.811576E+03   0.752075E+03   0.783924E+03   0.898729E+03
   |   0.668179   0.675608E+03   0.628812E+03   0.655078E+03   0.742935E+03
   |   0.788336   0.551493E+03   0.516659E+03   0.536716E+03   0.601102E+03
   |   0.924390   0.441748E+03   0.417212E+03   0.431509E+03   0.476523E+03
   |   1.081790   0.347219E+03   0.330887E+03   0.340436E+03   0.370333E+03
   |   1.268490   0.267420E+03   0.257180E+03   0.263156E+03   0.281926E+03
   |   1.496610   0.201065E+03   0.195052E+03   0.198542E+03   0.209602E+03
   |   1.785630   0.146559E+03   0.143286E+03   0.145173E+03   0.151219E+03
   |   2.169170   0.102355E+03   0.100734E+03   0.101662E+03   0.104669E+03
   |   2.710620   0.671635E+02   0.664585E+02   0.668600E+02   0.681719E+02
   |   3.545730   0.400058E+02   0.397539E+02   0.398968E+02   0.403667E+02
   |   5.027340   0.201811E+02   0.201166E+02   0.201531E+02   0.202735E+02
   |   8.448960   0.721138E+01   0.720313E+01   0.720779E+01   0.722322E+01
   |  25.451700   0.798321E+00   0.798220E+00   0.798277E+00   0.798467E+00
   | ---------------------------------------------------------------------------
   | Unit cell C6 coefficient    :      1021605.76831377    hartree bohr^6
   | ---------------------------------------------------------------------------
   | Partitioned C6 (hartree bohr^6) | alpha (bohr^3)  of atom in unit cell
   | ---------------------------------------------------------------------------
   | ATOM    1  H     2.012212          2.083115
   | ATOM    2  H     2.125048          2.132187
   | ATOM    3  H     2.124441          2.132540
   | ATOM    4  H     1.790386          2.025382
   | ATOM    5  H     2.395398          2.359253
   | ATOM    6  H     2.395153          2.359232
   | ATOM    7  H     1.723052          1.957012
   | ATOM    8  H     2.139687          2.188457
   | ATOM    9  H     2.134372          2.183506
   | ATOM   10  H     1.870080          1.972413
   | ATOM   11  H     2.013522          2.047004
   | ATOM   12  H     2.011154          2.046603
   | ATOM   13  H     2.125630          2.132691
   | ATOM   14  H     2.395880          2.359641
   | ATOM   15  H     2.141027          2.189221
   | ATOM   16  H     2.012730          2.046400
   | ATOM   17  H     2.117733          2.126611
   | ATOM   18  H     2.125094          2.132219
   | ATOM   19  H     2.114136          2.124164
   | ATOM   20  H     2.396824          2.359726
   | ATOM   21  H     2.396249          2.359926
   | ATOM   22  H     2.396619          2.359681
   | ATOM   23  H     2.142454          2.189659
   | ATOM   24  H     2.139463          2.188347
   | ATOM   25  H     2.138955          2.187776
   | ATOM   26  H     2.012299          2.046029
   | ATOM   27  H     2.013440          2.046933
   | ATOM   28  H     2.013377          2.047219
   | ATOM   29  H     2.125422          2.132595
   | ATOM   30  H     2.395794          2.359723
   | ATOM   31  H     2.140700          2.189045
   | ATOM   32  H     2.012313          2.046115
   | ATOM   33  H     2.117824          2.126736
   | ATOM   34  H     2.125113          2.132238
   | ATOM   35  H     2.113952          2.124025
   | ATOM   36  H     2.396772          2.359810
   | ATOM   37  H     2.395612          2.359475
   | ATOM   38  H     2.395966          2.359221
   | ATOM   39  H     2.142224          2.189524
   | ATOM   40  H     2.139404          2.188318
   | ATOM   41  H     2.138868          2.187740
   | ATOM   42  H     2.012032          2.045848
   | ATOM   43  H     2.013454          2.046966
   | ATOM   44  H     2.013390          2.047257
   | ATOM   45  H     2.125585          2.132661
   | ATOM   46  H     2.395890          2.359635
   | ATOM   47  H     2.141066          2.189250
   | ATOM   48  H     2.012767          2.046426
   | ATOM   49  H     2.117752          2.126624
   | ATOM   50  H     2.125128          2.132245
   | ATOM   51  H     2.114120          2.124154
   | ATOM   52  H     2.396798          2.359713
   | ATOM   53  H     2.396233          2.359919
   | ATOM   54  H     2.396604          2.359665
   | ATOM   55  H     2.142477          2.189680
   | ATOM   56  H     2.139460          2.188349
   | ATOM   57  H     2.138961          2.187781
   | ATOM   58  H     2.012293          2.046025
   | ATOM   59  H     2.013428          2.046923
   | ATOM   60  H     2.013374          2.047214
   | ATOM   61  H     2.125403          2.132581
   | ATOM   62  H     2.395804          2.359728
   | ATOM   63  H     2.140697          2.189042
   | ATOM   64  H     2.012308          2.046111
   | ATOM   65  H     2.117822          2.126733
   | ATOM   66  H     2.136563          2.141353
   | ATOM   67  H     2.113874          2.123970
   | ATOM   68  H     2.396777          2.359817
   | ATOM   69  H     2.394665          2.359333
   | ATOM   70  H     2.395759          2.359005
   | ATOM   71  H     2.142257          2.189552
   | ATOM   72  H     2.135269          2.184370
   | ATOM   73  H     2.139080          2.187838
   | ATOM   74  H     2.011991          2.045816
   | ATOM   75  H     2.011121          2.046184
   | ATOM   76  H     2.013442          2.047283
   | ATOM   77  H     2.021695          2.089767
   | ATOM   78  H     1.792008          2.026290
   | ATOM   79  H     1.724845          1.957924
   | ATOM   80  H     1.875102          1.975796
   | ATOM   81  C    37.574554         10.513261
   | ATOM   82  C    39.285393         10.718315
   | ATOM   83  C    39.171403         10.700662
   | ATOM   84  C    38.642697         10.751008
   | ATOM   85  C    41.690959         11.175831
   | ATOM   86  C    41.561677         11.151785
   | ATOM   87  C    39.276908         10.717569
   | ATOM   88  C    41.690731         11.175887
   | ATOM   89  C    39.258466         10.713827
   | ATOM   90  C    39.284969         10.718327
   | ATOM   91  C    39.236506         10.709934
   | ATOM   92  C    41.675769         11.172762
   | ATOM   93  C    41.692349         11.176080
   | ATOM   94  C    41.660068         11.170130
   | ATOM   95  C    39.274739         10.717322
   | ATOM   96  C    41.686158         11.175215
   | ATOM   97  C    39.256535         10.713620
   | ATOM   98  C    39.286733         10.718532
   | ATOM   99  C    39.236348         10.709889
   | ATOM  100  C    41.671672         11.172168
   | ATOM  101  C    41.690931         11.175847
   | ATOM  102  C    41.657972         11.169772
   | ATOM  103  C    39.276782         10.717556
   | ATOM  104  C    41.690241         11.175867
   | ATOM  105  C    39.258633         10.713854
   | ATOM  106  C    39.285107         10.718345
   | ATOM  107  C    39.236213         10.709885
   | ATOM  108  C    41.675447         11.172713
   | ATOM  109  C    41.692098         11.176047
   | ATOM  110  C    41.660000         11.170118
   | ATOM  111  C    39.274701         10.717319
   | ATOM  112  C    41.686071         11.175205
   | ATOM  113  C    39.256396         10.713587
   | ATOM  114  C    39.221230         10.709215
   | ATOM  115  C    39.236095         10.709790
   | ATOM  116  C    41.671378         11.172117
   | ATOM  117  C    41.598826         11.158706
   | ATOM  118  C    41.658327         11.169810
   | ATOM  119  C    37.614786         10.519255
   | ATOM  120  C    38.682111         10.757199
   | ATOM  121  N    18.433012          6.133083
   | ATOM  122  N    18.912863          6.204794
   | ATOM  123  N    18.984405          6.225122
   | ATOM  124  N    20.906615          6.811934
   | ATOM  125  N    20.921530          6.838012
   | ATOM  126  N    21.145440          6.874853
   | ATOM  127  N    21.020738          6.703557
   | ATOM  128  N    20.662157          6.645046
   | ATOM  129  N    20.712310          6.653578
   | ATOM  130  N    21.085275          6.648227
   | ATOM  131  N    20.972763          6.630403
   | ATOM  132  N    20.917423          6.638956
   | ATOM  133  N    18.912155          6.204579
   | ATOM  134  N    21.154755          6.876480
   | ATOM  135  N    20.665157          6.645275
   | ATOM  136  N    20.977532          6.631510
   | ATOM  137  N    18.913468          6.203743
   | ATOM  138  N    18.912269          6.204723
   | ATOM  139  N    18.910751          6.204113
   | ATOM  140  N    21.165190          6.880125
   | ATOM  141  N    21.177435          6.881950
   | ATOM  142  N    21.144658          6.874637
   | ATOM  143  N    20.699636          6.652498
   | ATOM  144  N    20.662505          6.645201
   | ATOM  145  N    20.702338          6.652915
   | ATOM  146  N    20.995813          6.635270
   | ATOM  147  N    20.972743          6.630428
   | ATOM  148  N    20.983444          6.632424
   | ATOM  149  N    18.912165          6.204650
   | ATOM  150  N    21.154525          6.876431
   | ATOM  151  N    20.666335          6.645469
   | ATOM  152  N    20.977677          6.631523
   | ATOM  153  N    18.912822          6.203609
   | ATOM  154  N    18.912220          6.204720
   | ATOM  155  N    18.911135          6.204238
   | ATOM  156  N    21.164034          6.879899
   | ATOM  157  N    21.177331          6.881904
   | ATOM  158  N    21.145436          6.874870
   | ATOM  159  N    20.700543          6.652679
   | ATOM  160  N    20.661916          6.645125
   | ATOM  161  N    20.702464          6.652953
   | ATOM  162  N    20.995907          6.635269
   | ATOM  163  N    20.973031          6.630431
   | ATOM  164  N    20.983390          6.632449
   | ATOM  165  N    18.911675          6.204467
   | ATOM  166  N    21.154669          6.876444
   | ATOM  167  N    20.664890          6.645207
   | ATOM  168  N    20.977630          6.631541
   | ATOM  169  N    18.913478          6.203740
   | ATOM  170  N    18.912257          6.204720
   | ATOM  171  N    18.910503          6.204059
   | ATOM  172  N    21.165187          6.880125
   | ATOM  173  N    21.177318          6.881929
   | ATOM  174  N    21.144595          6.874632
   | ATOM  175  N    20.699636          6.652506
   | ATOM  176  N    20.662403          6.645187
   | ATOM  177  N    20.701951          6.652816
   | ATOM  178  N    20.995883          6.635281
   | ATOM  179  N    20.972774          6.630432
   | ATOM  180  N    20.983468          6.632428
   | ATOM  181  N    18.912174          6.204647
   | ATOM  182  N    21.154599          6.876446
   | ATOM  183  N    20.666328          6.645459
   | ATOM  184  N    20.977640          6.631514
   | ATOM  185  N    18.912749          6.203588
   | ATOM  186  N    18.983751          6.225151
   | ATOM  187  N    18.912045          6.204387
   | ATOM  188  N    21.163995          6.879865
   | ATOM  189  N    21.177252          6.881896
   | ATOM  190  N    20.897610          6.809156
   | ATOM  191  N    20.700404          6.652650
   | ATOM  192  N    20.671609          6.645712
   | ATOM  193  N    20.702654          6.652858
   | ATOM  194  N    20.995765          6.635228
   | ATOM  195  N    20.906187          6.636787
   | ATOM  196  N    20.983306          6.632456
   | ATOM  197  N    18.425820          6.131707
   | ATOM  198  N    20.904174          6.833590
   | ATOM  199  N    21.002262          6.698698
   | ATOM  200  N    21.070464          6.645238
   | ATOM  201  O    13.089548          4.681040
   | ATOM  202  O    12.250281          4.514908
   | ATOM  203  O    12.259676          4.515855
   | ATOM  204  O    13.304502          4.736932
   | ATOM  205  O    12.123865          4.474803
   | ATOM  206  O    12.171212          4.486778
   | ATOM  207  O    13.108659          4.714116
   | ATOM  208  O    12.740119          4.644355
   | ATOM  209  O    12.740343          4.643558
   | ATOM  210  O    13.058681          4.748978
   | ATOM  211  O    13.218457          4.799954
   | ATOM  212  O    13.082876          4.758677
   | ATOM  213  O    12.250540          4.515043
   | ATOM  214  O    12.128589          4.476458
   | ATOM  215  O    12.755442          4.648497
   | ATOM  216  O    13.084839          4.759316
   | ATOM  217  O    12.261008          4.516955
   | ATOM  218  O    12.250453          4.514940
   | ATOM  219  O    12.256411          4.515520
   | ATOM  220  O    12.153100          4.481720
   | ATOM  221  O    12.128822          4.476473
   | ATOM  222  O    12.164752          4.485059
   | ATOM  223  O    12.762317          4.648925
   | ATOM  224  O    12.740725          4.644553
   | ATOM  225  O    12.750024          4.645772
   | ATOM  226  O    13.081030          4.755421
   | ATOM  227  O    13.070318          4.752672
   | ATOM  228  O    13.082819          4.758682
   | ATOM  229  O    12.251886          4.515398
   | ATOM  230  O    12.130301          4.476895
   | ATOM  231  O    12.756024          4.648575
   | ATOM  232  O    13.085541          4.759529
   | ATOM  233  O    12.261906          4.517193
   | ATOM  234  O    12.250257          4.514899
   | ATOM  235  O    12.256206          4.515457
   | ATOM  236  O    12.154699          4.482150
   | ATOM  237  O    12.128546          4.476420
   | ATOM  238  O    12.165387          4.485243
   | ATOM  239  O    12.763784          4.649247
   | ATOM  240  O    12.740309          4.644430
   | ATOM  241  O    12.748873          4.645468
   | ATOM  242  O    13.080407          4.755276
   | ATOM  243  O    13.071732          4.753040
   | ATOM  244  O    13.082742          4.758670
   | ATOM  245  O    12.250272          4.514944
   | ATOM  246  O    12.128872          4.476523
   | ATOM  247  O    12.755608          4.648530
   | ATOM  248  O    13.085224          4.759424
   | ATOM  249  O    12.261029          4.516969
   | ATOM  250  O    12.250370          4.514925
   | ATOM  251  O    12.256110          4.515414
   | ATOM  252  O    12.152978          4.481697
   | ATOM  253  O    12.128714          4.476451
   | ATOM  254  O    12.164990          4.485110
   | ATOM  255  O    12.762251          4.648915
   | ATOM  256  O    12.740668          4.644548
   | ATOM  257  O    12.750133          4.645791
   | ATOM  258  O    13.081132          4.755440
   | ATOM  259  O    13.070275          4.752671
   | ATOM  260  O    13.082742          4.758671
   | ATOM  261  O    12.251969          4.515413
   | ATOM  262  O    12.130324          4.476892
   | ATOM  263  O    12.756080          4.648582
   | ATOM  264  O    13.085589          4.759533
   | ATOM  265  O    12.261866          4.517189
   | ATOM  266  O    12.253954          4.515359
   | ATOM  267  O    12.256048          4.515412
   | ATOM  268  O    12.154490          4.482099
   | ATOM  269  O    12.134351          4.477941
   | ATOM  270  O    12.160850          4.483670
   | ATOM  271  O    12.763612          4.649216
   | ATOM  272  O    12.731515          4.642478
   | ATOM  273  O    12.748342          4.645294
   | ATOM  274  O    13.080412          4.755248
   | ATOM  275  O    13.071622          4.753003
   | ATOM  276  O    13.060452          4.752239
   | ATOM  277  O    13.091049          4.681259
   | ATOM  278  O    13.300658          4.735805
   | ATOM  279  O    13.107631          4.714716
   | ATOM  280  O    13.231586          4.806138
   | ---------------------------------------------------------------------------
   | Creating super cell of dimension  4 X   3 X   1 in MBD calculation
   | containing  3360  atom
   | MBD@rsSCS energy   :        -0.681428015 Ha            -18.542338009 eV
