  Using        7 parallel tasks.
   |---------------------------Input Geometry-----------------------------------------
   Number of atoms  168
 
    H          3.439887         5.579731        42.451378         0.787342
    H          4.468875         5.411126        47.975418         0.820736
    H          1.926610         1.789154        42.994278         0.820488
    H          4.362726         2.847587        40.546936         0.722849
    H          5.080670         0.905914        46.067017         0.824975
    H          1.005319         4.522382        44.898724         0.825495
    H          2.226942         6.002795        41.222622         0.735920
    H         -0.919475         4.986059        46.742706         0.822891
    H          3.140736         1.366951        44.218967         0.823179
    H          4.791986         4.017508        41.834007         0.780699
    H          3.114469         6.975316        47.364147         0.814022
    H          0.574653         3.351666        43.613686         0.813729
    H          0.938794         1.977172        48.496280         0.820729
    H          0.326081         6.482014        50.402645         0.825115
    H         -0.268713         2.402384        49.728992         0.822965
    H          2.293068         0.412981        49.107662         0.813984
    H          3.480754         5.597762        53.475494         0.820662
    H          4.509747         5.429164        58.999530         0.820741
    H          1.967476         1.807192        54.018394         0.820403
    H          4.403594         2.865619        51.571053         0.825456
    H          5.121537         0.923953        57.091133         0.824931
    H          1.046185         4.540421        55.922726         0.825351
    H          2.267809         6.020826        52.246740         0.823509
    H         -0.878609         5.004097        57.766820         0.822843
    H          3.181602         1.384989        55.243084         0.823300
    H          4.832852         4.035546        52.858124         0.814242
    H          3.155343         6.993348        58.388264         0.814014
    H          0.615519         3.369705        54.637802         0.814147
    H          0.979660         1.995210        59.520393         0.820671
    H          0.366947         6.500053        61.426758         0.825023
    H         -0.227846         2.420415        60.753110         0.822895
    H          2.333934         0.431020        60.131664         0.813947
    H          3.521633         5.615801        64.501530         0.820603
    H          4.550620         5.447203        70.025680         0.820926
    H          2.008348         1.825231        65.044550         0.820400
    H          4.444465         2.883665        62.597202         0.825360
    H          5.162409         0.941992        68.117290         0.825072
    H          1.087064         4.558460        66.948875         0.825391
    H          2.308688         6.038865        63.272890         0.823436
    H         -0.837730         5.022136        68.792970         0.822706
    H          3.222481         1.403028        66.269120         0.823350
    H          4.873731         4.053585        63.884160         0.814194
    H          3.196214         7.011393        69.414300         0.813593
    H          0.656392         3.387744        65.663840         0.814161
    H          1.020532         2.013249        70.546430         0.788136
    H          0.407826         6.518092        72.452910         0.723321
    H         -0.186968         2.438461        71.779144         0.736488
    H          2.374806         0.449059        71.157814         0.781137
    C          2.511909         5.252589        41.966680         0.847676
    C         -1.201142         5.737978        47.486763         0.870090
    C          2.855050         2.116505        43.474910         0.869693
    C          4.053069         3.279432        41.504242         0.845757
    C          5.396676         0.478504        47.024326         0.868945
    C          1.313988         4.089887        43.941530         0.869058
    C          0.012903         1.650392        48.984936         0.870132
    C          0.010590         6.909794        49.445450         0.868910
    C          2.552775         5.270627        52.990795         0.870292
    C         -1.160274         5.756010        58.510880         0.870083
    C          2.895922         2.134544        54.499027         0.870116
    C          4.093941         3.297470        52.528248         0.869113
    C          5.437549         0.496542        58.048330         0.868927
    C          1.354862         4.107918        54.965530         0.869083
    C          0.053769         1.668430        60.009050         0.870104
    C          0.051458         6.927825        60.469566         0.868883
    C          2.593648         5.288666        64.016945         0.870260
    C         -1.119402         5.774048        69.537025         0.869654
    C          2.936795         2.152583        65.525060         0.870119
    C          4.134813         3.315509        63.554398         0.869081
    C          5.478421         0.514581        69.074480         0.868898
    C          1.395735         4.125957        65.991684         0.869102
    C          0.094648         1.686469        71.035090         0.847987
    C          0.092330         6.945864        71.495605         0.845882
    N          2.793632         3.959724        41.351340         0.876255
    N         -1.486505         7.028745        46.867466         0.889844
    N          2.573717         3.409739        44.092280         0.889942
    N          1.427732         5.183515        42.940033         0.895430
    N          3.938683         2.185073        42.503590         0.890639
    N          5.519415         1.577788        48.017680         0.895246
    N          1.867919         3.422736        40.454494         0.890070
    N          0.980957         0.332407        45.966553         0.886515
    N          3.499417         3.946510        44.989243         0.887091
    N          0.248210         5.839998        42.648468         0.893756
    N          1.064614         5.149962        48.158493         0.892863
    N          5.118305         1.528735        42.795270         0.886664
    N          0.298018         0.359552        49.604340         0.889784
    N         -0.111764         5.810871        48.452090         0.895165
    N          4.426127         7.055818        50.503223         0.886477
    N          4.342921         2.238625        48.311283         0.892969
    N          2.834506         3.977756        52.375458         0.889979
    N         -1.445639         7.046784        57.891470         0.889827
    N          2.614585         3.427770        55.116398         0.889953
    N          1.468604         5.201554        53.964150         0.895235
    N          3.979548         2.203111        53.527706         0.895153
    N          5.560289         1.595820        59.041798         0.895245
    N          1.908785         3.440775        51.478610         0.886944
    N          1.021825         0.350439        56.990555         0.886480
    N          3.540285         3.964541        56.013245         0.886976
    N          0.289076         5.858036        53.672470         0.893085
    N          1.105481         5.167993        59.182495         0.892848
    N          5.159178         1.546774        53.819270         0.892937
    N          0.338886         0.377584        60.628456         0.889770
    N         -0.070899         5.828909        59.476097         0.895157
    N          4.466993         7.073856        61.527340         0.886471
    N          4.383787         2.256663        59.335400         0.892972
    N          2.875377         3.995802        63.401493         0.889966
    N         -1.404760         7.064823        68.917620         0.889805
    N          2.655462         3.445816        66.142430         0.889976
    N          1.509477         5.219593        64.990190         0.895236
    N          4.020428         2.221150        64.553856         0.895139
    N          5.601162         1.613858        70.067830         0.895469
    N          1.949657         3.458813        62.504646         0.886938
    N          1.062697         0.368478        68.016710         0.886600
    N          3.581157         3.982580        67.039400         0.887006
    N          0.329955         5.876075        64.698620         0.893092
    N          1.146360         5.186032        70.208650         0.886582
    N          5.200050         1.564812        64.845420         0.892915
    N          0.379765         0.395622        71.654495         0.876210
    N         -0.030026         5.846948        70.502240         0.890710
    N          4.507872         7.091895        72.553375         0.889988
    N          4.424666         2.274702        70.361435         0.893645
    O          0.855840         4.096404        40.233220         0.944917
    O          0.448939         6.892963        45.745277         0.919572
    O          4.511441         3.272763        45.208370         0.919994
    O          2.126840         2.310374        39.999970         0.945269
    O          0.718306         1.443055        45.509990         0.916572
    O          3.240700         5.058872        45.445690         0.917576
    O          0.284264         6.772073        41.839996         0.937382
    O          1.022426         4.213872        47.356120         0.925631
    O          5.081993         0.596298        43.601593         0.925275
    O         -0.755564         5.454646        43.273865         0.928566
    O          6.122242         1.914311        42.171790         0.927192
    O          3.335369         1.852897        47.693910         0.927827
    O          4.958130         0.495334        50.724495         0.919543
    O          4.688415         5.945019        50.959780         0.916651
    O          4.385238         3.174787        49.115690         0.925876
    O          2.072132         5.535538        48.775867         0.927828
    O          0.896707         4.114435        51.257336         0.919944
    O          0.489806         6.910995        56.769394         0.919530
    O          4.552307         3.290802        56.232487         0.919912
    O          2.167706         2.328413        51.024086         0.917320
    O          0.759172         1.461093        56.534107         0.916591
    O          3.281566         5.076911        56.469807         0.917475
    O          0.325130         6.790112        52.864113         0.926174
    O          1.063292         4.231911        58.380127         0.925627
    O          5.122867         0.614329        54.625710         0.926003
    O         -0.714696         5.472677        54.297867         0.928525
    O          6.163108         1.932350        53.195908         0.928325
    O          3.376235         1.870936        58.718025         0.927817
    O          4.998996         0.513373        61.748497         0.919556
    O          4.729280         5.963057        61.983784         0.916663
    O          4.426104         3.192826        60.139800         0.925905
    O          2.112998         5.553577        59.799870         0.927831
    O          0.937578         4.132481        62.283490         0.919951
    O          0.530679         6.929033        67.795430         0.919624
    O          4.593179         3.308840        67.258520         0.919945
    O          2.208585         2.346452        62.050120         0.917334
    O          0.800051         1.479132        67.560260         0.916706
    O          3.322439         5.094949        67.495840         0.917439
    O          0.366009         6.808151        63.890150         0.926205
    O          1.104164         4.249950        69.406270         0.924903
    O          5.163738         0.632375        65.651750         0.925983
    O         -0.673824         5.490716        65.324020         0.928533
    O         -0.391773         1.950388        64.222060         0.928329
    O          3.417114         1.888974        69.744064         0.927827
    O          5.039875         0.531412        72.774650         0.944990
    O          4.770153         5.981096        73.009930         0.945252
    O          4.466977         3.210864        71.165840         0.937292
    O          2.153871         5.571616        70.826020         0.926670
   |---------------------------------------------------------------------------
   |--------------------------------MBD@rSCS Settings---------------------------
    Exchange-Correlation functional:   1  (PBE)
    Radius used to construct the supercell in periodic MBD calculations  20.00000 Angstrom
    Radius used to integrate dipole field in periodic MBD calculation 100.00000 Angstrom
    Radius used to integrate dipole field in periodic SCS calculation 120.00000 Angstrom
     Found mbd_scs_vacuum_axis keyword in setting file
     This keyword specifies direction of vacuum region in case of low-dimensional systems
    Default: No vacuum mbd_scs_vacuum_axis .false. .false. .false.
    For example in the case of periodic slab along xy directions the keyword
    mbd_scs_vacuum_axis .false. .false. .true. is needed to specify z as
    vacuum direction in MBD/SCS calculation.
   |---------------------------------------------------------------------------
   | Many-Body Dispersion (MBD@rsSCS) energy
   | Dynamic polarizability of unit cell alpha(iw) (bohr^3)
   | ---------------------------------------------------------------------------
   |  omega(Ha)   alpha_iso      alpha_xx       alpha_yy       alpha_zz
   |   0.000000   0.902734E+03   0.846442E+03   0.853905E+03   0.100786E+04
   |   0.039290   0.898910E+03   0.842598E+03   0.850443E+03   0.100369E+04
   |   0.118358   0.869284E+03   0.812943E+03   0.823616E+03   0.971291E+03
   |   0.198912   0.814669E+03   0.758898E+03   0.774062E+03   0.911047E+03
   |   0.282029   0.742274E+03   0.688563E+03   0.708015E+03   0.830245E+03
   |   0.368919   0.659508E+03   0.609928E+03   0.631818E+03   0.736777E+03
   |   0.461006   0.572655E+03   0.529179E+03   0.550989E+03   0.637797E+03
   |   0.560027   0.486621E+03   0.450527E+03   0.470103E+03   0.539232E+03
   |   0.668179   0.405098E+03   0.376739E+03   0.392830E+03   0.445724E+03
   |   0.788336   0.330681E+03   0.309587E+03   0.321847E+03   0.360608E+03
   |   0.924390   0.264881E+03   0.250032E+03   0.258758E+03   0.285854E+03
   |   1.081790   0.208204E+03   0.198324E+03   0.204146E+03   0.222142E+03
   |   1.268490   0.160358E+03   0.154165E+03   0.157805E+03   0.169103E+03
   |   1.496610   0.120571E+03   0.116935E+03   0.119060E+03   0.125717E+03
   |   1.785630   0.878875E+02   0.859089E+02   0.870575E+02   0.906961E+02
   |   2.169170   0.613803E+02   0.604008E+02   0.609656E+02   0.627746E+02
   |   2.710620   0.402772E+02   0.398512E+02   0.400955E+02   0.408849E+02
   |   3.545730   0.239913E+02   0.238391E+02   0.239260E+02   0.242088E+02
   |   5.027340   0.121026E+02   0.120637E+02   0.120858E+02   0.121583E+02
   |   8.448960   0.432469E+01   0.431970E+01   0.432254E+01   0.433182E+01
   |  25.451700   0.478757E+00   0.478696E+00   0.478731E+00   0.478845E+00
   | ---------------------------------------------------------------------------
   | Unit cell C6 coefficient    :       367254.63485611    hartree bohr^6
   | ---------------------------------------------------------------------------
   | Partitioned C6 (hartree bohr^6) | alpha (bohr^3)  of atom in unit cell
   | ---------------------------------------------------------------------------
   | ATOM    1  H     2.012139          2.083060
   | ATOM    2  H     2.125017          2.132163
   | ATOM    3  H     2.124586          2.132634
   | ATOM    4  H     1.790353          2.025366
   | ATOM    5  H     2.396029          2.359696
   | ATOM    6  H     2.395287          2.359317
   | ATOM    7  H     1.723046          1.957010
   | ATOM    8  H     2.139740          2.188492
   | ATOM    9  H     2.134494          2.183575
   | ATOM   10  H     1.869992          1.972352
   | ATOM   11  H     2.013472          2.046940
   | ATOM   12  H     2.011224          2.046644
   | ATOM   13  H     2.125663          2.132713
   | ATOM   14  H     2.395973          2.359722
   | ATOM   15  H     2.141044          2.189234
   | ATOM   16  H     2.012602          2.046306
   | ATOM   17  H     2.117906          2.126724
   | ATOM   18  H     2.125152          2.132253
   | ATOM   19  H     2.114040          2.124089
   | ATOM   20  H     2.396925          2.359788
   | ATOM   21  H     2.395789          2.359574
   | ATOM   22  H     2.396034          2.359283
   | ATOM   23  H     2.142545          2.189699
   | ATOM   24  H     2.139483          2.188367
   | ATOM   25  H     2.138952          2.187782
   | ATOM   26  H     2.012392          2.046085
   | ATOM   27  H     2.013656          2.047094
   | ATOM   28  H     2.013320          2.047198
   | ATOM   29  H     2.125458          2.132619
   | ATOM   30  H     2.395320          2.359357
   | ATOM   31  H     2.140729          2.189070
   | ATOM   32  H     2.012497          2.046254
   | ATOM   33  H     2.117645          2.126601
   | ATOM   34  H     2.136608          2.141392
   | ATOM   35  H     2.113815          2.123923
   | ATOM   36  H     2.396177          2.359399
   | ATOM   37  H     2.394721          2.359378
   | ATOM   38  H     2.395862          2.359067
   | ATOM   39  H     2.142173          2.189521
   | ATOM   40  H     2.134921          2.184105
   | ATOM   41  H     2.139134          2.187882
   | ATOM   42  H     2.012049          2.045881
   | ATOM   43  H     2.011149          2.046197
   | ATOM   44  H     2.013507          2.047321
   | ATOM   45  H     2.021692          2.089765
   | ATOM   46  H     1.792458          2.026682
   | ATOM   47  H     1.724857          1.957935
   | ATOM   48  H     1.874900          1.975634
   | ATOM   49  C    37.574815         10.513314
   | ATOM   50  C    39.285543         10.718360
   | ATOM   51  C    39.171102         10.700654
   | ATOM   52  C    38.642957         10.751014
   | ATOM   53  C    41.692804         11.176144
   | ATOM   54  C    41.562000         11.151845
   | ATOM   55  C    39.277015         10.717593
   | ATOM   56  C    41.690211         11.175784
   | ATOM   57  C    39.258179         10.713832
   | ATOM   58  C    39.285589         10.718386
   | ATOM   59  C    39.236490         10.709939
   | ATOM   60  C    41.676312         11.172859
   | ATOM   61  C    41.691843         11.176037
   | ATOM   62  C    41.658899         11.169898
   | ATOM   63  C    39.275243         10.717371
   | ATOM   64  C    41.685701         11.175180
   | ATOM   65  C    39.255585         10.713415
   | ATOM   66  C    39.219123         10.708901
   | ATOM   67  C    39.235764         10.709715
   | ATOM   68  C    41.669286         11.171785
   | ATOM   69  C    41.598719         11.158691
   | ATOM   70  C    41.658826         11.169915
   | ATOM   71  C    37.614843         10.519275
   | ATOM   72  C    38.683734         10.757402
   | ATOM   73  N    18.433687          6.133249
   | ATOM   74  N    18.912630          6.204671
   | ATOM   75  N    18.984160          6.225050
   | ATOM   76  N    20.906429          6.811886
   | ATOM   77  N    20.921395          6.837987
   | ATOM   78  N    21.145404          6.874795
   | ATOM   79  N    21.021364          6.703669
   | ATOM   80  N    20.662506          6.645099
   | ATOM   81  N    20.712154          6.653544
   | ATOM   82  N    21.085544          6.648284
   | ATOM   83  N    20.972685          6.630380
   | ATOM   84  N    20.917378          6.638958
   | ATOM   85  N    18.912552          6.204689
   | ATOM   86  N    21.154944          6.876533
   | ATOM   87  N    20.665727          6.645375
   | ATOM   88  N    20.977646          6.631527
   | ATOM   89  N    18.913475          6.203705
   | ATOM   90  N    18.912176          6.204708
   | ATOM   91  N    18.911511          6.204319
   | ATOM   92  N    21.165296          6.880182
   | ATOM   93  N    21.177268          6.881895
   | ATOM   94  N    21.144430          6.874619
   | ATOM   95  N    20.700200          6.652605
   | ATOM   96  N    20.661875          6.645078
   | ATOM   97  N    20.703223          6.653109
   | ATOM   98  N    20.995457          6.635200
   | ATOM   99  N    20.972787          6.630424
   | ATOM  100  N    20.983673          6.632470
   | ATOM  101  N    18.912015          6.204619
   | ATOM  102  N    21.154434          6.876439
   | ATOM  103  N    20.665835          6.645365
   | ATOM  104  N    20.977711          6.631520
   | ATOM  105  N    18.913405          6.203825
   | ATOM  106  N    18.984001          6.225227
   | ATOM  107  N    18.911672          6.204313
   | ATOM  108  N    21.163922          6.879798
   | ATOM  109  N    21.177434          6.881950
   | ATOM  110  N    20.897461          6.809090
   | ATOM  111  N    20.701028          6.652769
   | ATOM  112  N    20.671897          6.645750
   | ATOM  113  N    20.702418          6.652803
   | ATOM  114  N    20.996218          6.635337
   | ATOM  115  N    20.905825          6.636734
   | ATOM  116  N    20.983340          6.632468
   | ATOM  117  N    18.426381          6.131831
   | ATOM  118  N    20.904255          6.833597
   | ATOM  119  N    21.003169          6.698864
   | ATOM  120  N    21.070508          6.645252
   | ATOM  121  O    13.090147          4.681208
   | ATOM  122  O    12.250274          4.514908
   | ATOM  123  O    12.259641          4.515839
   | ATOM  124  O    13.304508          4.736932
   | ATOM  125  O    12.124216          4.474894
   | ATOM  126  O    12.171044          4.486724
   | ATOM  127  O    13.108610          4.714103
   | ATOM  128  O    12.740049          4.644333
   | ATOM  129  O    12.740772          4.643675
   | ATOM  130  O    13.059057          4.749063
   | ATOM  131  O    13.218380          4.799936
   | ATOM  132  O    13.082927          4.758678
   | ATOM  133  O    12.250645          4.515068
   | ATOM  134  O    12.128967          4.476553
   | ATOM  135  O    12.755378          4.648475
   | ATOM  136  O    13.085005          4.759360
   | ATOM  137  O    12.261181          4.517010
   | ATOM  138  O    12.250294          4.514892
   | ATOM  139  O    12.256283          4.515488
   | ATOM  140  O    12.153296          4.481773
   | ATOM  141  O    12.128580          4.476411
   | ATOM  142  O    12.165599          4.485303
   | ATOM  143  O    12.762708          4.649027
   | ATOM  144  O    12.740389          4.644455
   | ATOM  145  O    12.749925          4.645738
   | ATOM  146  O    13.080544          4.755307
   | ATOM  147  O    13.070577          4.752729
   | ATOM  148  O    13.083112          4.758767
   | ATOM  149  O    12.251835          4.515368
   | ATOM  150  O    12.130206          4.476860
   | ATOM  151  O    12.755838          4.648509
   | ATOM  152  O    13.085975          4.759640
   | ATOM  153  O    12.262102          4.517255
   | ATOM  154  O    12.254296          4.515458
   | ATOM  155  O    12.255896          4.515355
   | ATOM  156  O    12.154842          4.482199
   | ATOM  157  O    12.134160          4.477877
   | ATOM  158  O    12.160824          4.483656
   | ATOM  159  O    12.763333          4.649134
   | ATOM  160  O    12.731633          4.642530
   | ATOM  161  O    12.748360          4.645296
   | ATOM  162  O    13.080848          4.755355
   | ATOM  163  O    13.071434          4.752967
   | ATOM  164  O    13.060449          4.752233
   | ATOM  165  O    13.091623          4.681423
   | ATOM  166  O    13.300840          4.735845
   | ATOM  167  O    13.107483          4.714679
   | ATOM  168  O    13.231277          4.806057
   | ---------------------------------------------------------------------------
   | Creating super cell of dimension  4 X   3 X   1 in MBD calculation
   | containing  2016  atom
   | MBD@rsSCS energy   :        -0.400135255 Ha            -10.888080595 eV
