  Using        6 parallel tasks.
   |---------------------------Input Geometry-----------------------------------------
   Number of atoms  504
 
    H          3.439887         5.579731        42.451347         0.787341
    H          4.468875         5.411126        47.975400         0.820731
    H          1.926610         1.789154        42.994380         0.820472
    H          4.362726         2.847587        40.547050         0.722823
    H          5.080670         0.905914        46.066982         0.824974
    H          1.005319         4.522382        44.898678         0.825496
    H          2.226942         6.002795        41.222664         0.735918
    H         -0.919475         4.986059        46.742775         0.822894
    H          3.140736         1.366951        44.218945         0.823172
    H          4.791986         4.017508        41.833958         0.780690
    H          3.114469         6.975316        47.364105         0.814020
    H          0.574653         3.351666        43.613740         0.813719
    H          0.938794         1.977172        48.496220         0.820735
    H          0.326081         6.482014        50.402664         0.825113
    H         -0.268713         2.402384        49.729023         0.822963
    H          2.293068         0.412981        49.107693         0.813985
    H          3.480754         5.597762        53.475445         0.820651
    H          4.509747         5.429164        58.999500         0.820727
    H          1.967476         1.807192        54.018482         0.820396
    H          4.403594         2.865619        51.571148         0.825447
    H          5.121537         0.923953        57.091084         0.824933
    H          1.046185         4.540421        55.922775         0.825354
    H          2.267809         6.020826        52.246760         0.823504
    H         -0.878609         5.004097        57.766876         0.822842
    H          3.181602         1.384989        55.243042         0.823297
    H          4.832852         4.035546        52.858060         0.814231
    H          3.155343         6.993348        58.388203         0.814008
    H          0.615519         3.369705        54.637836         0.814144
    H          0.979660         1.995210        59.520317         0.820676
    H          0.366947         6.500053        61.426765         0.825017
    H         -0.227846         2.420415        60.753120         0.822885
    H          2.333934         0.431020        60.131794         0.813939
    H          3.521633         5.615801        64.501520         0.820603
    H          4.550620         5.447203        70.025566         0.820731
    H          2.008348         1.825231        65.044550         0.820397
    H          4.444465         2.883665        62.597218         0.825346
    H          5.162409         0.941992        68.117150         0.824932
    H          1.087064         4.558460        66.948845         0.825354
    H          2.308688         6.038865        63.272835         0.823437
    H         -0.837730         5.022136        68.792946         0.822843
    H          3.222481         1.403028        66.269110         0.823294
    H          4.873731         4.053585        63.884130         0.814190
    H          3.196214         7.011393        69.414276         0.814007
    H          0.656392         3.387744        65.663910         0.814143
    H          1.020532         2.013249        70.546570         0.820718
    H          0.407826         6.518092        72.452835         0.825111
    H         -0.186968         2.438461        71.779190         0.822960
    H          2.374806         0.449059        71.157860         0.813978
    H          3.562499         5.633840        75.525610         0.820656
    H          4.591486         5.465242        81.049670         0.820730
    H          2.049221         1.843270        76.068650         0.820395
    H          4.485332         2.901696        73.621315         0.825445
    H          5.203275         0.960031        79.141250         0.824931
    H          1.127930         4.576498        77.972946         0.825358
    H          2.349554         6.056903        74.296936         0.823505
    H         -0.796864         5.040175        79.817050         0.822842
    H          3.263347         1.421067        77.293210         0.823298
    H          4.914599         4.071617        74.908226         0.814232
    H          3.237081         7.029425        80.438370         0.814005
    H          0.697264         3.405782        76.688010         0.814144
    H          1.061406         2.031280        81.570490         0.820676
    H          0.448692         6.536130        83.476940         0.825017
    H         -0.146100         2.456492        82.803290         0.822892
    H          2.415672         0.467097        82.181960         0.813938
    H          3.603372         5.651878        86.551680         0.820604
    H          4.632365         5.483281        92.075740         0.820732
    H          2.090093         1.861309        87.094720         0.820396
    H          4.526211         2.919735        84.647390         0.825353
    H          5.244154         0.978069        90.167500         0.824917
    H          1.168802         4.594537        88.999016         0.825355
    H          2.390427         6.074942        85.323006         0.823437
    H         -0.755992         5.058213        90.843120         0.822842
    H          3.304219         1.439105        88.319280         0.823292
    H          4.955471         4.089655        85.934296         0.814189
    H          3.277960         7.047464        91.464440         0.814001
    H          0.738137         3.423821        87.714080         0.814143
    H          1.102279         2.049319        92.596730         0.820717
    H          0.489565         6.554169        94.503006         0.825112
    H         -0.105228         2.474531        93.829360         0.822959
    H          2.456552         0.485136        93.208030         0.813978
    H          3.644238         5.669917        97.575780         0.820657
    H          4.673233         5.501312       103.099840         0.820732
    H          2.130959         1.879347        98.118820         0.820393
    H          4.567077         2.937774        95.671486         0.825444
    H          5.285020         0.996108       101.191420         0.824931
    H          1.209670         4.612569       100.023120         0.825355
    H          2.431299         6.092981        96.347100         0.823504
    H         -0.715117         5.076245       101.867210         0.822842
    H          3.345085         1.457144        99.343380         0.823295
    H          4.996344         4.107694        96.958400         0.814231
    H          3.318826         7.065503       102.488540         0.814006
    H          0.779002         3.441860        98.738174         0.814144
    H          1.143145         2.067358       103.620660         0.820673
    H          0.530439         6.572201       105.527100         0.825019
    H         -0.064362         2.492570       104.853460         0.822892
    H          2.497419         0.503168       104.232130         0.813938
    H          3.685116         5.687956       108.601850         0.820598
    H          4.714105         5.519351       114.125910         0.820733
    H          2.171838         1.897386       109.144890         0.820399
    H          4.607950         2.955812       106.697556         0.825354
    H          5.325892         1.014147       112.217670         0.824913
    H          1.250549         4.630607       111.049190         0.825356
    H          2.472172         6.111020       107.373170         0.823434
    H         -0.674247         5.094291       112.893280         0.822843
    H          3.385964         1.475183       110.369450         0.823288
    H          5.037216         4.125733       107.984470         0.814193
    H          3.359699         7.083541       113.514610         0.814001
    H          0.819882         3.459898       109.764244         0.814149
    H          1.184017         2.085397       114.646904         0.820716
    H          0.571311         6.590240       116.553170         0.825113
    H         -0.023483         2.510609       115.879530         0.822959
    H          2.538290         0.521214       115.258200         0.813978
    H          3.725982         5.705995       119.625950         0.820658
    H          4.754971         5.537390       125.150010         0.820737
    H          2.212706         1.915418       120.168990         0.820392
    H          4.648822         2.973851       117.721660         0.825443
    H          5.366766         1.032178       123.241590         0.824930
    H          1.291415         4.648646       122.073290         0.825355
    H          2.513038         6.129058       118.397270         0.823504
    H         -0.633379         5.112322       123.917380         0.822842
    H          3.426832         1.493214       121.393550         0.823295
    H          5.078082         4.143772       119.008570         0.814232
    H          3.400565         7.101580       124.538710         0.814007
    H          0.860749         3.477930       120.788345         0.814144
    H          1.224890         2.103435       125.670830         0.820672
    H          0.612177         6.608278       127.577270         0.825022
    H          0.017383         2.528647       126.903625         0.822896
    H          2.579164         0.539245       126.282300         0.813939
    H          3.766855         5.724033       130.652020         0.820604
    H          4.795850         5.555428       136.176070         0.820921
    H          2.253578         1.933456       131.195050         0.820397
    H          4.689695         2.991890       128.747730         0.825365
    H          5.407638         1.050224       134.267840         0.825071
    H          1.332288         4.666685       133.099350         0.825395
    H          2.553917         6.147097       129.423340         0.823433
    H         -0.592500         5.130361       134.943450         0.822708
    H          3.467704         1.511253       132.419620         0.823346
    H          5.118961         4.161810       130.034640         0.814191
    H          3.441444         7.119619       135.564790         0.813588
    H          0.901620         3.495976       131.814420         0.814159
    H          1.265762         2.121474       136.697080         0.788125
    H          0.653056         6.626316       138.603350         0.723320
    H          0.058255         2.546686       137.929700         0.736486
    H          2.620037         0.557284       137.308360         0.781128
    C          2.511909         5.252589        41.966717         0.847677
    C         -1.201142         5.737978        47.486828         0.870088
    C          2.855050         2.116505        43.474888         0.869686
    C          4.053069         3.279432        41.504124         0.845738
    C          5.396676         0.478504        47.024240         0.868945
    C          1.313988         4.089887        43.941420         0.869055
    C          0.012903         1.650392        48.984970         0.870136
    C          0.010590         6.909794        49.445410         0.868911
    C          2.552775         5.270627        52.990818         0.870287
    C         -1.160274         5.756010        58.510930         0.870076
    C          2.895922         2.134544        54.498990         0.870112
    C          4.093941         3.297470        52.528225         0.869105
    C          5.437549         0.496542        58.048336         0.868930
    C          1.354862         4.107918        54.965523         0.869084
    C          0.053769         1.668430        60.009068         0.870105
    C          0.051458         6.927825        60.469510         0.868879
    C          2.593648         5.288666        64.016884         0.870262
    C         -1.119402         5.774048        69.536995         0.870081
    C          2.936795         2.152583        65.525060         0.870110
    C          4.134813         3.315509        63.554295         0.869076
    C          5.478421         0.514581        69.074410         0.868929
    C          1.395735         4.125957        65.991590         0.869084
    C          0.094648         1.686469        71.035140         0.870129
    C          0.092330         6.945864        71.495580         0.868909
    C          2.634522         5.306698        75.040985         0.870290
    C         -1.078529         5.792087        80.561100         0.870077
    C          2.977661         2.170621        76.549160         0.870112
    C          4.175679         3.333548        74.578390         0.869105
    C          5.519289         0.532613        80.098500         0.868928
    C          1.436601         4.143996        77.015690         0.869085
    C          0.135514         1.704508        82.059235         0.870106
    C          0.133196         6.963903        82.519680         0.868880
    C          2.675394         5.324737        86.067055         0.870263
    C         -1.037657         5.810126        91.587166         0.870080
    C          3.018540         2.188660        87.575226         0.870110
    C          4.216558         3.351587        85.604460         0.869076
    C          5.560168         0.550651        91.124570         0.868917
    C          1.477480         4.162034        88.041760         0.869085
    C          0.176387         1.722546        93.085304         0.870129
    C          0.174075         6.981942        93.545746         0.868910
    C          2.716260         5.342775        97.091156         0.870290
    C         -0.996791         5.828165       102.611270         0.870078
    C          3.059407         2.206691        98.599330         0.870111
    C          4.257424         3.369625        96.628560         0.869105
    C          5.601034         0.568690       102.148674         0.868928
    C          1.518346         4.180073        99.065865         0.869086
    C          0.217259         1.740585       104.109406         0.870105
    C          0.214941         6.999980       104.569850         0.868881
    C          2.757139         5.360814       108.117226         0.870260
    C         -0.955912         5.846203       113.637340         0.870081
    C          3.100280         2.224730       109.625400         0.870110
    C          4.298297         3.387664       107.654630         0.869077
    C          5.641906         0.586729       113.174740         0.868916
    C          1.559218         4.198112       110.091934         0.869087
    C          0.258132         1.758624       115.135475         0.870128
    C          0.255814         7.018019       115.595920         0.868910
    C          2.798005         5.378853       119.141330         0.870291
    C         -0.915046         5.864242       124.661440         0.870081
    C          3.141146         2.242769       120.649500         0.870111
    C          4.339164         3.405695       118.678734         0.869104
    C          5.682772         0.604767       124.198845         0.868927
    C          1.600084         4.216151       121.116030         0.869086
    C          0.298999         1.776655       126.159580         0.870106
    C          0.296680         7.036058       126.620020         0.868883
    C          2.838878         5.396892       130.167390         0.870262
    C         -0.874173         5.882281       135.687500         0.869652
    C          3.182025         2.260808       131.675570         0.870116
    C          4.380044         3.423734       129.704990         0.869083
    C          5.723651         0.622806       135.224910         0.868893
    C          1.640963         4.234190       132.142100         0.869103
    C          0.339877         1.794701       137.185640         0.847985
    C          0.337559         7.054096       137.646090         0.845877
    N          2.793632         3.959724        41.351300         0.876253
    N         -1.486505         7.028745        46.867470         0.889847
    N          2.573717         3.409739        44.092278         0.889937
    N          1.427732         5.183515        42.940094         0.895427
    N          3.938683         2.185073        42.503662         0.890634
    N          5.519415         1.577788        48.017680         0.895251
    N          1.867919         3.422736        40.454426         0.890059
    N          0.980957         0.332407        45.966473         0.886511
    N          3.499417         3.946510        44.989155         0.887094
    N          0.248210         5.839998        42.648422         0.893748
    N          1.064614         5.149962        48.158500         0.892863
    N          5.118305         1.528735        42.795155         0.886659
    N          0.298018         0.359552        49.604324         0.889783
    N         -0.111764         5.810871        48.452145         0.895163
    N          4.426127         7.055818        50.503174         0.886473
    N          4.342921         2.238625        48.311325         0.892973
    N          2.834506         3.977756        52.375400         0.889979
    N         -1.445639         7.046784        57.891570         0.889827
    N          2.614585         3.427770        55.116375         0.889953
    N          1.468604         5.201554        53.964016         0.895230
    N          3.979548         2.203111        53.527760         0.895148
    N          5.560289         1.595820        59.041782         0.895249
    N          1.908785         3.440775        51.478523         0.886942
    N          1.021825         0.350439        56.990574         0.886484
    N          3.540285         3.964541        56.013252         0.886974
    N          0.289076         5.858036        53.672523         0.893085
    N          1.105481         5.167993        59.182602         0.892848
    N          5.159178         1.546774        53.819256         0.892930
    N          0.338886         0.377584        60.628426         0.889768
    N         -0.070899         5.828909        59.476067         0.895150
    N          4.466993         7.073856        61.527270         0.886470
    N          4.383787         2.256663        59.335426         0.892966
    N          2.875377         3.995802        63.401470         0.889965
    N         -1.404760         7.064823        68.917640         0.889827
    N          2.655462         3.445816        66.142450         0.889953
    N          1.509477         5.219593        64.990265         0.895233
    N          4.020428         2.221150        64.553830         0.895139
    N          5.601162         1.613858        70.067850         0.895247
    N          1.949657         3.458813        62.504593         0.886933
    N          1.062697         0.368478        68.016640         0.886480
    N          3.581157         3.982580        67.039320         0.886975
    N          0.329955         5.876075        64.698590         0.893086
    N          1.146360         5.186032        70.208670         0.892863
    N          5.200050         1.564812        64.845320         0.892917
    N          0.379765         0.395622        71.654495         0.889781
    N         -0.030026         5.846948        70.502310         0.895164
    N          4.507872         7.091895        72.553345         0.886473
    N          4.424666         2.274702        70.361496         0.892971
    N          2.916244         4.013833        74.425570         0.889979
    N         -1.363894         7.082861        79.941740         0.889827
    N          2.696330         3.463848        77.166540         0.889953
    N          1.550343         5.237631        76.014366         0.895234
    N          4.061294         2.239189        75.577930         0.895148
    N          5.642028         1.631897        81.091950         0.895248
    N          1.990531         3.476845        73.528694         0.886936
    N          1.103570         0.386516        79.040740         0.886482
    N          3.622030         4.000619        78.063420         0.886975
    N          0.370821         5.894113        75.722694         0.893086
    N          1.187226         5.204071        81.232770         0.892849
    N          5.240916         1.582851        75.869420         0.892931
    N          0.420631         0.413661        82.678600         0.889768
    N          0.010841         5.864980        81.526240         0.895151
    N          4.548739         7.109927        83.577446         0.886470
    N          4.465532         2.292741        81.385600         0.892973
    N          2.957123         4.031872        85.451640         0.889965
    N         -1.323022         7.100900        90.967810         0.889824
    N          2.737202         3.481886        88.192610         0.889953
    N          1.591222         5.255670        87.040436         0.895234
    N          4.102166         2.257227        86.604000         0.895139
    N          5.682907         1.649936        92.118020         0.895244
    N          2.031404         3.494884        84.554760         0.886932
    N          1.144442         0.404555        90.066810         0.886478
    N          3.662902         4.018658        89.089490         0.886975
    N          0.411694         5.912152        86.748764         0.893086
    N          1.228098         5.222110        92.258840         0.892863
    N          5.281796         1.600890        86.895490         0.892917
    N          0.461503         0.431700        93.704666         0.889781
    N          0.051721         5.883019        92.552480         0.895164
    N          4.589612         7.127966        94.603516         0.886474
    N          4.506404         2.310780        92.411670         0.892970
    N          2.997989         4.049911        96.475740         0.889979
    N         -1.282156         7.118939       101.991910         0.889827
    N          2.778068         3.499925        99.216710         0.889954
    N          1.632089         5.273702        98.064540         0.895234
    N          4.143032         2.275266        97.628100         0.895147
    N          5.723773         1.667975       103.142120         0.895248
    N          2.072269         3.512923        95.578865         0.886935
    N          1.185308         0.422594       101.090910         0.886479
    N          3.703768         4.036696       100.113594         0.886976
    N          0.452561         5.930184        97.772860         0.893084
    N          1.268964         5.240149       103.282936         0.892849
    N          5.322661         1.618929        97.919590         0.892931
    N          0.502376         0.449739       104.728770         0.889768
    N          0.092586         5.901057       103.576400         0.895152
    N          4.630478         7.146004       105.627610         0.886472
    N          4.547272         2.328811       103.435760         0.892973
    N          3.038862         4.067950       107.501810         0.889965
    N         -1.241276         7.136978       113.017980         0.889824
    N          2.818947         3.517964       110.242780         0.889954
    N          1.672962         5.291740       109.090610         0.895233
    N          4.183911         2.293305       108.654170         0.895141
    N          5.764646         1.686013       114.168190         0.895243
    N          2.113142         3.530961       106.604935         0.886932
    N          1.226187         0.440632       112.116980         0.886476
    N          3.744641         4.054735       111.139660         0.886977
    N          0.493440         5.948223       108.798930         0.893086
    N          1.309843         5.258187       114.309006         0.892863
    N          5.363534         1.636967       108.945840         0.892916
    N          0.543248         0.467777       115.754840         0.889781
    N          0.133459         5.919096       114.602650         0.895164
    N          4.671357         7.164043       116.653680         0.886475
    N          4.588151         2.346850       114.461830         0.892970
    N          3.079728         4.085989       118.525910         0.889979
    N         -1.200409         7.155009       124.042076         0.889828
    N          2.859813         3.536002       121.266884         0.889954
    N          1.713828         5.309779       120.114700         0.895234
    N          4.224779         2.311336       119.678270         0.895147
    N          5.805511         1.704052       125.192290         0.895247
    N          2.154015         3.549000       117.629030         0.886934
    N          1.267053         0.458671       123.141080         0.886477
    N          3.785513         4.072774       122.163760         0.886977
    N          0.534306         5.966261       119.823030         0.893084
    N          1.350711         5.276219       125.333110         0.892850
    N          5.404401         1.654999       119.969765         0.892931
    N          0.584114         0.485816       126.778930         0.889768
    N          0.174325         5.937135       125.626755         0.895157
    N          4.712223         7.182082       127.677780         0.886473
    N          4.629017         2.364888       125.485930         0.892974
    N          3.120607         4.104027       129.551970         0.889967
    N         -1.159538         7.173055       135.068150         0.889805
    N          2.900686         3.554041       132.292950         0.889973
    N          1.754707         5.327818       131.140780         0.895237
    N          4.265651         2.329375       130.704350         0.895138
    N          5.846390         1.722091       136.218350         0.895471
    N          2.194887         3.567038       128.655100         0.886932
    N          1.307926         0.476710       134.167140         0.886596
    N          3.826386         4.090813       133.189830         0.887009
    N          0.575179         5.984300       130.849100         0.893086
    N          1.391582         5.294265       136.359180         0.886585
    N          5.445281         1.673037       130.996020         0.892919
    N          0.624993         0.503855       137.805010         0.876207
    N          0.215204         5.955173       136.652820         0.890708
    N          4.753095         7.200120       138.703860         0.889985
    N          4.669890         2.382927       136.512010         0.893649
    O          0.855840         4.096404        40.233340         0.944908
    O          0.448939         6.892963        45.745388         0.919565
    O          4.511441         3.272763        45.208447         0.920000
    O          2.126840         2.310374        40.000072         0.945247
    O          0.718306         1.443055        45.509970         0.916562
    O          3.240700         5.058872        45.445656         0.917583
    O          0.284264         6.772073        41.840050         0.937361
    O          1.022426         4.213872        47.356040         0.925640
    O          5.081993         0.596298        43.601555         0.925290
    O         -0.755564         5.454646        43.273872         0.928567
    O          6.122242         1.914311        42.171856         0.927172
    O          3.335369         1.852897        47.693940         0.927832
    O          4.958130         0.495334        50.724438         0.919540
    O          4.688415         5.945019        50.959675         0.916644
    O          4.385238         3.174787        49.115757         0.925876
    O          2.072132         5.535538        48.775887         0.927823
    O          0.896707         4.114435        51.257440         0.919937
    O          0.489806         6.910995        56.769310         0.919535
    O          4.552307         3.290802        56.232544         0.919912
    O          2.167706         2.328413        51.023994         0.917318
    O          0.759172         1.461093        56.534073         0.916594
    O          3.281566         5.076911        56.469753         0.917467
    O          0.325130         6.790112        52.864150         0.926178
    O          1.063292         4.231911        58.380142         0.925641
    O          5.122867         0.614329        54.625656         0.925997
    O         -0.714696         5.472677        54.297970         0.928526
    O          6.163108         1.932350        53.195953         0.928319
    O          3.376235         1.870936        58.718037         0.927826
    O          4.998996         0.513373        61.748535         0.919553
    O          4.729280         5.963057        61.983772         0.916662
    O          4.426104         3.192826        60.139675         0.925878
    O          2.112998         5.553577        59.799988         0.927824
    O          0.937578         4.132481        62.283510         0.919951
    O          0.530679         6.929033        67.795560         0.919528
    O          4.593179         3.308840        67.258610         0.919913
    O          2.208585         2.346452        62.050243         0.917319
    O          0.800051         1.479132        67.560140         0.916592
    O          3.322439         5.094949        67.495830         0.917467
    O          0.366009         6.808151        63.890220         0.926196
    O          1.104164         4.249950        69.406210         0.925641
    O          5.163738         0.632375        65.651726         0.925994
    O         -0.673824         5.490716        65.324040         0.928526
    O         -0.391773         1.950388        64.222020         0.928324
    O          3.417114         1.888974        69.744110         0.927823
    O          5.039875         0.531412        72.774605         0.919541
    O          4.770153         5.981096        73.009840         0.916645
    O          4.466977         3.210864        71.165924         0.925879
    O          2.153871         5.571616        70.826060         0.927821
    O          0.978446         4.150513        73.307610         0.919938
    O          0.571551         6.947072        78.819480         0.919533
    O          4.634045         3.326879        78.282715         0.919913
    O          2.249452         2.364483        73.074340         0.917300
    O          0.840917         1.497171        78.584240         0.916592
    O          3.363307         5.112980        78.519920         0.917468
    O          0.406875         6.826189        74.914320         0.926174
    O          1.145032         4.267981        80.430310         0.925640
    O          5.204605         0.650407        76.675830         0.925999
    O         -0.632951         5.508755        76.348140         0.928528
    O         -0.350907         1.968427        75.246124         0.928320
    O          3.457980         1.907013        80.768200         0.927821
    O          5.080742         0.549443        83.798706         0.919554
    O          4.811026         5.999135        84.033940         0.916662
    O          4.507844         3.228896        82.190025         0.925901
    O          2.194736         5.589654        81.850160         0.927824
    O          1.019325         4.168551        84.333680         0.919950
    O          0.612424         6.965111        89.845726         0.919525
    O          4.674924         3.344918        89.308784         0.919914
    O          2.290323         2.382529        84.100410         0.917317
    O          0.881790         1.515210        89.610310         0.916589
    O          3.404186         5.131019        89.545990         0.917468
    O          0.447747         6.844228        85.940390         0.926194
    O          1.185909         4.286027        91.456380         0.925640
    O          5.245484         0.668445        87.701900         0.925997
    O         -0.592079         5.526794        87.374210         0.928527
    O         -0.310034         1.986466        86.272194         0.928321
    O          3.498852         1.925052        91.794270         0.927819
    O          5.121615         0.567482        94.824776         0.919542
    O          4.851898         6.017173        95.060010         0.916646
    O          4.548722         3.246942        93.216095         0.925880
    O          2.235616         5.607693        92.876230         0.927824
    O          1.060191         4.186590        95.357780         0.919935
    O          0.653289         6.983149       100.869830         0.919525
    O          4.715792         3.362949       100.332886         0.919917
    O          2.331197         2.400561        95.124510         0.917299
    O          0.922655         1.533248       100.634410         0.916589
    O          3.445051         5.149058       100.570090         0.917469
    O          0.488615         6.862259        96.964485         0.926172
    O          1.226777         4.304059       102.480480         0.925639
    O          5.286350         0.686484        98.725990         0.926001
    O         -0.551213         5.544832        98.398310         0.928528
    O         -0.269168         2.004504        97.296295         0.928317
    O          3.539725         1.943090       102.818375         0.927819
    O          5.162481         0.585521       105.848880         0.919556
    O          4.892766         6.035205       106.084114         0.916666
    O          4.589589         3.264973       104.240200         0.925904
    O          2.276483         5.625724       103.900330         0.927828
    O          1.101063         4.204629       106.383850         0.919947
    O          0.694169         7.001188       111.895900         0.919523
    O          4.756662         3.380995       111.358955         0.919917
    O          2.372070         2.418600       106.150580         0.917316
    O          0.963535         1.551287       111.660484         0.916585
    O          3.485924         5.167097       111.596160         0.917471
    O          0.529492         6.880305       107.990555         0.926193
    O          1.267649         4.322097       113.506546         0.925638
    O          5.327223         0.704523       109.752070         0.925969
    O         -0.510340         5.562871       109.424380         0.928529
    O         -0.228289         2.022543       108.322365         0.928340
    O          3.580597         1.961129       113.844444         0.927818
    O          5.203360         0.603560       116.874950         0.919544
    O          4.933645         6.053244       117.110180         0.916649
    O          4.630462         3.283012       115.266266         0.925883
    O          2.317355         5.643763       114.926400         0.927824
    O          1.141936         4.222667       117.407940         0.919934
    O          0.735034         7.019227       122.920000         0.919524
    O          4.797530         3.399027       122.383060         0.919917
    O          2.412936         2.436638       117.174680         0.917296
    O          1.004402         1.569319       122.684580         0.916585
    O          3.526790         5.185135       122.620260         0.917471
    O          0.570360         6.898337       119.014656         0.926170
    O          1.308515         4.340136       124.530650         0.925632
    O          5.368089         0.722562       120.776160         0.926002
    O         -0.469468         5.580910       120.448480         0.928530
    O         -0.187422         2.040575       119.346466         0.928316
    O          3.621465         1.979161       124.868546         0.927819
    O          5.244226         0.621598       127.899050         0.919560
    O          4.974511         6.071282       128.134280         0.916668
    O          4.671334         3.301051       126.290360         0.925909
    O          2.358228         5.661802       125.950490         0.927829
    O          1.182808         4.240706       128.434020         0.919946
    O          0.775907         7.037265       133.946060         0.919614
    O          4.838409         3.417065       133.409120         0.919953
    O          2.453815         2.454677       128.200740         0.917316
    O          1.045273         1.587364       133.710650         0.916704
    O          3.567669         5.203174       133.646330         0.917445
    O          0.611232         6.916376       130.040730         0.926188
    O          1.349394         4.358175       135.556720         0.924916
    O          5.408968         0.740600       131.802410         0.925985
    O         -0.428595         5.598948       131.474550         0.928536
    O         -0.146549         2.058613       130.372530         0.928335
    O          3.662342         1.997207       135.894620         0.927828
    O          5.285099         0.639637       138.925110         0.944989
    O          5.015383         6.089321       139.160350         0.945246
    O          4.712207         3.319089       137.316440         0.937297
    O          2.399100         5.679841       136.976560         0.926670
   |---------------------------------------------------------------------------
   |--------------------------------MBD@rSCS Settings---------------------------
    Exchange-Correlation functional:   1  (PBE)
    Radius used to construct the supercell in periodic MBD calculations  20.00000 Angstrom
    Radius used to integrate dipole field in periodic MBD calculation 100.00000 Angstrom
    Radius used to integrate dipole field in periodic SCS calculation 120.00000 Angstrom
     Found mbd_scs_vacuum_axis keyword in setting file
     This keyword specifies direction of vacuum region in case of low-dimensional systems
    Default: No vacuum mbd_scs_vacuum_axis .false. .false. .false.
    For example in the case of periodic slab along xy directions the keyword
    mbd_scs_vacuum_axis .false. .false. .true. is needed to specify z as
    vacuum direction in MBD/SCS calculation.
   |---------------------------------------------------------------------------
   | Many-Body Dispersion (MBD@rsSCS) energy
   | Dynamic polarizability of unit cell alpha(iw) (bohr^3)
   | ---------------------------------------------------------------------------
   |  omega(Ha)   alpha_iso      alpha_xx       alpha_yy       alpha_zz
   |   0.000000   0.271173E+04   0.254903E+04   0.256386E+04   0.302231E+04
   |   0.039290   0.270023E+04   0.253743E+04   0.255346E+04   0.300982E+04
   |   0.118358   0.261117E+04   0.244791E+04   0.247288E+04   0.291272E+04
   |   0.198912   0.244701E+04   0.228479E+04   0.232407E+04   0.273217E+04
   |   0.282029   0.222946E+04   0.207260E+04   0.212577E+04   0.249000E+04
   |   0.368919   0.198079E+04   0.183549E+04   0.189702E+04   0.220986E+04
   |   0.461006   0.171990E+04   0.159212E+04   0.165438E+04   0.191319E+04
   |   0.560027   0.146148E+04   0.135517E+04   0.141157E+04   0.161771E+04
   |   0.668179   0.121663E+04   0.113296E+04   0.117958E+04   0.133735E+04
   |   0.788336   0.993115E+03   0.930804E+03   0.966457E+03   0.108209E+04
   |   0.924390   0.795481E+03   0.751573E+03   0.777014E+03   0.857857E+03
   |   1.081790   0.625248E+03   0.596012E+03   0.613018E+03   0.666714E+03
   |   1.268490   0.481545E+03   0.463209E+03   0.473857E+03   0.507570E+03
   |   1.496610   0.362054E+03   0.351285E+03   0.357506E+03   0.377372E+03
   |   1.785630   0.263903E+03   0.258040E+03   0.261404E+03   0.272265E+03
   |   2.169170   0.184304E+03   0.181401E+03   0.183056E+03   0.188456E+03
   |   2.710620   0.120936E+03   0.119673E+03   0.120389E+03   0.122746E+03
   |   3.545730   0.720347E+02   0.715834E+02   0.718383E+02   0.726825E+02
   |   5.027340   0.363380E+02   0.362226E+02   0.362876E+02   0.365038E+02
   |   8.448960   0.129848E+02   0.129700E+02   0.129783E+02   0.130060E+02
   |  25.451700   0.143745E+01   0.143727E+01   0.143737E+01   0.143771E+01
   | ---------------------------------------------------------------------------
   | Unit cell C6 coefficient    :      3313131.61787420    hartree bohr^6
   | ---------------------------------------------------------------------------
   | Partitioned C6 (hartree bohr^6) | alpha (bohr^3)  of atom in unit cell
   | ---------------------------------------------------------------------------
   | ATOM    1  H     2.012035          2.082971
   | ATOM    2  H     2.124861          2.132050
   | ATOM    3  H     2.124373          2.132496
   | ATOM    4  H     1.789539          2.024690
   | ATOM    5  H     2.395898          2.359587
   | ATOM    6  H     2.395457          2.359471
   | ATOM    7  H     1.723046          1.957018
   | ATOM    8  H     2.139773          2.188519
   | ATOM    9  H     2.134381          2.183515
   | ATOM   10  H     1.870127          1.972486
   | ATOM   11  H     2.013534          2.046998
   | ATOM   12  H     2.011022          2.046502
   | ATOM   13  H     2.125846          2.132850
   | ATOM   14  H     2.396178          2.359890
   | ATOM   15  H     2.141034          2.189218
   | ATOM   16  H     2.012519          2.046238
   | ATOM   17  H     2.117804          2.126660
   | ATOM   18  H     2.124956          2.132129
   | ATOM   19  H     2.113850          2.123957
   | ATOM   20  H     2.396355          2.359382
   | ATOM   21  H     2.396092          2.359794
   | ATOM   22  H     2.396314          2.359469
   | ATOM   23  H     2.142460          2.189669
   | ATOM   24  H     2.139443          2.188348
   | ATOM   25  H     2.138877          2.187750
   | ATOM   26  H     2.012369          2.046087
   | ATOM   27  H     2.013478          2.046969
   | ATOM   28  H     2.013283          2.047164
   | ATOM   29  H     2.125642          2.132757
   | ATOM   30  H     2.395521          2.359533
   | ATOM   31  H     2.140662          2.189022
   | ATOM   32  H     2.012256          2.046081
   | ATOM   33  H     2.117649          2.126593
   | ATOM   34  H     2.124897          2.132075
   | ATOM   35  H     2.113895          2.123990
   | ATOM   36  H     2.395620          2.359002
   | ATOM   37  H     2.396139          2.359830
   | ATOM   38  H     2.396281          2.359472
   | ATOM   39  H     2.142221          2.189534
   | ATOM   40  H     2.139555          2.188415
   | ATOM   41  H     2.138841          2.187722
   | ATOM   42  H     2.012130          2.045955
   | ATOM   43  H     2.013471          2.046965
   | ATOM   44  H     2.013257          2.047156
   | ATOM   45  H     2.125433          2.132555
   | ATOM   46  H     2.396181          2.359893
   | ATOM   47  H     2.141042          2.189243
   | ATOM   48  H     2.012486          2.046224
   | ATOM   49  H     2.117789          2.126641
   | ATOM   50  H     2.124973          2.132138
   | ATOM   51  H     2.113821          2.123935
   | ATOM   52  H     2.396357          2.359391
   | ATOM   53  H     2.396099          2.359800
   | ATOM   54  H     2.396317          2.359488
   | ATOM   55  H     2.142544          2.189710
   | ATOM   56  H     2.139437          2.188342
   | ATOM   57  H     2.138878          2.187748
   | ATOM   58  H     2.012383          2.046100
   | ATOM   59  H     2.013456          2.046954
   | ATOM   60  H     2.013228          2.047130
   | ATOM   61  H     2.125629          2.132749
   | ATOM   62  H     2.395553          2.359556
   | ATOM   63  H     2.140713          2.189051
   | ATOM   64  H     2.012247          2.046075
   | ATOM   65  H     2.117613          2.126565
   | ATOM   66  H     2.124898          2.132073
   | ATOM   67  H     2.113870          2.123974
   | ATOM   68  H     2.395683          2.359037
   | ATOM   69  H     2.395219          2.359183
   | ATOM   70  H     2.396311          2.359492
   | ATOM   71  H     2.142257          2.189562
   | ATOM   72  H     2.139529          2.188396
   | ATOM   73  H     2.138839          2.187722
   | ATOM   74  H     2.012089          2.045923
   | ATOM   75  H     2.013539          2.047041
   | ATOM   76  H     2.013246          2.047149
   | ATOM   77  H     2.125465          2.132581
   | ATOM   78  H     2.396192          2.359902
   | ATOM   79  H     2.141037          2.189241
   | ATOM   80  H     2.012487          2.046223
   | ATOM   81  H     2.117785          2.126638
   | ATOM   82  H     2.124971          2.132133
   | ATOM   83  H     2.113829          2.123944
   | ATOM   84  H     2.396352          2.359387
   | ATOM   85  H     2.396122          2.359820
   | ATOM   86  H     2.396287          2.359469
   | ATOM   87  H     2.142567          2.189728
   | ATOM   88  H     2.139507          2.188399
   | ATOM   89  H     2.138838          2.187721
   | ATOM   90  H     2.012389          2.046105
   | ATOM   91  H     2.013459          2.046956
   | ATOM   92  H     2.013262          2.047158
   | ATOM   93  H     2.125591          2.132722
   | ATOM   94  H     2.395528          2.359536
   | ATOM   95  H     2.140722          2.189056
   | ATOM   96  H     2.012234          2.046064
   | ATOM   97  H     2.117584          2.126549
   | ATOM   98  H     2.124930          2.132096
   | ATOM   99  H     2.113870          2.123970
   | ATOM  100  H     2.395712          2.359054
   | ATOM  101  H     2.395185          2.359164
   | ATOM  102  H     2.396297          2.359479
   | ATOM  103  H     2.142266          2.189571
   | ATOM  104  H     2.139572          2.188429
   | ATOM  105  H     2.138812          2.187712
   | ATOM  106  H     2.012135          2.045953
   | ATOM  107  H     2.013539          2.047042
   | ATOM  108  H     2.013262          2.047152
   | ATOM  109  H     2.125425          2.132551
   | ATOM  110  H     2.396175          2.359886
   | ATOM  111  H     2.141026          2.189232
   | ATOM  112  H     2.012490          2.046226
   | ATOM  113  H     2.117795          2.126642
   | ATOM  114  H     2.124982          2.132136
   | ATOM  115  H     2.113814          2.123934
   | ATOM  116  H     2.396338          2.359379
   | ATOM  117  H     2.396106          2.359812
   | ATOM  118  H     2.396297          2.359477
   | ATOM  119  H     2.142569          2.189731
   | ATOM  120  H     2.139588          2.188440
   | ATOM  121  H     2.138861          2.187739
   | ATOM  122  H     2.012399          2.046114
   | ATOM  123  H     2.013473          2.046970
   | ATOM  124  H     2.013255          2.047151
   | ATOM  125  H     2.125607          2.132737
   | ATOM  126  H     2.395528          2.359552
   | ATOM  127  H     2.140721          2.189050
   | ATOM  128  H     2.012229          2.046069
   | ATOM  129  H     2.117637          2.126591
   | ATOM  130  H     2.136374          2.141222
   | ATOM  131  H     2.113827          2.123941
   | ATOM  132  H     2.396470          2.359634
   | ATOM  133  H     2.394316          2.359067
   | ATOM  134  H     2.396041          2.359235
   | ATOM  135  H     2.142260          2.189570
   | ATOM  136  H     2.135035          2.184181
   | ATOM  137  H     2.139081          2.187840
   | ATOM  138  H     2.011911          2.045781
   | ATOM  139  H     2.011199          2.046254
   | ATOM  140  H     2.013332          2.047199
   | ATOM  141  H     2.021486          2.089618
   | ATOM  142  H     1.792285          2.026553
   | ATOM  143  H     1.724877          1.957960
   | ATOM  144  H     1.874808          1.975580
   | ATOM  145  C    37.573852         10.513167
   | ATOM  146  C    39.284721         10.718218
   | ATOM  147  C    39.171407         10.700652
   | ATOM  148  C    38.639111         10.750470
   | ATOM  149  C    41.692239         11.176068
   | ATOM  150  C    41.562753         11.151911
   | ATOM  151  C    39.277344         10.717648
   | ATOM  152  C    41.690899         11.175867
   | ATOM  153  C    39.258547         10.713830
   | ATOM  154  C    39.286269         10.718460
   | ATOM  155  C    39.236529         10.709895
   | ATOM  156  C    41.674199         11.172551
   | ATOM  157  C    41.692293         11.176080
   | ATOM  158  C    41.658561         11.169916
   | ATOM  159  C    39.275410         10.717432
   | ATOM  160  C    41.684399         11.174971
   | ATOM  161  C    39.255638         10.713500
   | ATOM  162  C    39.285026         10.718319
   | ATOM  163  C    39.236218         10.709858
   | ATOM  164  C    41.667825         11.171588
   | ATOM  165  C    41.692108         11.176062
   | ATOM  166  C    41.659040         11.169894
   | ATOM  167  C    39.276406         10.717497
   | ATOM  168  C    41.690947         11.175893
   | ATOM  169  C    39.257409         10.713716
   | ATOM  170  C    39.286315         10.718466
   | ATOM  171  C    39.236527         10.709892
   | ATOM  172  C    41.673615         11.172463
   | ATOM  173  C    41.692026         11.176049
   | ATOM  174  C    41.659446         11.169970
   | ATOM  175  C    39.275229         10.717388
   | ATOM  176  C    41.684298         11.174957
   | ATOM  177  C    39.255629         10.713495
   | ATOM  178  C    39.285061         10.718325
   | ATOM  179  C    39.236441         10.709885
   | ATOM  180  C    41.667893         11.171600
   | ATOM  181  C    41.689911         11.175704
   | ATOM  182  C    41.659124         11.169906
   | ATOM  183  C    39.276226         10.717457
   | ATOM  184  C    41.690761         11.175860
   | ATOM  185  C    39.257414         10.713718
   | ATOM  186  C    39.286266         10.718453
   | ATOM  187  C    39.236574         10.709904
   | ATOM  188  C    41.673653         11.172471
   | ATOM  189  C    41.691886         11.176024
   | ATOM  190  C    41.659673         11.170002
   | ATOM  191  C    39.275237         10.717393
   | ATOM  192  C    41.684329         11.174961
   | ATOM  193  C    39.255520         10.713491
   | ATOM  194  C    39.285169         10.718337
   | ATOM  195  C    39.235184         10.709698
   | ATOM  196  C    41.669008         11.171754
   | ATOM  197  C    41.689716         11.175678
   | ATOM  198  C    41.659238         11.169919
   | ATOM  199  C    39.276233         10.717465
   | ATOM  200  C    41.690948         11.175889
   | ATOM  201  C    39.257561         10.713738
   | ATOM  202  C    39.284984         10.718314
   | ATOM  203  C    39.236352         10.709872
   | ATOM  204  C    41.673545         11.172454
   | ATOM  205  C    41.691321         11.175935
   | ATOM  206  C    41.659576         11.169991
   | ATOM  207  C    39.275603         10.717449
   | ATOM  208  C    41.685555         11.175065
   | ATOM  209  C    39.254720         10.713349
   | ATOM  210  C    39.218584         10.708838
   | ATOM  211  C    39.234925         10.709604
   | ATOM  212  C    41.669486         11.171763
   | ATOM  213  C    41.598128         11.158613
   | ATOM  214  C    41.659180         11.169869
   | ATOM  215  C    37.614144         10.519151
   | ATOM  216  C    38.683219         10.757290
   | ATOM  217  N    18.433071          6.133167
   | ATOM  218  N    18.912099          6.204584
   | ATOM  219  N    18.985047          6.225310
   | ATOM  220  N    20.906983          6.811974
   | ATOM  221  N    20.921425          6.838044
   | ATOM  222  N    21.144900          6.874714
   | ATOM  223  N    21.020297          6.703458
   | ATOM  224  N    20.661732          6.644938
   | ATOM  225  N    20.712924          6.653699
   | ATOM  226  N    21.084946          6.648181
   | ATOM  227  N    20.973017          6.630480
   | ATOM  228  N    20.917530          6.638988
   | ATOM  229  N    18.912437          6.204638
   | ATOM  230  N    21.155073          6.876529
   | ATOM  231  N    20.665317          6.645270
   | ATOM  232  N    20.977710          6.631532
   | ATOM  233  N    18.913708          6.203853
   | ATOM  234  N    18.911909          6.204623
   | ATOM  235  N    18.911321          6.204292
   | ATOM  236  N    21.165077          6.880092
   | ATOM  237  N    21.177765          6.882030
   | ATOM  238  N    21.144427          6.874607
   | ATOM  239  N    20.699924          6.652551
   | ATOM  240  N    20.661909          6.645111
   | ATOM  241  N    20.703020          6.653070
   | ATOM  242  N    20.996096          6.635341
   | ATOM  243  N    20.973494          6.630600
   | ATOM  244  N    20.983512          6.632439
   | ATOM  245  N    18.911870          6.204547
   | ATOM  246  N    21.154603          6.876440
   | ATOM  247  N    20.666142          6.645444
   | ATOM  248  N    20.976905          6.631326
   | ATOM  249  N    18.913026          6.203730
   | ATOM  250  N    18.911264          6.204460
   | ATOM  251  N    18.911824          6.204437
   | ATOM  252  N    21.164425          6.879938
   | ATOM  253  N    21.177255          6.881948
   | ATOM  254  N    21.145289          6.874825
   | ATOM  255  N    20.700136          6.652584
   | ATOM  256  N    20.661742          6.645076
   | ATOM  257  N    20.703098          6.653081
   | ATOM  258  N    20.995590          6.635221
   | ATOM  259  N    20.972955          6.630446
   | ATOM  260  N    20.983605          6.632501
   | ATOM  261  N    18.912477          6.204685
   | ATOM  262  N    21.155044          6.876513
   | ATOM  263  N    20.665332          6.645275
   | ATOM  264  N    20.977803          6.631566
   | ATOM  265  N    18.913262          6.203729
   | ATOM  266  N    18.911922          6.204628
   | ATOM  267  N    18.911713          6.204406
   | ATOM  268  N    21.165285          6.880155
   | ATOM  269  N    21.177630          6.882001
   | ATOM  270  N    21.144087          6.874530
   | ATOM  271  N    20.699458          6.652446
   | ATOM  272  N    20.661862          6.645105
   | ATOM  273  N    20.702935          6.653046
   | ATOM  274  N    20.995644          6.635249
   | ATOM  275  N    20.973504          6.630603
   | ATOM  276  N    20.983641          6.632465
   | ATOM  277  N    18.911848          6.204546
   | ATOM  278  N    21.154620          6.876443
   | ATOM  279  N    20.666066          6.645422
   | ATOM  280  N    20.977728          6.631527
   | ATOM  281  N    18.912992          6.203719
   | ATOM  282  N    18.911548          6.204556
   | ATOM  283  N    18.911798          6.204430
   | ATOM  284  N    21.164469          6.879946
   | ATOM  285  N    21.177240          6.881946
   | ATOM  286  N    21.145154          6.874838
   | ATOM  287  N    20.700049          6.652563
   | ATOM  288  N    20.661658          6.645085
   | ATOM  289  N    20.702952          6.653046
   | ATOM  290  N    20.995563          6.635214
   | ATOM  291  N    20.973044          6.630465
   | ATOM  292  N    20.983594          6.632499
   | ATOM  293  N    18.912448          6.204682
   | ATOM  294  N    21.155143          6.876533
   | ATOM  295  N    20.665336          6.645272
   | ATOM  296  N    20.977755          6.631571
   | ATOM  297  N    18.913181          6.203712
   | ATOM  298  N    18.911626          6.204562
   | ATOM  299  N    18.911656          6.204393
   | ATOM  300  N    21.165278          6.880152
   | ATOM  301  N    21.177618          6.881997
   | ATOM  302  N    21.144067          6.874527
   | ATOM  303  N    20.699380          6.652432
   | ATOM  304  N    20.661370          6.644990
   | ATOM  305  N    20.703000          6.653059
   | ATOM  306  N    20.995554          6.635239
   | ATOM  307  N    20.973574          6.630612
   | ATOM  308  N    20.983529          6.632440
   | ATOM  309  N    18.911917          6.204562
   | ATOM  310  N    21.154553          6.876421
   | ATOM  311  N    20.666254          6.645461
   | ATOM  312  N    20.977767          6.631534
   | ATOM  313  N    18.912925          6.203696
   | ATOM  314  N    18.911532          6.204557
   | ATOM  315  N    18.911804          6.204436
   | ATOM  316  N    21.164472          6.879948
   | ATOM  317  N    21.177029          6.881913
   | ATOM  318  N    21.145175          6.874844
   | ATOM  319  N    20.700076          6.652575
   | ATOM  320  N    20.661589          6.645074
   | ATOM  321  N    20.703052          6.653059
   | ATOM  322  N    20.995620          6.635229
   | ATOM  323  N    20.973024          6.630463
   | ATOM  324  N    20.983000          6.632370
   | ATOM  325  N    18.912511          6.204692
   | ATOM  326  N    21.155142          6.876528
   | ATOM  327  N    20.665452          6.645295
   | ATOM  328  N    20.977789          6.631574
   | ATOM  329  N    18.913257          6.203736
   | ATOM  330  N    18.911327          6.204478
   | ATOM  331  N    18.911686          6.204401
   | ATOM  332  N    21.165341          6.880159
   | ATOM  333  N    21.177618          6.881999
   | ATOM  334  N    21.144058          6.874527
   | ATOM  335  N    20.699340          6.652426
   | ATOM  336  N    20.661544          6.645034
   | ATOM  337  N    20.703056          6.653065
   | ATOM  338  N    20.995610          6.635247
   | ATOM  339  N    20.972998          6.630499
   | ATOM  340  N    20.983552          6.632442
   | ATOM  341  N    18.912277          6.204651
   | ATOM  342  N    21.154748          6.876478
   | ATOM  343  N    20.666180          6.645440
   | ATOM  344  N    20.977806          6.631538
   | ATOM  345  N    18.913083          6.203764
   | ATOM  346  N    18.983336          6.225065
   | ATOM  347  N    18.912437          6.204519
   | ATOM  348  N    21.164219          6.879860
   | ATOM  349  N    21.177172          6.881858
   | ATOM  350  N    20.897402          6.809139
   | ATOM  351  N    20.700588          6.652668
   | ATOM  352  N    20.671329          6.645670
   | ATOM  353  N    20.703280          6.652982
   | ATOM  354  N    20.995418          6.635179
   | ATOM  355  N    20.906079          6.636803
   | ATOM  356  N    20.983740          6.632595
   | ATOM  357  N    18.426527          6.131903
   | ATOM  358  N    20.904498          6.833679
   | ATOM  359  N    21.002825          6.698786
   | ATOM  360  N    21.070473          6.645236
   | ATOM  361  O    13.089933          4.681130
   | ATOM  362  O    12.249934          4.514793
   | ATOM  363  O    12.259955          4.515941
   | ATOM  364  O    13.303762          4.736739
   | ATOM  365  O    12.124100          4.474855
   | ATOM  366  O    12.171091          4.486744
   | ATOM  367  O    13.107941          4.713944
   | ATOM  368  O    12.740704          4.644508
   | ATOM  369  O    12.740905          4.643706
   | ATOM  370  O    13.058899          4.749030
   | ATOM  371  O    13.217828          4.799804
   | ATOM  372  O    13.083093          4.758712
   | ATOM  373  O    12.250655          4.515078
   | ATOM  374  O    12.128690          4.476475
   | ATOM  375  O    12.755489          4.648505
   | ATOM  376  O    13.084625          4.759266
   | ATOM  377  O    12.260638          4.516831
   | ATOM  378  O    12.250443          4.514943
   | ATOM  379  O    12.256400          4.515528
   | ATOM  380  O    12.153577          4.481854
   | ATOM  381  O    12.128598          4.476420
   | ATOM  382  O    12.165246          4.485210
   | ATOM  383  O    12.762388          4.648935
   | ATOM  384  O    12.740836          4.644565
   | ATOM  385  O    12.749377          4.645598
   | ATOM  386  O    13.081025          4.755429
   | ATOM  387  O    13.070528          4.752725
   | ATOM  388  O    13.083264          4.758790
   | ATOM  389  O    12.251834          4.515404
   | ATOM  390  O    12.130125          4.476865
   | ATOM  391  O    12.754724          4.648232
   | ATOM  392  O    13.085758          4.759587
   | ATOM  393  O    12.262271          4.517283
   | ATOM  394  O    12.250022          4.514811
   | ATOM  395  O    12.256424          4.515529
   | ATOM  396  O    12.154137          4.481992
   | ATOM  397  O    12.128828          4.476478
   | ATOM  398  O    12.165235          4.485209
   | ATOM  399  O    12.763174          4.649085
   | ATOM  400  O    12.741259          4.644679
   | ATOM  401  O    12.749398          4.645610
   | ATOM  402  O    13.080578          4.755319
   | ATOM  403  O    13.071210          4.752911
   | ATOM  404  O    13.082983          4.758710
   | ATOM  405  O    12.250655          4.515070
   | ATOM  406  O    12.128685          4.476471
   | ATOM  407  O    12.755585          4.648525
   | ATOM  408  O    13.084614          4.759275
   | ATOM  409  O    12.261081          4.516958
   | ATOM  410  O    12.250361          4.514923
   | ATOM  411  O    12.256431          4.515530
   | ATOM  412  O    12.152681          4.481601
   | ATOM  413  O    12.128573          4.476418
   | ATOM  414  O    12.165196          4.485188
   | ATOM  415  O    12.762832          4.649066
   | ATOM  416  O    12.740882          4.644582
   | ATOM  417  O    12.749485          4.645626
   | ATOM  418  O    13.080527          4.755294
   | ATOM  419  O    13.070535          4.752726
   | ATOM  420  O    13.083052          4.758740
   | ATOM  421  O    12.251889          4.515413
   | ATOM  422  O    12.130095          4.476852
   | ATOM  423  O    12.755902          4.648536
   | ATOM  424  O    13.085761          4.759584
   | ATOM  425  O    12.262251          4.517278
   | ATOM  426  O    12.249963          4.514801
   | ATOM  427  O    12.256497          4.515549
   | ATOM  428  O    12.154038          4.481964
   | ATOM  429  O    12.128716          4.476463
   | ATOM  430  O    12.165184          4.485189
   | ATOM  431  O    12.763142          4.649082
   | ATOM  432  O    12.741205          4.644670
   | ATOM  433  O    12.749436          4.645607
   | ATOM  434  O    13.080547          4.755305
   | ATOM  435  O    13.071084          4.752880
   | ATOM  436  O    13.082955          4.758717
   | ATOM  437  O    12.250714          4.515084
   | ATOM  438  O    12.128695          4.476469
   | ATOM  439  O    12.755597          4.648520
   | ATOM  440  O    13.084718          4.759299
   | ATOM  441  O    12.260998          4.516939
   | ATOM  442  O    12.249849          4.514765
   | ATOM  443  O    12.256583          4.515568
   | ATOM  444  O    12.152657          4.481598
   | ATOM  445  O    12.128766          4.476470
   | ATOM  446  O    12.165194          4.485183
   | ATOM  447  O    12.762759          4.649052
   | ATOM  448  O    12.740803          4.644564
   | ATOM  449  O    12.749509          4.645626
   | ATOM  450  O    13.080548          4.755299
   | ATOM  451  O    13.070443          4.752706
   | ATOM  452  O    13.082923          4.758706
   | ATOM  453  O    12.251967          4.515431
   | ATOM  454  O    12.130234          4.476886
   | ATOM  455  O    12.756056          4.648576
   | ATOM  456  O    13.085878          4.759611
   | ATOM  457  O    12.262192          4.517270
   | ATOM  458  O    12.249907          4.514788
   | ATOM  459  O    12.256556          4.515559
   | ATOM  460  O    12.154044          4.481974
   | ATOM  461  O    12.128627          4.476448
   | ATOM  462  O    12.165290          4.485209
   | ATOM  463  O    12.763156          4.649091
   | ATOM  464  O    12.741188          4.644671
   | ATOM  465  O    12.748432          4.645351
   | ATOM  466  O    13.080621          4.755323
   | ATOM  467  O    13.071958          4.753108
   | ATOM  468  O    13.082869          4.758696
   | ATOM  469  O    12.250755          4.515093
   | ATOM  470  O    12.128800          4.476494
   | ATOM  471  O    12.755685          4.648543
   | ATOM  472  O    13.084714          4.759294
   | ATOM  473  O    12.260955          4.516932
   | ATOM  474  O    12.249921          4.514794
   | ATOM  475  O    12.256565          4.515560
   | ATOM  476  O    12.152588          4.481584
   | ATOM  477  O    12.128633          4.476439
   | ATOM  478  O    12.165264          4.485200
   | ATOM  479  O    12.762678          4.649034
   | ATOM  480  O    12.741124          4.644665
   | ATOM  481  O    12.749511          4.645620
   | ATOM  482  O    13.080623          4.755315
   | ATOM  483  O    13.070465          4.752717
   | ATOM  484  O    13.082939          4.758713
   | ATOM  485  O    12.252031          4.515438
   | ATOM  486  O    12.130247          4.476875
   | ATOM  487  O    12.756198          4.648606
   | ATOM  488  O    13.085393          4.759477
   | ATOM  489  O    12.262135          4.517256
   | ATOM  490  O    12.253635          4.515256
   | ATOM  491  O    12.256377          4.515508
   | ATOM  492  O    12.154124          4.481991
   | ATOM  493  O    12.134502          4.477977
   | ATOM  494  O    12.160771          4.483650
   | ATOM  495  O    12.762989          4.649058
   | ATOM  496  O    12.732450          4.642743
   | ATOM  497  O    12.748884          4.645437
   | ATOM  498  O    13.080586          4.755283
   | ATOM  499  O    13.071472          4.752970
   | ATOM  500  O    13.060520          4.752249
   | ATOM  501  O    13.091625          4.681412
   | ATOM  502  O    13.300573          4.735771
   | ATOM  503  O    13.107769          4.714746
   | ATOM  504  O    13.230983          4.805981
   | ---------------------------------------------------------------------------
   | Creating super cell of dimension  4 X   3 X   1 in MBD calculation
   | containing  6048  atom
   | MBD@rsSCS energy   :        -1.244141594 Ha            -33.854337454 eV
