  Using        7 parallel tasks.
   |---------------------------Input Geometry-----------------------------------------
   Number of atoms  112
 
    H          3.439887         5.579731        42.451374         0.787341
    H          4.468875         5.411126        47.975430         0.820739
    H          1.926610         1.789154        42.994335         0.820481
    H          4.362726         2.847587        40.547030         0.722827
    H          5.080670         0.905914        46.067110         0.824970
    H          1.005319         4.522382        44.898678         0.825496
    H          2.226942         6.002795        41.222670         0.735924
    H         -0.919475         4.986059        46.742752         0.822896
    H          3.140736         1.366951        44.218956         0.823173
    H          4.791986         4.017508        41.833965         0.780694
    H          3.114469         6.975316        47.364140         0.814020
    H          0.574653         3.351666        43.613680         0.813726
    H          0.938794         1.977172        48.496260         0.820733
    H          0.326081         6.482014        50.402744         0.825117
    H         -0.268713         2.402384        49.729042         0.822969
    H          2.293068         0.412981        49.107655         0.813989
    H          3.480754         5.597762        53.475414         0.820661
    H          4.509747         5.429164        58.999573         0.820927
    H          1.967476         1.807192        54.018380         0.820407
    H          4.403594         2.865619        51.571070         0.825459
    H          5.121537         0.923953        57.091150         0.825077
    H          1.046185         4.540421        55.922825         0.825395
    H          2.267809         6.020826        52.246716         0.823507
    H         -0.878609         5.004097        57.766792         0.822709
    H          3.181602         1.384989        55.243103         0.823354
    H          4.832852         4.035546        52.858110         0.814241
    H          3.155343         6.993348        58.388180         0.813597
    H          0.615519         3.369705        54.637726         0.814166
    H          0.979660         1.995210        59.520405         0.788133
    H          0.366947         6.500053        61.426790         0.723315
    H         -0.227846         2.420415        60.753082         0.736487
    H          2.333934         0.431020        60.131695         0.781142
    C          2.511909         5.252589        41.966747         0.847677
    C         -1.201142         5.737978        47.486824         0.870092
    C          2.855050         2.116505        43.474987         0.869690
    C          4.053069         3.279432        41.504147         0.845743
    C          5.396676         0.478504        47.024326         0.868941
    C          1.313988         4.089887        43.941460         0.869057
    C          0.012903         1.650392        48.984966         0.870136
    C          0.010590         6.909794        49.445526         0.868914
    C          2.552775         5.270627        52.990788         0.870292
    C         -1.160274         5.756010        58.510868         0.869656
    C          2.895922         2.134544        54.499027         0.870125
    C          4.093941         3.297470        52.528294         0.869114
    C          5.437549         0.496542        58.048370         0.868901
    C          1.354862         4.107918        54.965603         0.869105
    C          0.053769         1.668430        60.009010         0.847988
    C          0.051458         6.927825        60.469566         0.845878
    N          2.793632         3.959724        41.351376         0.876257
    N         -1.486505         7.028745        46.867477         0.889846
    N          2.573717         3.409739        44.092293         0.889940
    N          1.427732         5.183515        42.939980         0.895426
    N          3.938683         2.185073        42.503693         0.890639
    N          5.519415         1.577788        48.017650         0.895247
    N          1.867919         3.422736        40.454430         0.890065
    N          0.980957         0.332407        45.966553         0.886513
    N          3.499417         3.946510        44.989243         0.887093
    N          0.248210         5.839998        42.648407         0.893753
    N          1.064614         5.149962        48.158490         0.892864
    N          5.118305         1.528735        42.795260         0.886666
    N          0.298018         0.359552        49.604313         0.889785
    N         -0.111764         5.810871        48.452103         0.895168
    N          4.426127         7.055818        50.503200         0.886477
    N          4.342921         2.238625        48.311260         0.892971
    N          2.834506         3.977756        52.375420         0.889980
    N         -1.445639         7.046784        57.891518         0.889806
    N          2.614585         3.427770        55.116337         0.889977
    N          1.468604         5.201554        53.964123         0.895240
    N          3.979548         2.203111        53.527733         0.895151
    N          5.560289         1.595820        59.041794         0.895470
    N          1.908785         3.440775        51.478573         0.886943
    N          1.021825         0.350439        56.990593         0.886600
    N          3.540285         3.964541        56.013283         0.887007
    N          0.289076         5.858036        53.672550         0.893090
    N          1.105481         5.167993        59.182533         0.886588
    N          5.159178         1.546774        53.819305         0.892935
    N          0.338886         0.377584        60.628460         0.876211
    N         -0.070899         5.828909        59.476143         0.890712
    N          4.466993         7.073856        61.527344         0.889986
    N          4.383787         2.256663        59.335407         0.893645
    O          0.855840         4.096404        40.233227         0.944913
    O          0.448939         6.892963        45.745350         0.919570
    O          4.511441         3.272763        45.208405         0.919994
    O          2.126840         2.310374        39.999990         0.945255
    O          0.718306         1.443055        45.510070         0.916566
    O          3.240700         5.058872        45.445720         0.917581
    O          0.284264         6.772073        41.839980         0.937372
    O          1.022426         4.213872        47.356083         0.925637
    O          5.081993         0.596298        43.601650         0.925287
    O         -0.755564         5.454646        43.273872         0.928571
    O          6.122242         1.914311        42.171837         0.927187
    O          3.335369         1.852897        47.693954         0.927820
    O          4.958130         0.495334        50.724403         0.919543
    O          4.688415         5.945019        50.959780         0.916654
    O          4.385238         3.174787        49.115710         0.925886
    O          2.072132         5.535538        48.775800         0.927824
    O          0.896707         4.114435        51.257370         0.919940
    O          0.489806         6.910995        56.769390         0.919620
    O          4.552307         3.290802        56.232445         0.919945
    O          2.167706         2.328413        51.024033         0.917320
    O          0.759172         1.461093        56.534115         0.916710
    O          3.281566         5.076911        56.469760         0.917442
    O          0.325130         6.790112        52.864124         0.926182
    O          1.063292         4.231911        58.380123         0.924910
    O          5.122867         0.614329        54.625690         0.925995
    O         -0.714696         5.472677        54.297916         0.928532
    O          6.163108         1.932350        53.195877         0.928333
    O          3.376235         1.870936        58.717995         0.927833
    O          4.998996         0.513373        61.748547         0.944987
    O          4.729280         5.963057        61.983820         0.945243
    O          4.426104         3.192826        60.139750         0.937283
    O          2.112998         5.553577        59.799942         0.926676
   |---------------------------------------------------------------------------
   |--------------------------------MBD@rSCS Settings---------------------------
    Exchange-Correlation functional:   1  (PBE)
    Radius used to construct the supercell in periodic MBD calculations  20.00000 Angstrom
    Radius used to integrate dipole field in periodic MBD calculation 100.00000 Angstrom
    Radius used to integrate dipole field in periodic SCS calculation 120.00000 Angstrom
     Found mbd_scs_vacuum_axis keyword in setting file
     This keyword specifies direction of vacuum region in case of low-dimensional systems
    Default: No vacuum mbd_scs_vacuum_axis .false. .false. .false.
    For example in the case of periodic slab along xy directions the keyword
    mbd_scs_vacuum_axis .false. .false. .true. is needed to specify z as
    vacuum direction in MBD/SCS calculation.
   |---------------------------------------------------------------------------
   | Many-Body Dispersion (MBD@rsSCS) energy
   | Dynamic polarizability of unit cell alpha(iw) (bohr^3)
   | ---------------------------------------------------------------------------
   |  omega(Ha)   alpha_iso      alpha_xx       alpha_yy       alpha_zz
   |   0.000000   0.601233E+03   0.562674E+03   0.568913E+03   0.672112E+03
   |   0.039290   0.598687E+03   0.560123E+03   0.566607E+03   0.669332E+03
   |   0.118358   0.578968E+03   0.540447E+03   0.548738E+03   0.647719E+03
   |   0.198912   0.542611E+03   0.504581E+03   0.515725E+03   0.607528E+03
   |   0.282029   0.494409E+03   0.457888E+03   0.471720E+03   0.553620E+03
   |   0.368919   0.439293E+03   0.405667E+03   0.420949E+03   0.491263E+03
   |   0.461006   0.381447E+03   0.352022E+03   0.367088E+03   0.425232E+03
   |   0.560027   0.324143E+03   0.299752E+03   0.313191E+03   0.359486E+03
   |   0.668179   0.269842E+03   0.250701E+03   0.261704E+03   0.297121E+03
   |   0.788336   0.220275E+03   0.206051E+03   0.214412E+03   0.240362E+03
   |   0.924390   0.176448E+03   0.166441E+03   0.172382E+03   0.190521E+03
   |   1.081790   0.138697E+03   0.132043E+03   0.136000E+03   0.148047E+03
   |   1.268490   0.106827E+03   0.102658E+03   0.105130E+03   0.112692E+03
   |   1.496610   0.803237E+02   0.778770E+02   0.793194E+02   0.837746E+02
   |   1.785630   0.585516E+02   0.572204E+02   0.579996E+02   0.604348E+02
   |   2.169170   0.408931E+02   0.402342E+02   0.406172E+02   0.418278E+02
   |   2.710620   0.268341E+02   0.265476E+02   0.267132E+02   0.272414E+02
   |   3.545730   0.159840E+02   0.158817E+02   0.159406E+02   0.161298E+02
   |   5.027340   0.806335E+01   0.803718E+01   0.805220E+01   0.810066E+01
   |   8.448960   0.288134E+01   0.287799E+01   0.287991E+01   0.288613E+01
   |  25.451700   0.318975E+00   0.318934E+00   0.318958E+00   0.319034E+00
   | ---------------------------------------------------------------------------
   | Unit cell C6 coefficient    :       162933.56329725    hartree bohr^6
   | ---------------------------------------------------------------------------
   | Partitioned C6 (hartree bohr^6) | alpha (bohr^3)  of atom in unit cell
   | ---------------------------------------------------------------------------
   | ATOM    1  H     2.012037          2.082979
   | ATOM    2  H     2.124983          2.132133
   | ATOM    3  H     2.124632          2.132691
   | ATOM    4  H     1.789721          2.024834
   | ATOM    5  H     2.395596          2.359394
   | ATOM    6  H     2.395344          2.359361
   | ATOM    7  H     1.723089          1.957060
   | ATOM    8  H     2.139792          2.188536
   | ATOM    9  H     2.134195          2.183357
   | ATOM   10  H     1.870087          1.972448
   | ATOM   11  H     2.013520          2.046993
   | ATOM   12  H     2.011134          2.046570
   | ATOM   13  H     2.125724          2.132754
   | ATOM   14  H     2.396165          2.359837
   | ATOM   15  H     2.141157          2.189303
   | ATOM   16  H     2.012671          2.046345
   | ATOM   17  H     2.117822          2.126667
   | ATOM   18  H     2.136657          2.141429
   | ATOM   19  H     2.113977          2.124036
   | ATOM   20  H     2.397022          2.359864
   | ATOM   21  H     2.394912          2.359499
   | ATOM   22  H     2.396041          2.359187
   | ATOM   23  H     2.142578          2.189739
   | ATOM   24  H     2.135026          2.184172
   | ATOM   25  H     2.139237          2.187936
   | ATOM   26  H     2.012345          2.046051
   | ATOM   27  H     2.011140          2.046177
   | ATOM   28  H     2.013501          2.047304
   | ATOM   29  H     2.021626          2.089711
   | ATOM   30  H     1.792160          2.026428
   | ATOM   31  H     1.724854          1.957945
   | ATOM   32  H     1.875051          1.975751
   | ATOM   33  C    37.575237         10.513333
   | ATOM   34  C    39.285440         10.718305
   | ATOM   35  C    39.171045         10.700600
   | ATOM   36  C    38.640206         10.750630
   | ATOM   37  C    41.691691         11.175951
   | ATOM   38  C    41.562373         11.151913
   | ATOM   39  C    39.277676         10.717713
   | ATOM   40  C    41.691389         11.176005
   | ATOM   41  C    39.257964         10.713770
   | ATOM   42  C    39.219622         10.709004
   | ATOM   43  C    39.236992         10.709949
   | ATOM   44  C    41.676050         11.172807
   | ATOM   45  C    41.599787         11.158888
   | ATOM   46  C    41.660064         11.170113
   | ATOM   47  C    37.614835         10.519255
   | ATOM   48  C    38.683243         10.757343
   | ATOM   49  N    18.433364          6.133203
   | ATOM   50  N    18.912811          6.204764
   | ATOM   51  N    18.984471          6.225120
   | ATOM   52  N    20.906791          6.811930
   | ATOM   53  N    20.920974          6.837970
   | ATOM   54  N    21.145411          6.874821
   | ATOM   55  N    21.020563          6.703529
   | ATOM   56  N    20.662023          6.644983
   | ATOM   57  N    20.712398          6.653598
   | ATOM   58  N    21.085658          6.648323
   | ATOM   59  N    20.972778          6.630385
   | ATOM   60  N    20.917683          6.639020
   | ATOM   61  N    18.911766          6.204428
   | ATOM   62  N    21.154974          6.876528
   | ATOM   63  N    20.665293          6.645271
   | ATOM   64  N    20.977600          6.631509
   | ATOM   65  N    18.913549          6.203750
   | ATOM   66  N    18.983691          6.225118
   | ATOM   67  N    18.911593          6.204221
   | ATOM   68  N    21.164944          6.880079
   | ATOM   69  N    21.177387          6.881915
   | ATOM   70  N    20.897724          6.809153
   | ATOM   71  N    20.700328          6.652623
   | ATOM   72  N    20.671742          6.645716
   | ATOM   73  N    20.702523          6.652828
   | ATOM   74  N    20.995797          6.635244
   | ATOM   75  N    20.906087          6.636782
   | ATOM   76  N    20.983619          6.632481
   | ATOM   77  N    18.426587          6.131926
   | ATOM   78  N    20.903954          6.833567
   | ATOM   79  N    21.002874          6.698796
   | ATOM   80  N    21.070387          6.645218
   | ATOM   81  O    13.090001          4.681159
   | ATOM   82  O    12.250259          4.514889
   | ATOM   83  O    12.259555          4.515819
   | ATOM   84  O    13.304063          4.736828
   | ATOM   85  O    12.123962          4.474818
   | ATOM   86  O    12.171246          4.486780
   | ATOM   87  O    13.108097          4.713970
   | ATOM   88  O    12.740247          4.644382
   | ATOM   89  O    12.741009          4.643733
   | ATOM   90  O    13.059415          4.749157
   | ATOM   91  O    13.218457          4.799961
   | ATOM   92  O    13.082516          4.758578
   | ATOM   93  O    12.250472          4.515012
   | ATOM   94  O    12.129188          4.476603
   | ATOM   95  O    12.755827          4.648583
   | ATOM   96  O    13.084836          4.759313
   | ATOM   97  O    12.260927          4.516934
   | ATOM   98  O    12.254011          4.515370
   | ATOM   99  O    12.255933          4.515377
   | ATOM  100  O    12.153442          4.481818
   | ATOM  101  O    12.134472          4.477958
   | ATOM  102  O    12.160879          4.483674
   | ATOM  103  O    12.762938          4.649095
   | ATOM  104  O    12.732002          4.642620
   | ATOM  105  O    12.748951          4.645444
   | ATOM  106  O    13.080670          4.755303
   | ATOM  107  O    13.070983          4.752827
   | ATOM  108  O    13.060900          4.752351
   | ATOM  109  O    13.091565          4.681391
   | ATOM  110  O    13.300560          4.735770
   | ATOM  111  O    13.106954          4.714542
   | ATOM  112  O    13.231517          4.806116
   | ---------------------------------------------------------------------------
   | Creating super cell of dimension  4 X   3 X   1 in MBD calculation
   | containing  1344  atom
   | MBD@rsSCS energy   :        -0.259535147 Ha             -7.062211000 eV
