  Using        7 parallel tasks.
   |---------------------------Input Geometry-----------------------------------------
   Number of atoms  224
 
    H          3.439887         5.579731        42.451374         0.787340
    H          4.468875         5.411126        47.975475         0.820741
    H          1.926610         1.789154        42.994274         0.820481
    H          4.362726         2.847587        40.546960         0.722849
    H          5.080670         0.905914        46.067090         0.824969
    H          1.005319         4.522382        44.898690         0.825492
    H          2.226942         6.002795        41.222694         0.735926
    H         -0.919475         4.986059        46.742702         0.822896
    H          3.140736         1.366951        44.218983         0.823179
    H          4.791986         4.017508        41.833935         0.780689
    H          3.114469         6.975316        47.364113         0.814021
    H          0.574653         3.351666        43.613697         0.813721
    H          0.938794         1.977172        48.496296         0.820729
    H          0.326081         6.482014        50.402700         0.825109
    H         -0.268713         2.402384        49.729070         0.822966
    H          2.293068         0.412981        49.107660         0.813985
    H          3.480754         5.597762        53.475390         0.820652
    H          4.509747         5.429164        58.999493         0.820735
    H          1.967476         1.807192        54.018414         0.820406
    H          4.403594         2.865619        51.571100         0.825452
    H          5.121537         0.923953        57.091106         0.824933
    H          1.046185         4.540421        55.922832         0.825361
    H          2.267809         6.020826        52.246710         0.823501
    H         -0.878609         5.004097        57.766846         0.822842
    H          3.181602         1.384989        55.243126         0.823300
    H          4.832852         4.035546        52.858074         0.814236
    H          3.155343         6.993348        58.388256         0.814010
    H          0.615519         3.369705        54.637714         0.814157
    H          0.979660         1.995210        59.520435         0.820666
    H          0.366947         6.500053        61.426716         0.825020
    H         -0.227846         2.420415        60.753086         0.822893
    H          2.333934         0.431020        60.131676         0.813939
    H          3.521633         5.615801        64.501520         0.820599
    H          4.550620         5.447203        70.025620         0.820733
    H          2.008348         1.825231        65.044540         0.820405
    H          4.444465         2.883665        62.597100         0.825364
    H          5.162409         0.941992        68.117230         0.824922
    H          1.087064         4.558460        66.948830         0.825345
    H          2.308688         6.038865        63.272835         0.823438
    H         -0.837730         5.022136        68.792970         0.822834
    H          3.222481         1.403028        66.269130         0.823291
    H          4.873731         4.053585        63.884200         0.814196
    H          3.196214         7.011393        69.414250         0.814006
    H          0.656392         3.387744        65.663840         0.814149
    H          1.020532         2.013249        70.546440         0.820726
    H          0.407826         6.518092        72.452840         0.825113
    H         -0.186968         2.438461        71.779210         0.822965
    H          2.374806         0.449059        71.157800         0.813987
    H          3.562499         5.633840        75.525660         0.820658
    H          4.591486         5.465242        81.049760         0.820929
    H          2.049221         1.843270        76.068560         0.820403
    H          4.485332         2.901696        73.621240         0.825450
    H          5.203275         0.960031        79.141370         0.825073
    H          1.127930         4.576498        77.972970         0.825395
    H          2.349554         6.056903        74.296974         0.823500
    H         -0.796864         5.040175        79.816986         0.822712
    H          3.263347         1.421067        77.293270         0.823350
    H          4.914599         4.071617        74.908220         0.814236
    H          3.237081         7.029425        80.438390         0.813596
    H          0.697264         3.405782        76.687980         0.814159
    H          1.061406         2.031280        81.570580         0.788129
    H          0.448692         6.536130        83.476980         0.723315
    H         -0.146100         2.456492        82.803230         0.736478
    H          2.415672         0.467097        82.181940         0.781131
    C          2.511909         5.252589        41.966774         0.847679
    C         -1.201142         5.737978        47.486782         0.870094
    C          2.855050         2.116505        43.474903         0.869692
    C          4.053069         3.279432        41.504253         0.845755
    C          5.396676         0.478504        47.024260         0.868941
    C          1.313988         4.089887        43.941520         0.869054
    C          0.012903         1.650392        48.984990         0.870136
    C          0.010590         6.909794        49.445526         0.868911
    C          2.552775         5.270627        52.990790         0.870288
    C         -1.160274         5.756010        58.510925         0.870080
    C          2.895922         2.134544        54.499046         0.870118
    C          4.093941         3.297470        52.528267         0.869111
    C          5.437549         0.496542        58.048400         0.868929
    C          1.354862         4.107918        54.965538         0.869092
    C          0.053769         1.668430        60.009007         0.870101
    C          0.051458         6.927825        60.469543         0.868879
    C          2.593648         5.288666        64.016914         0.870261
    C         -1.119402         5.774048        69.536930         0.870079
    C          2.936795         2.152583        65.525170         0.870112
    C          4.134813         3.315509        63.554394         0.869087
    C          5.478421         0.514581        69.074400         0.868922
    C          1.395735         4.125957        65.991660         0.869083
    C          0.094648         1.686469        71.035130         0.870134
    C          0.092330         6.945864        71.495670         0.868912
    C          2.634522         5.306698        75.040930         0.870287
    C         -1.078529         5.792087        80.561066         0.869658
    C          2.977661         2.170621        76.549190         0.870123
    C          4.175679         3.333548        74.578410         0.869110
    C          5.519289         0.532613        80.098540         0.868899
    C          1.436601         4.143996        77.015680         0.869104
    C          0.135514         1.704508        82.059270         0.847980
    C          0.133196         6.963903        82.519684         0.845878
    N          2.793632         3.959724        41.351320         0.876257
    N         -1.486505         7.028745        46.867480         0.889847
    N          2.573717         3.409739        44.092346         0.889939
    N          1.427732         5.183515        42.940070         0.895427
    N          3.938683         2.185073        42.503593         0.890637
    N          5.519415         1.577788        48.017650         0.895248
    N          1.867919         3.422736        40.454430         0.890067
    N          0.980957         0.332407        45.966500         0.886511
    N          3.499417         3.946510        44.989235         0.887091
    N          0.248210         5.839998        42.648464         0.893751
    N          1.064614         5.149962        48.158430         0.892866
    N          5.118305         1.528735        42.795197         0.886665
    N          0.298018         0.359552        49.604290         0.889787
    N         -0.111764         5.810871        48.452015         0.895167
    N          4.426127         7.055818        50.503290         0.886469
    N          4.342921         2.238625        48.311237         0.892973
    N          2.834506         3.977756        52.375458         0.889979
    N         -1.445639         7.046784        57.891500         0.889825
    N          2.614585         3.427770        55.116364         0.889956
    N          1.468604         5.201554        53.964085         0.895234
    N          3.979548         2.203111        53.527733         0.895153
    N          5.560289         1.595820        59.041790         0.895243
    N          1.908785         3.440775        51.478570         0.886942
    N          1.021825         0.350439        56.990640         0.886486
    N          3.540285         3.964541        56.013252         0.886975
    N          0.289076         5.858036        53.672480         0.893087
    N          1.105481         5.167993        59.182568         0.892846
    N          5.159178         1.546774        53.819340         0.892933
    N          0.338886         0.377584        60.628433         0.889768
    N         -0.070899         5.828909        59.476160         0.895155
    N          4.466993         7.073856        61.527306         0.886471
    N          4.383787         2.256663        59.335377         0.892965
    N          2.875377         3.995802        63.401585         0.889966
    N         -1.404760         7.064823        68.917625         0.889825
    N          2.655462         3.445816        66.142490         0.889953
    N          1.509477         5.219593        64.990210         0.895233
    N          4.020428         2.221150        64.553856         0.895144
    N          5.601162         1.613858        70.067920         0.895244
    N          1.949657         3.458813        62.504696         0.886938
    N          1.062697         0.368478        68.016640         0.886476
    N          3.581157         3.982580        67.039375         0.886972
    N          0.329955         5.876075        64.698610         0.893089
    N          1.146360         5.186032        70.208694         0.892861
    N          5.200050         1.564812        64.845470         0.892919
    N          0.379765         0.395622        71.654560         0.889785
    N         -0.030026         5.846948        70.502280         0.895167
    N          4.507872         7.091895        72.553430         0.886474
    N          4.424666         2.274702        70.361500         0.892969
    N          2.916244         4.013833        74.425600         0.889978
    N         -1.363894         7.082861        79.941640         0.889805
    N          2.696330         3.463848        77.166504         0.889974
    N          1.550343         5.237631        76.014230         0.895235
    N          4.061294         2.239189        75.577870         0.895151
    N          5.642028         1.631897        81.091934         0.895470
    N          1.990531         3.476845        73.528710         0.886937
    N          1.103570         0.386516        79.040780         0.886598
    N          3.622030         4.000619        78.063390         0.887010
    N          0.370821         5.894113        75.722750         0.893088
    N          1.187226         5.204071        81.232710         0.886581
    N          5.240916         1.582851        75.869480         0.892933
    N          0.420631         0.413661        82.678570         0.876206
    N          0.010841         5.864980        81.526300         0.890710
    N          4.548739         7.109927        83.577446         0.889986
    N          4.465532         2.292741        81.385520         0.893644
    O          0.855840         4.096404        40.233276         0.944911
    O          0.448939         6.892963        45.745346         0.919567
    O          4.511441         3.272763        45.208405         0.919995
    O          2.126840         2.310374        39.999970         0.945261
    O          0.718306         1.443055        45.510056         0.916562
    O          3.240700         5.058872        45.445680         0.917576
    O          0.284264         6.772073        41.840010         0.937377
    O          1.022426         4.213872        47.356052         0.925631
    O          5.081993         0.596298        43.601665         0.925294
    O         -0.755564         5.454646        43.273846         0.928561
    O          6.122242         1.914311        42.171803         0.927180
    O          3.335369         1.852897        47.693920         0.927822
    O          4.958130         0.495334        50.724440         0.919534
    O          4.688415         5.945019        50.959736         0.916633
    O          4.385238         3.174787        49.115723         0.925889
    O          2.072132         5.535538        48.775867         0.927836
    O          0.896707         4.114435        51.257294         0.919942
    O          0.489806         6.910995        56.769363         0.919538
    O          4.552307         3.290802        56.232418         0.919910
    O          2.167706         2.328413        51.024110         0.917314
    O          0.759172         1.461093        56.534070         0.916604
    O          3.281566         5.076911        56.469822         0.917473
    O          0.325130         6.790112        52.864150         0.926169
    O          1.063292         4.231911        58.380190         0.925629
    O          5.122867         0.614329        54.625683         0.925991
    O         -0.714696         5.472677        54.297985         0.928536
    O          6.163108         1.932350        53.195942         0.928329
    O          3.376235         1.870936        58.718060         0.927811
    O          4.998996         0.513373        61.748585         0.919559
    O          4.729280         5.963057        61.983753         0.916661
    O          4.426104         3.192826        60.139740         0.925896
    O          2.112998         5.553577        59.799885         0.927823
    O          0.937578         4.132481        62.283417         0.919955
    O          0.530679         6.929033        67.795490         0.919524
    O          4.593179         3.308840        67.258545         0.919909
    O          2.208585         2.346452        62.050232         0.917329
    O          0.800051         1.479132        67.560196         0.916584
    O          3.322439         5.094949        67.495820         0.917463
    O          0.366009         6.808151        63.890152         0.926207
    O          1.104164         4.249950        69.406320         0.925631
    O          5.163738         0.632375        65.651810         0.925985
    O         -0.673824         5.490716        65.323990         0.928523
    O         -0.391773         1.950388        64.222070         0.928334
    O          3.417114         1.888974        69.744064         0.927825
    O          5.039875         0.531412        72.774580         0.919542
    O          4.770153         5.981096        73.009880         0.916645
    O          4.466977         3.210864        71.165860         0.925874
    O          2.153871         5.571616        70.826010         0.927823
    O          0.978446         4.150513        73.307556         0.919935
    O          0.571551         6.947072        78.819626         0.919621
    O          4.634045         3.326879        78.282684         0.919950
    O          2.249452         2.364483        73.074250         0.917305
    O          0.840917         1.497171        78.584335         0.916706
    O          3.363307         5.112980        78.519960         0.917451
    O          0.406875         6.826189        74.914290         0.926181
    O          1.145032         4.267981        80.430336         0.924908
    O          5.204605         0.650407        76.675830         0.925990
    O         -0.632951         5.508755        76.348130         0.928532
    O         -0.350907         1.968427        75.246086         0.928331
    O          3.457980         1.907013        80.768200         0.927826
    O          5.080742         0.549443        83.798720         0.944987
    O          4.811026         5.999135        84.034020         0.945250
    O          4.507844         3.228896        82.189880         0.937288
    O          2.194736         5.589654        81.850030         0.926663
   |---------------------------------------------------------------------------
   |--------------------------------MBD@rSCS Settings---------------------------
    Exchange-Correlation functional:   1  (PBE)
    Radius used to construct the supercell in periodic MBD calculations  20.00000 Angstrom
    Radius used to integrate dipole field in periodic MBD calculation 100.00000 Angstrom
    Radius used to integrate dipole field in periodic SCS calculation 120.00000 Angstrom
     Found mbd_scs_vacuum_axis keyword in setting file
     This keyword specifies direction of vacuum region in case of low-dimensional systems
    Default: No vacuum mbd_scs_vacuum_axis .false. .false. .false.
    For example in the case of periodic slab along xy directions the keyword
    mbd_scs_vacuum_axis .false. .false. .true. is needed to specify z as
    vacuum direction in MBD/SCS calculation.
   |---------------------------------------------------------------------------
   | Many-Body Dispersion (MBD@rsSCS) energy
   | Dynamic polarizability of unit cell alpha(iw) (bohr^3)
   | ---------------------------------------------------------------------------
   |  omega(Ha)   alpha_iso      alpha_xx       alpha_yy       alpha_zz
   |   0.000000   0.120423E+04   0.113021E+04   0.113890E+04   0.134360E+04
   |   0.039290   0.119913E+04   0.112507E+04   0.113428E+04   0.133804E+04
   |   0.118358   0.115960E+04   0.108544E+04   0.109849E+04   0.129486E+04
   |   0.198912   0.108673E+04   0.101322E+04   0.103240E+04   0.121457E+04
   |   0.282029   0.990138E+03   0.919237E+03   0.944308E+03   0.110687E+04
   |   0.368919   0.879722E+03   0.814188E+03   0.842686E+03   0.982292E+03
   |   0.461006   0.763862E+03   0.706336E+03   0.734888E+03   0.850362E+03
   |   0.560027   0.649098E+03   0.601301E+03   0.627014E+03   0.718979E+03
   |   0.668179   0.540353E+03   0.502776E+03   0.523954E+03   0.594329E+03
   |   0.788336   0.441087E+03   0.413123E+03   0.429282E+03   0.480855E+03
   |   0.924390   0.353315E+03   0.333622E+03   0.345134E+03   0.381188E+03
   |   1.081790   0.277711E+03   0.264606E+03   0.272291E+03   0.296237E+03
   |   1.268490   0.213889E+03   0.205673E+03   0.210481E+03   0.225514E+03
   |   1.496610   0.160818E+03   0.155993E+03   0.158801E+03   0.167659E+03
   |   1.785630   0.117223E+03   0.114597E+03   0.116115E+03   0.120958E+03
   |   2.169170   0.818677E+02   0.805675E+02   0.813139E+02   0.837216E+02
   |   2.710620   0.537203E+02   0.531549E+02   0.534778E+02   0.545284E+02
   |   3.545730   0.319985E+02   0.317965E+02   0.319114E+02   0.322877E+02
   |   5.027340   0.161418E+02   0.160901E+02   0.161195E+02   0.162159E+02
   |   8.448960   0.576803E+01   0.576142E+01   0.576516E+01   0.577753E+01
   |  25.451700   0.638539E+00   0.638458E+00   0.638504E+00   0.638656E+00
   | ---------------------------------------------------------------------------
   | Unit cell C6 coefficient    :       653478.42081963    hartree bohr^6
   | ---------------------------------------------------------------------------
   | Partitioned C6 (hartree bohr^6) | alpha (bohr^3)  of atom in unit cell
   | ---------------------------------------------------------------------------
   | ATOM    1  H     2.012004          2.082952
   | ATOM    2  H     2.125128          2.132242
   | ATOM    3  H     2.124575          2.132627
   | ATOM    4  H     1.790303          2.025335
   | ATOM    5  H     2.395453          2.359278
   | ATOM    6  H     2.395108          2.359200
   | ATOM    7  H     1.723108          1.957069
   | ATOM    8  H     2.139799          2.188541
   | ATOM    9  H     2.134521          2.183593
   | ATOM   10  H     1.869907          1.972304
   | ATOM   11  H     2.013545          2.047012
   | ATOM   12  H     2.011208          2.046639
   | ATOM   13  H     2.125664          2.132718
   | ATOM   14  H     2.395970          2.359695
   | ATOM   15  H     2.141193          2.189331
   | ATOM   16  H     2.012652          2.046338
   | ATOM   17  H     2.117705          2.126588
   | ATOM   18  H     2.125000          2.132146
   | ATOM   19  H     2.114038          2.124086
   | ATOM   20  H     2.396791          2.359702
   | ATOM   21  H     2.396171          2.359865
   | ATOM   22  H     2.396555          2.359627
   | ATOM   23  H     2.142570          2.189746
   | ATOM   24  H     2.139539          2.188416
   | ATOM   25  H     2.139044          2.187856
   | ATOM   26  H     2.012293          2.046020
   | ATOM   27  H     2.013528          2.046999
   | ATOM   28  H     2.013418          2.047246
   | ATOM   29  H     2.125300          2.132502
   | ATOM   30  H     2.395205          2.359293
   | ATOM   31  H     2.140769          2.189111
   | ATOM   32  H     2.012425          2.046216
   | ATOM   33  H     2.117572          2.126547
   | ATOM   34  H     2.125116          2.132245
   | ATOM   35  H     2.114099          2.124142
   | ATOM   36  H     2.396700          2.359764
   | ATOM   37  H     2.395666          2.359490
   | ATOM   38  H     2.395910          2.359188
   | ATOM   39  H     2.142298          2.189598
   | ATOM   40  H     2.139223          2.188162
   | ATOM   41  H     2.138643          2.187560
   | ATOM   42  H     2.011989          2.045823
   | ATOM   43  H     2.013490          2.046979
   | ATOM   44  H     2.013428          2.047275
   | ATOM   45  H     2.125687          2.132729
   | ATOM   46  H     2.395849          2.359624
   | ATOM   47  H     2.141087          2.189273
   | ATOM   48  H     2.012720          2.046390
   | ATOM   49  H     2.117993          2.126809
   | ATOM   50  H     2.136701          2.141454
   | ATOM   51  H     2.113937          2.124012
   | ATOM   52  H     2.396780          2.359697
   | ATOM   53  H     2.394645          2.359320
   | ATOM   54  H     2.396237          2.359352
   | ATOM   55  H     2.142203          2.189455
   | ATOM   56  H     2.135007          2.184160
   | ATOM   57  H     2.139229          2.187934
   | ATOM   58  H     2.012296          2.046022
   | ATOM   59  H     2.011228          2.046255
   | ATOM   60  H     2.013289          2.047151
   | ATOM   61  H     2.021709          2.089795
   | ATOM   62  H     1.792400          2.026642
   | ATOM   63  H     1.724597          1.957713
   | ATOM   64  H     1.874800          1.975559
   | ATOM   65  C    37.574390         10.513218
   | ATOM   66  C    39.286570         10.718473
   | ATOM   67  C    39.171256         10.700683
   | ATOM   68  C    38.641822         10.750825
   | ATOM   69  C    41.691519         11.175935
   | ATOM   70  C    41.561640         11.151781
   | ATOM   71  C    39.277967         10.717754
   | ATOM   72  C    41.690538         11.175901
   | ATOM   73  C    39.258192         10.713816
   | ATOM   74  C    39.284954         10.718292
   | ATOM   75  C    39.236618         10.709945
   | ATOM   76  C    41.675599         11.172740
   | ATOM   77  C    41.692152         11.176069
   | ATOM   78  C    41.660501         11.170188
   | ATOM   79  C    39.275103         10.717340
   | ATOM   80  C    41.684921         11.175032
   | ATOM   81  C    39.256635         10.713614
   | ATOM   82  C    39.285660         10.718445
   | ATOM   83  C    39.235216         10.709723
   | ATOM   84  C    41.671301         11.172114
   | ATOM   85  C    41.691372         11.175986
   | ATOM   86  C    41.658105         11.169804
   | ATOM   87  C    39.277604         10.717673
   | ATOM   88  C    41.690794         11.175896
   | ATOM   89  C    39.258516         10.713853
   | ATOM   90  C    39.219397         10.708958
   | ATOM   91  C    39.236213         10.709843
   | ATOM   92  C    41.675480         11.172710
   | ATOM   93  C    41.598716         11.158698
   | ATOM   94  C    41.659061         11.169950
   | ATOM   95  C    37.614565         10.519266
   | ATOM   96  C    38.683657         10.757410
   | ATOM   97  N    18.433786          6.133359
   | ATOM   98  N    18.912614          6.204694
   | ATOM   99  N    18.984506          6.225174
   | ATOM  100  N    20.906708          6.811919
   | ATOM  101  N    20.921400          6.837970
   | ATOM  102  N    21.145329          6.874839
   | ATOM  103  N    21.021154          6.703625
   | ATOM  104  N    20.661476          6.644876
   | ATOM  105  N    20.712500          6.653605
   | ATOM  106  N    21.085447          6.648282
   | ATOM  107  N    20.973016          6.630439
   | ATOM  108  N    20.917893          6.639093
   | ATOM  109  N    18.911389          6.204348
   | ATOM  110  N    21.154518          6.876444
   | ATOM  111  N    20.664439          6.645117
   | ATOM  112  N    20.977757          6.631542
   | ATOM  113  N    18.913500          6.203748
   | ATOM  114  N    18.912169          6.204696
   | ATOM  115  N    18.910834          6.204107
   | ATOM  116  N    21.165058          6.880105
   | ATOM  117  N    21.177459          6.881948
   | ATOM  118  N    21.144895          6.874673
   | ATOM  119  N    20.699929          6.652552
   | ATOM  120  N    20.662763          6.645266
   | ATOM  121  N    20.702864          6.653033
   | ATOM  122  N    20.995823          6.635270
   | ATOM  123  N    20.972674          6.630404
   | ATOM  124  N    20.983252          6.632374
   | ATOM  125  N    18.912156          6.204681
   | ATOM  126  N    21.154619          6.876463
   | ATOM  127  N    20.666048          6.645425
   | ATOM  128  N    20.977465          6.631472
   | ATOM  129  N    18.912969          6.203643
   | ATOM  130  N    18.911695          6.204548
   | ATOM  131  N    18.911217          6.204252
   | ATOM  132  N    21.164268          6.879919
   | ATOM  133  N    21.176969          6.881870
   | ATOM  134  N    21.145123          6.874803
   | ATOM  135  N    20.700597          6.652685
   | ATOM  136  N    20.661459          6.645028
   | ATOM  137  N    20.702471          6.652947
   | ATOM  138  N    20.996103          6.635320
   | ATOM  139  N    20.972399          6.630293
   | ATOM  140  N    20.983291          6.632428
   | ATOM  141  N    18.912705          6.204744
   | ATOM  142  N    21.154955          6.876566
   | ATOM  143  N    20.665132          6.645219
   | ATOM  144  N    20.977714          6.631545
   | ATOM  145  N    18.913521          6.203740
   | ATOM  146  N    18.984041          6.225238
   | ATOM  147  N    18.911965          6.204314
   | ATOM  148  N    21.164923          6.880065
   | ATOM  149  N    21.177351          6.881935
   | ATOM  150  N    20.897564          6.809175
   | ATOM  151  N    20.699593          6.652489
   | ATOM  152  N    20.671752          6.645701
   | ATOM  153  N    20.703385          6.653008
   | ATOM  154  N    20.996083          6.635331
   | ATOM  155  N    20.905620          6.636681
   | ATOM  156  N    20.983256          6.632397
   | ATOM  157  N    18.426447          6.131827
   | ATOM  158  N    20.904479          6.833661
   | ATOM  159  N    21.002982          6.698838
   | ATOM  160  N    21.070044          6.645134
   | ATOM  161  O    13.089984          4.681151
   | ATOM  162  O    12.250080          4.514835
   | ATOM  163  O    12.259841          4.515901
   | ATOM  164  O    13.304311          4.736873
   | ATOM  165  O    12.123875          4.474790
   | ATOM  166  O    12.170947          4.486703
   | ATOM  167  O    13.108406          4.714054
   | ATOM  168  O    12.739919          4.644293
   | ATOM  169  O    12.741527          4.643870
   | ATOM  170  O    13.058776          4.748995
   | ATOM  171  O    13.217841          4.799804
   | ATOM  172  O    13.082636          4.758606
   | ATOM  173  O    12.250353          4.514983
   | ATOM  174  O    12.128482          4.476422
   | ATOM  175  O    12.755994          4.648630
   | ATOM  176  O    13.085585          4.759506
   | ATOM  177  O    12.261210          4.517017
   | ATOM  178  O    12.250529          4.514968
   | ATOM  179  O    12.255987          4.515397
   | ATOM  180  O    12.152982          4.481689
   | ATOM  181  O    12.128979          4.476527
   | ATOM  182  O    12.165747          4.485343
   | ATOM  183  O    12.762345          4.648932
   | ATOM  184  O    12.740528          4.644496
   | ATOM  185  O    12.749329          4.645582
   | ATOM  186  O    13.081208          4.755462
   | ATOM  187  O    13.070889          4.752823
   | ATOM  188  O    13.082790          4.758686
   | ATOM  189  O    12.252129          4.515467
   | ATOM  190  O    12.129924          4.476795
   | ATOM  191  O    12.755494          4.648433
   | ATOM  192  O    13.085475          4.759515
   | ATOM  193  O    12.262416          4.517353
   | ATOM  194  O    12.250089          4.514852
   | ATOM  195  O    12.256166          4.515443
   | ATOM  196  O    12.154432          4.482080
   | ATOM  197  O    12.128370          4.476369
   | ATOM  198  O    12.165210          4.485195
   | ATOM  199  O    12.763491          4.649166
   | ATOM  200  O    12.740590          4.644511
   | ATOM  201  O    12.749291          4.645582
   | ATOM  202  O    13.080622          4.755328
   | ATOM  203  O    13.071578          4.753007
   | ATOM  204  O    13.083445          4.758847
   | ATOM  205  O    12.250586          4.515021
   | ATOM  206  O    12.128748          4.476475
   | ATOM  207  O    12.755081          4.648382
   | ATOM  208  O    13.084767          4.759304
   | ATOM  209  O    12.260833          4.516917
   | ATOM  210  O    12.254029          4.515364
   | ATOM  211  O    12.256121          4.515447
   | ATOM  212  O    12.152965          4.481695
   | ATOM  213  O    12.134373          4.477931
   | ATOM  214  O    12.161137          4.483752
   | ATOM  215  O    12.762910          4.649097
   | ATOM  216  O    12.731748          4.642555
   | ATOM  217  O    12.748759          4.645397
   | ATOM  218  O    13.080671          4.755300
   | ATOM  219  O    13.070778          4.752776
   | ATOM  220  O    13.060342          4.752201
   | ATOM  221  O    13.091439          4.681380
   | ATOM  222  O    13.300864          4.735857
   | ATOM  223  O    13.107224          4.714617
   | ATOM  224  O    13.231064          4.806013
   | ---------------------------------------------------------------------------
   | Creating super cell of dimension  4 X   3 X   1 in MBD calculation
   | containing  2688  atom
   | MBD@rsSCS energy   :        -0.540785966 Ha            -14.715327149 eV
