  Using        7 parallel tasks.
   |---------------------------Input Geometry-----------------------------------------
   Number of atoms   56
 
    H          3.439887         5.579731        42.451363         0.787342
    H          4.468875         5.411126        47.975437         0.820926
    H          1.926610         1.789154        42.994300         0.820483
    H          4.362726         2.847587        40.546936         0.722830
    H          5.080670         0.905914        46.067100         0.825113
    H          1.005319         4.522382        44.898724         0.825533
    H          2.226942         6.002795        41.222675         0.735913
    H         -0.919475         4.986059        46.742752         0.822756
    H          3.140736         1.366951        44.218983         0.823230
    H          4.791986         4.017508        41.834020         0.780697
    H          3.114469         6.975316        47.364098         0.813604
    H          0.574653         3.351666        43.613735         0.813733
    H          0.938794         1.977172        48.496273         0.788141
    H          0.326081         6.482014        50.402700         0.723311
    H         -0.268713         2.402384        49.729050         0.736478
    H          2.293068         0.412981        49.107613         0.781140
    C          2.511909         5.252589        41.966730         0.847675
    C         -1.201142         5.737978        47.486800         0.869661
    C          2.855050         2.116505        43.474930         0.869699
    C          4.053069         3.279432        41.504196         0.845751
    C          5.396676         0.478504        47.024270         0.868913
    C          1.313988         4.089887        43.941463         0.869074
    C          0.012903         1.650392        48.985000         0.847988
    C          0.010590         6.909794        49.445440         0.845879
    N          2.793632         3.959724        41.351387         0.876255
    N         -1.486505         7.028745        46.867455         0.889825
    N          2.573717         3.409739        44.092274         0.889961
    N          1.427732         5.183515        42.940000         0.895430
    N          3.938683         2.185073        42.503662         0.890638
    N          5.519415         1.577788        48.017735         0.895473
    N          1.867919         3.422736        40.454520         0.890069
    N          0.980957         0.332407        45.966500         0.886629
    N          3.499417         3.946510        44.989227         0.887123
    N          0.248210         5.839998        42.648470         0.893753
    N          1.064614         5.149962        48.158447         0.886581
    N          5.118305         1.528735        42.795190         0.886663
    N          0.298018         0.359552        49.604343         0.876209
    N         -0.111764         5.810871        48.452065         0.890709
    N          4.426127         7.055818        50.503210         0.889985
    N          4.342921         2.238625        48.311260         0.893650
    O          0.855840         4.096404        40.233307         0.944916
    O          0.448939         6.892963        45.745285         0.919658
    O          4.511441         3.272763        45.208350         0.920029
    O          2.126840         2.310374        39.999996         0.945268
    O          0.718306         1.443055        45.510063         0.916677
    O          3.240700         5.058872        45.445663         0.917552
    O          0.284264         6.772073        41.840020         0.937376
    O          1.022426         4.213872        47.356090         0.924903
    O          5.081993         0.596298        43.601640         0.925293
    O         -0.755564         5.454646        43.273820         0.928569
    O          6.122242         1.914311        42.171840         0.927181
    O          3.335369         1.852897        47.693916         0.927835
    O          4.958130         0.495334        50.724422         0.944987
    O          4.688415         5.945019        50.959736         0.945248
    O          4.385238         3.174787        49.115707         0.937300
    O          2.072132         5.535538        48.775790         0.926672
   |---------------------------------------------------------------------------
   |--------------------------------MBD@rSCS Settings---------------------------
    Exchange-Correlation functional:   1  (PBE)
    Radius used to construct the supercell in periodic MBD calculations  20.00000 Angstrom
    Radius used to integrate dipole field in periodic MBD calculation 100.00000 Angstrom
    Radius used to integrate dipole field in periodic SCS calculation 120.00000 Angstrom
     Found mbd_scs_vacuum_axis keyword in setting file
     This keyword specifies direction of vacuum region in case of low-dimensional systems
    Default: No vacuum mbd_scs_vacuum_axis .false. .false. .false.
    For example in the case of periodic slab along xy directions the keyword
    mbd_scs_vacuum_axis .false. .false. .true. is needed to specify z as
    vacuum direction in MBD/SCS calculation.
   |---------------------------------------------------------------------------
   | Many-Body Dispersion (MBD@rsSCS) energy
   | Dynamic polarizability of unit cell alpha(iw) (bohr^3)
   | ---------------------------------------------------------------------------
   |  omega(Ha)   alpha_iso      alpha_xx       alpha_yy       alpha_zz
   |   0.000000   0.299730E+03   0.278894E+03   0.283924E+03   0.336372E+03
   |   0.039290   0.298463E+03   0.277637E+03   0.282774E+03   0.334978E+03
   |   0.118358   0.288650E+03   0.267941E+03   0.273860E+03   0.324149E+03
   |   0.198912   0.270551E+03   0.250255E+03   0.257389E+03   0.304009E+03
   |   0.282029   0.246543E+03   0.227207E+03   0.235427E+03   0.276996E+03
   |   0.368919   0.219077E+03   0.201400E+03   0.210080E+03   0.245750E+03
   |   0.461006   0.190239E+03   0.174859E+03   0.183189E+03   0.212668E+03
   |   0.560027   0.161664E+03   0.148973E+03   0.156280E+03   0.179739E+03
   |   0.668179   0.134586E+03   0.124660E+03   0.130579E+03   0.148518E+03
   |   0.788336   0.109868E+03   0.102512E+03   0.106977E+03   0.120116E+03
   |   0.924390   0.880139E+02   0.828494E+02   0.860054E+02   0.951870E+02
   |   1.081790   0.691887E+02   0.657599E+02   0.678549E+02   0.739513E+02
   |   1.268490   0.532950E+02   0.511494E+02   0.524547E+02   0.562809E+02
   |   1.496610   0.400761E+02   0.388182E+02   0.395783E+02   0.418320E+02
   |   1.785630   0.292154E+02   0.285315E+02   0.289416E+02   0.301731E+02
   |   2.169170   0.204056E+02   0.200673E+02   0.202687E+02   0.208807E+02
   |   2.710620   0.133908E+02   0.132438E+02   0.133309E+02   0.135978E+02
   |   3.545730   0.797672E+01   0.792422E+01   0.795518E+01   0.805077E+01
   |   5.027340   0.402408E+01   0.401066E+01   0.401855E+01   0.404303E+01
   |   8.448960   0.143799E+01   0.143627E+01   0.143728E+01   0.144042E+01
   |  25.451700   0.159192E+00   0.159171E+00   0.159183E+00   0.159222E+00
   | ---------------------------------------------------------------------------
   | Unit cell C6 coefficient    :        40515.18164025    hartree bohr^6
   | ---------------------------------------------------------------------------
   | Partitioned C6 (hartree bohr^6) | alpha (bohr^3)  of atom in unit cell
   | ---------------------------------------------------------------------------
   | ATOM    1  H     2.012059          2.083000
   | ATOM    2  H     2.136505          2.141319
   | ATOM    3  H     2.124523          2.132599
   | ATOM    4  H     1.790165          2.025214
   | ATOM    5  H     2.394459          2.359105
   | ATOM    6  H     2.395297          2.359275
   | ATOM    7  H     1.722996          1.956989
   | ATOM    8  H     2.135140          2.184209
   | ATOM    9  H     2.134656          2.183641
   | ATOM   10  H     1.870059          1.972411
   | ATOM   11  H     2.011204          2.046225
   | ATOM   12  H     2.011114          2.046550
   | ATOM   13  H     2.021848          2.089883
   | ATOM   14  H     1.792259          2.026523
   | ATOM   15  H     1.724791          1.957888
   | ATOM   16  H     1.874932          1.975654
   | ATOM   17  C    37.574836         10.513278
   | ATOM   18  C    39.218913         10.708826
   | ATOM   19  C    39.171369         10.700602
   | ATOM   20  C    38.641522         10.750837
   | ATOM   21  C    41.598554         11.158695
   | ATOM   22  C    41.562162         11.151855
   | ATOM   23  C    37.615495         10.519373
   | ATOM   24  C    38.683574         10.757385
   | ATOM   25  N    18.433147          6.133107
   | ATOM   26  N    18.984509          6.225256
   | ATOM   27  N    18.984936          6.225171
   | ATOM   28  N    20.906822          6.811909
   | ATOM   29  N    20.921106          6.837934
   | ATOM   30  N    20.897225          6.809050
   | ATOM   31  N    21.020877          6.703565
   | ATOM   32  N    20.671559          6.645555
   | ATOM   33  N    20.712338          6.653441
   | ATOM   34  N    21.085364          6.648236
   | ATOM   35  N    20.905607          6.636695
   | ATOM   36  N    20.917801          6.639070
   | ATOM   37  N    18.426365          6.131804
   | ATOM   38  N    20.904459          6.833687
   | ATOM   39  N    21.002771          6.698776
   | ATOM   40  N    21.070608          6.645245
   | ATOM   41  O    13.089943          4.681145
   | ATOM   42  O    12.253978          4.515364
   | ATOM   43  O    12.259381          4.515765
   | ATOM   44  O    13.304613          4.736960
   | ATOM   45  O    12.129577          4.476285
   | ATOM   46  O    12.166602          4.485180
   | ATOM   47  O    13.108209          4.714004
   | ATOM   48  O    12.731100          4.642357
   | ATOM   49  O    12.740698          4.643615
   | ATOM   50  O    13.058962          4.749019
   | ATOM   51  O    13.217975          4.799818
   | ATOM   52  O    13.060702          4.752273
   | ATOM   53  O    13.091392          4.681350
   | ATOM   54  O    13.300842          4.735846
   | ATOM   55  O    13.107661          4.714719
   | ATOM   56  O    13.231230          4.806032
   | ---------------------------------------------------------------------------
   | Creating super cell of dimension  4 X   3 X   1 in MBD calculation
   | containing   672  atom
   | MBD@rsSCS energy   :        -0.118954742 Ha             -3.236877526 eV
